2014-11-26 09:19:38,570 [TestRunnerThread] FATAL TestProj.Classes.LogWriter - C:\Users\kennedch\Documents\GitHub\vodatest\bin\Debug\ScreenshotRequirements.xml
2014-11-26 09:19:40,433 [TestRunnerThread] ERROR TestProj.Classes.LogWriter - Screenshot requirement for method MSISDNInput not found
2014-11-26 09:19:40,872 [TestRunnerThread] INFO TestProj.Classes.LogWriter - IActivationActions_MSISDNInput executed in 2 seconds
2014-11-26 09:19:40,874 [TestRunnerThread] ERROR TestProj.Classes.LogWriter - Screenshot requirement for method UsernameInput not found
2014-11-26 09:19:41,025 [TestRunnerThread] INFO TestProj.Classes.LogWriter - IActivationActions_UsernameInput executed in 0 seconds
2014-11-26 09:19:41,027 [TestRunnerThread] ERROR TestProj.Classes.LogWriter - Screenshot requirement for method ActivationKeyInput not found
2014-11-26 09:19:41,148 [TestRunnerThread] INFO TestProj.Classes.LogWriter - IActivationActions_ActivationKeyInput executed in 0 seconds
2014-11-26 09:19:41,149 [TestRunnerThread] ERROR TestProj.Classes.LogWriter - Screenshot requirement for method AliasInput not found
2014-11-26 09:19:41,269 [TestRunnerThread] INFO TestProj.Classes.LogWriter - IActivationActions_AliasInput executed in 0 seconds
2014-11-26 09:19:41,269 [TestRunnerThread] ERROR TestProj.Classes.LogWriter - TESTCASE:ActivationFormCorrectUserDetails -> CHALLENGE ANSWER is required, but the test does not specify that it needs to be filled out. UPDATE TEST
2014-11-26 09:19:41,467 [TestRunnerThread] ERROR TestProj.Classes.LogWriter - Screenshot requirement for method ClickNext not found
2014-11-26 09:19:41,520 [TestRunnerThread] INFO TestProj.Classes.LogWriter - IActivationActions_ClickNext executed in 0 seconds
2014-11-26 09:19:41,522 [TestRunnerThread] ERROR TestProj.Classes.LogWriter - Screenshot requirement for method ValidateOTPStart not found
2014-11-26 09:19:41,903 [TestRunnerThread] ERROR TestProj.Classes.LogWriter - TESTCASE:VerifyActivationOneTimePinLandingPage -> APPLICATION BUTTONS DO NOT SHOW. TEST CANNOT BE CREATED!
2014-11-26 09:19:41,912 [TestRunnerThread] INFO TestProj.Classes.LogWriter - IActivationActions_ValidateOTPStart executed in 0 seconds
2014-11-26 09:19:42,757 [TestRunnerThread] ERROR TestProj.Classes.LogWriter - Screenshot requirement for method TestMandatoryFields not found
2014-11-26 09:19:47,831 [TestRunnerThread] INFO TestProj.Classes.LogWriter - IActivationActions_TestMandatoryFields executed in 5 seconds
2014-11-26 09:19:48,030 [TestRunnerThread] ERROR TestProj.Classes.LogWriter - Screenshot requirement for method TestInvalidActivationKey not found
2014-11-26 09:19:53,123 [TestRunnerThread] INFO TestProj.Classes.LogWriter - IActivationActions_TestInvalidActivationKey executed in 5 seconds
2014-11-26 09:19:53,194 [TestRunnerThread] ERROR TestProj.Classes.LogWriter - Screenshot requirement for method VerifyLogoAndBanner not found
2014-11-26 09:19:53,254 [TestRunnerThread] INFO TestProj.Classes.LogWriter - IActivationActions_VerifyLogoAndBanner executed in 0 seconds
2014-11-26 09:19:53,256 [TestRunnerThread] ERROR TestProj.Classes.LogWriter - Screenshot requirement for method VerifyOnlineIndicator not found
2014-11-26 09:19:53,295 [TestRunnerThread] INFO TestProj.Classes.LogWriter - IActivationActions_VerifyOnlineIndicator executed in 0 seconds
2014-11-26 09:19:53,296 [TestRunnerThread] ERROR TestProj.Classes.LogWriter - Screenshot requirement for method VerifyPageLinks not found
2014-11-26 09:19:53,369 [TestRunnerThread] INFO TestProj.Classes.LogWriter - IActivationActions_VerifyPageLinks executed in 0 seconds
2014-11-26 09:19:53,370 [TestRunnerThread] ERROR TestProj.Classes.LogWriter - Screenshot requirement for method VerifyActivationPageNextButton not found
2014-11-26 09:19:58,409 [TestRunnerThread] INFO TestProj.Classes.LogWriter - IActivationActions_VerifyActivationPageNextButton executed in 5 seconds
2014-11-26 09:19:59,288 [TestRunnerThread] ERROR TestProj.Classes.LogWriter - Screenshot requirement for method VerifyLogoAndBanner not found
2014-11-26 09:19:59,371 [TestRunnerThread] INFO TestProj.Classes.LogWriter - IActivationActions_VerifyLogoAndBanner executed in 0 seconds
2014-11-26 09:19:59,372 [TestRunnerThread] ERROR TestProj.Classes.LogWriter - Screenshot requirement for method VerifyOnlineIndicator not found
2014-11-26 09:19:59,408 [TestRunnerThread] INFO TestProj.Classes.LogWriter - IActivationActions_VerifyOnlineIndicator executed in 0 seconds
2014-11-26 09:19:59,408 [TestRunnerThread] ERROR TestProj.Classes.LogWriter - Screenshot requirement for method VerifyPageLinks not found
2014-11-26 09:19:59,472 [TestRunnerThread] INFO TestProj.Classes.LogWriter - IActivationActions_VerifyPageLinks executed in 0 seconds
2014-11-26 09:19:59,472 [TestRunnerThread] ERROR TestProj.Classes.LogWriter - Cannot check spelling and grammer automatically
2014-11-26 09:19:59,473 [TestRunnerThread] ERROR TestProj.Classes.LogWriter - Screenshot requirement for method VerifyOTPNextButton not found
2014-11-26 09:19:59,483 [TestRunnerThread] ERROR TestProj.Classes.LogWriter - TESTCASE:VerifyActivationLandingPage -> What css class is used to disable the next button?
2014-11-26 09:19:59,498 [TestRunnerThread] ERROR TestProj.Classes.LogWriter - TESTCASE:VerifyActivationLandingPage -> Cannot evaluate the color of the next button, just the css class
2014-11-26 09:19:59,498 [TestRunnerThread] ERROR TestProj.Classes.LogWriter - TESTCASE:VerifyActivationLandingPage -> Cannot evaluate the color of the text on the next button, just the css class
2014-11-26 09:19:59,499 [TestRunnerThread] INFO TestProj.Classes.LogWriter - IActivationActions_VerifyOTPNextButton executed in 0 seconds
2014-11-26 09:19:59,500 [TestRunnerThread] ERROR TestProj.Classes.LogWriter - Screenshot requirement for method VerifyResendButton not found
2014-11-26 09:19:59,510 [TestRunnerThread] ERROR TestProj.Classes.LogWriter - TESTCASE:VerifyResendButton -> What css class is used to disable the next button?
2014-11-26 09:19:59,526 [TestRunnerThread] ERROR TestProj.Classes.LogWriter - TESTCASE:VerifyActivationLandingPage -> Cannot evaluate the color of the resend button, just the css class
2014-11-26 09:19:59,526 [TestRunnerThread] ERROR TestProj.Classes.LogWriter - TESTCASE:VerifyActivationLandingPage -> Cannot evaluate the color of the text on the resend button, just the css class
2014-11-26 09:19:59,527 [TestRunnerThread] INFO TestProj.Classes.LogWriter - IActivationActions_VerifyResendButton executed in 0 seconds
2014-11-26 09:19:59,528 [TestRunnerThread] ERROR TestProj.Classes.LogWriter - Screenshot requirement for method VerifyOntTimeLable not found
2014-11-26 09:19:59,543 [TestRunnerThread] ERROR TestProj.Classes.LogWriter - TESTCASE:VerifyActivationOneTimePinLandingPage -> APPLICATION BUTTONS DO NOT SHOW. TEST CANNOT BE CREATED!
2014-11-26 09:19:59,544 [TestRunnerThread] INFO TestProj.Classes.LogWriter - IActivationActions_VerifyOntTimeLable executed in 0 seconds
2014-11-26 09:19:59,545 [TestRunnerThread] ERROR TestProj.Classes.LogWriter - Screenshot requirement for method VerifyOTPErrorMessage not found
2014-11-26 09:19:59,551 [TestRunnerThread] INFO TestProj.Classes.LogWriter - IActivationActions_VerifyOTPErrorMessage executed in 0 seconds
2014-11-26 10:23:05,691 [TestRunnerThread] FATAL TestProj.Classes.LogWriter - C:\Users\kennedch\Documents\GitHub\vodatest\bin\Debug\ScreenshotRequirements.xml
2014-11-26 10:23:06,391 [TestRunnerThread] ERROR TestProj.Classes.LogWriter - Screenshot requirement for method MSISDNInput not found
2014-11-26 10:23:06,782 [TestRunnerThread] INFO TestProj.Classes.LogWriter - IActivationActions_MSISDNInput executed in 1 seconds
2014-11-26 10:23:06,784 [TestRunnerThread] ERROR TestProj.Classes.LogWriter - Screenshot requirement for method UsernameInput not found
2014-11-26 10:23:06,930 [TestRunnerThread] INFO TestProj.Classes.LogWriter - IActivationActions_UsernameInput executed in 0 seconds
2014-11-26 10:23:06,932 [TestRunnerThread] ERROR TestProj.Classes.LogWriter - Screenshot requirement for method ActivationKeyInput not found
2014-11-26 10:23:07,058 [TestRunnerThread] INFO TestProj.Classes.LogWriter - IActivationActions_ActivationKeyInput executed in 0 seconds
2014-11-26 10:23:07,060 [TestRunnerThread] ERROR TestProj.Classes.LogWriter - Screenshot requirement for method AliasInput not found
2014-11-26 10:23:07,168 [TestRunnerThread] INFO TestProj.Classes.LogWriter - IActivationActions_AliasInput executed in 0 seconds
2014-11-26 10:23:07,169 [TestRunnerThread] ERROR TestProj.Classes.LogWriter - TESTCASE:ActivationFormCorrectUserDetails -> CHALLENGE ANSWER is required, but the test does not specify that it needs to be filled out. UPDATE TEST
2014-11-26 10:23:07,297 [TestRunnerThread] ERROR TestProj.Classes.LogWriter - Screenshot requirement for method ClickNext not found
2014-11-26 10:23:07,343 [TestRunnerThread] INFO TestProj.Classes.LogWriter - IActivationActions_ClickNext executed in 0 seconds
2014-11-26 10:23:07,344 [TestRunnerThread] ERROR TestProj.Classes.LogWriter - Screenshot requirement for method ValidateOTPStart not found
2014-11-26 10:23:07,501 [TestRunnerThread] ERROR TestProj.Classes.LogWriter - TESTCASE:VerifyActivationOneTimePinLandingPage -> APPLICATION BUTTONS DO NOT SHOW. TEST CANNOT BE CREATED!
2014-11-26 10:23:07,510 [TestRunnerThread] INFO TestProj.Classes.LogWriter - IActivationActions_ValidateOTPStart executed in 0 seconds
2014-11-26 10:23:07,631 [TestRunnerThread] ERROR TestProj.Classes.LogWriter - Screenshot requirement for method TestMandatoryFields not found
2014-11-26 10:23:12,758 [TestRunnerThread] INFO TestProj.Classes.LogWriter - IActivationActions_TestMandatoryFields executed in 5 seconds
2014-11-26 10:23:12,787 [TestRunnerThread] ERROR TestProj.Classes.LogWriter - Screenshot requirement for method TestInvalidActivationKey not found
2014-11-26 10:23:17,792 [TestRunnerThread] INFO TestProj.Classes.LogWriter - IActivationActions_TestInvalidActivationKey executed in 5 seconds
2014-11-26 10:23:17,830 [TestRunnerThread] ERROR TestProj.Classes.LogWriter - Screenshot requirement for method VerifyLogoAndBanner not found
2014-11-26 10:23:17,887 [TestRunnerThread] INFO TestProj.Classes.LogWriter - IActivationActions_VerifyLogoAndBanner executed in 0 seconds
2014-11-26 10:23:17,888 [TestRunnerThread] ERROR TestProj.Classes.LogWriter - Screenshot requirement for method VerifyOnlineIndicator not found
2014-11-26 10:23:17,928 [TestRunnerThread] INFO TestProj.Classes.LogWriter - IActivationActions_VerifyOnlineIndicator executed in 0 seconds
2014-11-26 10:23:17,930 [TestRunnerThread] ERROR TestProj.Classes.LogWriter - Screenshot requirement for method VerifyPageLinks not found
2014-11-26 10:23:18,002 [TestRunnerThread] INFO TestProj.Classes.LogWriter - IActivationActions_VerifyPageLinks executed in 0 seconds
2014-11-26 10:23:18,003 [TestRunnerThread] ERROR TestProj.Classes.LogWriter - Screenshot requirement for method VerifyActivationPageNextButton not found
2014-11-26 10:23:23,054 [TestRunnerThread] INFO TestProj.Classes.LogWriter - IActivationActions_VerifyActivationPageNextButton executed in 5 seconds
2014-11-26 10:23:30,190 [TestRunnerThread] ERROR TestProj.Classes.LogWriter - Screenshot requirement for method VerifyLogoAndBanner not found
2014-11-26 10:23:30,272 [TestRunnerThread] INFO TestProj.Classes.LogWriter - IActivationActions_VerifyLogoAndBanner executed in 0 seconds
2014-11-26 10:23:30,273 [TestRunnerThread] ERROR TestProj.Classes.LogWriter - Screenshot requirement for method VerifyOnlineIndicator not found
2014-11-26 10:23:30,309 [TestRunnerThread] INFO TestProj.Classes.LogWriter - IActivationActions_VerifyOnlineIndicator executed in 0 seconds
2014-11-26 10:23:30,310 [TestRunnerThread] ERROR TestProj.Classes.LogWriter - Screenshot requirement for method VerifyPageLinks not found
2014-11-26 10:23:30,373 [TestRunnerThread] INFO TestProj.Classes.LogWriter - IActivationActions_VerifyPageLinks executed in 0 seconds
2014-11-26 10:23:30,374 [TestRunnerThread] ERROR TestProj.Classes.LogWriter - Cannot check spelling and grammer automatically
2014-11-26 10:23:30,375 [TestRunnerThread] ERROR TestProj.Classes.LogWriter - Screenshot requirement for method VerifyOTPNextButton not found
2014-11-26 10:23:30,384 [TestRunnerThread] ERROR TestProj.Classes.LogWriter - TESTCASE:VerifyActivationLandingPage -> What css class is used to disable the next button?
2014-11-26 10:23:30,400 [TestRunnerThread] ERROR TestProj.Classes.LogWriter - TESTCASE:VerifyActivationLandingPage -> Cannot evaluate the color of the next button, just the css class
2014-11-26 10:23:30,400 [TestRunnerThread] ERROR TestProj.Classes.LogWriter - TESTCASE:VerifyActivationLandingPage -> Cannot evaluate the color of the text on the next button, just the css class
2014-11-26 10:23:30,401 [TestRunnerThread] INFO TestProj.Classes.LogWriter - IActivationActions_VerifyOTPNextButton executed in 0 seconds
2014-11-26 10:23:30,402 [TestRunnerThread] ERROR TestProj.Classes.LogWriter - Screenshot requirement for method VerifyResendButton not found
2014-11-26 10:23:30,417 [TestRunnerThread] ERROR TestProj.Classes.LogWriter - TESTCASE:VerifyResendButton -> What css class is used to disable the next button?
2014-11-26 10:23:30,432 [TestRunnerThread] ERROR TestProj.Classes.LogWriter - TESTCASE:VerifyActivationLandingPage -> Cannot evaluate the color of the resend button, just the css class
2014-11-26 10:23:30,433 [TestRunnerThread] ERROR TestProj.Classes.LogWriter - TESTCASE:VerifyActivationLandingPage -> Cannot evaluate the color of the text on the resend button, just the css class
2014-11-26 10:23:30,433 [TestRunnerThread] INFO TestProj.Classes.LogWriter - IActivationActions_VerifyResendButton executed in 0 seconds
2014-11-26 10:23:30,434 [TestRunnerThread] ERROR TestProj.Classes.LogWriter - Screenshot requirement for method VerifyOntTimeLable not found
2014-11-26 10:23:30,450 [TestRunnerThread] ERROR TestProj.Classes.LogWriter - TESTCASE:VerifyActivationOneTimePinLandingPage -> APPLICATION BUTTONS DO NOT SHOW. TEST CANNOT BE CREATED!
2014-11-26 10:23:30,450 [TestRunnerThread] INFO TestProj.Classes.LogWriter - IActivationActions_VerifyOntTimeLable executed in 0 seconds
2014-11-26 10:23:30,452 [TestRunnerThread] ERROR TestProj.Classes.LogWriter - Screenshot requirement for method VerifyOTPErrorMessage not found
2014-11-26 10:23:30,458 [TestRunnerThread] INFO TestProj.Classes.LogWriter - IActivationActions_VerifyOTPErrorMessage executed in 0 seconds
2014-11-26 10:38:43,296 [TestRunnerThread] FATAL TestProj.Classes.LogWriter - C:\Users\kennedch\Documents\GitHub\vodatest\bin\Debug\ScreenshotRequirements.xml
2014-11-26 10:38:43,958 [TestRunnerThread] ERROR TestProj.Classes.LogWriter - Screenshot requirement for method MSISDNInput not found
2014-11-26 10:38:44,280 [TestRunnerThread] INFO TestProj.Classes.LogWriter - IActivationActions_MSISDNInput executed in 1 seconds
2014-11-26 10:38:44,282 [TestRunnerThread] ERROR TestProj.Classes.LogWriter - Screenshot requirement for method UsernameInput not found
2014-11-26 10:38:44,396 [TestRunnerThread] INFO TestProj.Classes.LogWriter - IActivationActions_UsernameInput executed in 0 seconds
2014-11-26 10:38:44,397 [TestRunnerThread] ERROR TestProj.Classes.LogWriter - Screenshot requirement for method ActivationKeyInput not found
2014-11-26 10:38:44,503 [TestRunnerThread] INFO TestProj.Classes.LogWriter - IActivationActions_ActivationKeyInput executed in 0 seconds
2014-11-26 10:38:44,505 [TestRunnerThread] ERROR TestProj.Classes.LogWriter - Screenshot requirement for method AliasInput not found
2014-11-26 10:38:44,611 [TestRunnerThread] INFO TestProj.Classes.LogWriter - IActivationActions_AliasInput executed in 0 seconds
2014-11-26 10:38:44,611 [TestRunnerThread] ERROR TestProj.Classes.LogWriter - TESTCASE:ActivationFormCorrectUserDetails -> CHALLENGE ANSWER is required, but the test does not specify that it needs to be filled out. UPDATE TEST
2014-11-26 10:38:44,720 [TestRunnerThread] ERROR TestProj.Classes.LogWriter - Screenshot requirement for method ClickNext not found
2014-11-26 10:38:44,765 [TestRunnerThread] INFO TestProj.Classes.LogWriter - IActivationActions_ClickNext executed in 0 seconds
2014-11-26 10:38:44,766 [TestRunnerThread] ERROR TestProj.Classes.LogWriter - Screenshot requirement for method ValidateOTPStart not found
2014-11-26 10:38:45,455 [TestRunnerThread] ERROR TestProj.Classes.LogWriter - TESTCASE:VerifyActivationOneTimePinLandingPage -> APPLICATION BUTTONS DO NOT SHOW. TEST CANNOT BE CREATED!
2014-11-26 10:38:45,464 [TestRunnerThread] INFO TestProj.Classes.LogWriter - IActivationActions_ValidateOTPStart executed in 0 seconds
2014-11-26 10:41:30,404 [TestRunnerThread] FATAL TestProj.Classes.LogWriter - C:\Users\kennedch\Documents\GitHub\vodatest\bin\Debug\ScreenshotRequirements.xml
2014-11-26 10:41:31,108 [TestRunnerThread] ERROR TestProj.Classes.LogWriter - Screenshot requirement for method MSISDNInput not found
2014-11-26 10:41:31,474 [TestRunnerThread] INFO TestProj.Classes.LogWriter - IActivationActions_MSISDNInput executed in 1 seconds
2014-11-26 10:41:31,476 [TestRunnerThread] ERROR TestProj.Classes.LogWriter - Screenshot requirement for method UsernameInput not found
2014-11-26 10:41:31,593 [TestRunnerThread] INFO TestProj.Classes.LogWriter - IActivationActions_UsernameInput executed in 0 seconds
2014-11-26 10:41:31,594 [TestRunnerThread] ERROR TestProj.Classes.LogWriter - Screenshot requirement for method ActivationKeyInput not found
2014-11-26 10:41:31,701 [TestRunnerThread] INFO TestProj.Classes.LogWriter - IActivationActions_ActivationKeyInput executed in 0 seconds
2014-11-26 10:41:31,702 [TestRunnerThread] ERROR TestProj.Classes.LogWriter - Screenshot requirement for method AliasInput not found
2014-11-26 10:41:31,808 [TestRunnerThread] INFO TestProj.Classes.LogWriter - IActivationActions_AliasInput executed in 0 seconds
2014-11-26 10:41:31,808 [TestRunnerThread] ERROR TestProj.Classes.LogWriter - TESTCASE:ActivationFormCorrectUserDetails -> CHALLENGE ANSWER is required, but the test does not specify that it needs to be filled out. UPDATE TEST
2014-11-26 10:41:31,935 [TestRunnerThread] ERROR TestProj.Classes.LogWriter - Screenshot requirement for method ClickNext not found
2014-11-26 10:41:31,979 [TestRunnerThread] INFO TestProj.Classes.LogWriter - IActivationActions_ClickNext executed in 0 seconds
2014-11-26 10:41:31,980 [TestRunnerThread] ERROR TestProj.Classes.LogWriter - Screenshot requirement for method ValidateOTPStart not found
2014-11-26 10:41:32,649 [TestRunnerThread] ERROR TestProj.Classes.LogWriter - TESTCASE:VerifyActivationOneTimePinLandingPage -> APPLICATION BUTTONS DO NOT SHOW. TEST CANNOT BE CREATED!
2014-11-26 10:41:32,656 [TestRunnerThread] INFO TestProj.Classes.LogWriter - IActivationActions_ValidateOTPStart executed in 0 seconds
2014-11-26 10:54:04,968 [TestRunnerThread] INFO TestProj.Classes.LogWriter - execute CorrectOneTimePinAndApplicationOffline
2014-11-26 10:54:20,111 [TestRunnerThread] FATAL TestProj.Classes.LogWriter - C:\Users\kennedch\Documents\GitHub\vodatest\bin\Debug\ScreenshotRequirements.xml
2014-11-26 10:54:20,739 [TestRunnerThread] ERROR TestProj.Classes.LogWriter - Screenshot requirement for method MSISDNInput not found
2014-11-26 10:54:22,182 [TestRunnerThread] INFO TestProj.Classes.LogWriter - IActivationActions_MSISDNInput executed in 2 seconds
2014-11-26 10:54:22,184 [TestRunnerThread] ERROR TestProj.Classes.LogWriter - Screenshot requirement for method UsernameInput not found
2014-11-26 10:54:22,296 [TestRunnerThread] INFO TestProj.Classes.LogWriter - IActivationActions_UsernameInput executed in 0 seconds
2014-11-26 10:54:22,297 [TestRunnerThread] ERROR TestProj.Classes.LogWriter - Screenshot requirement for method ActivationKeyInput not found
2014-11-26 10:54:22,408 [TestRunnerThread] INFO TestProj.Classes.LogWriter - IActivationActions_ActivationKeyInput executed in 0 seconds
2014-11-26 10:54:22,409 [TestRunnerThread] ERROR TestProj.Classes.LogWriter - Screenshot requirement for method AliasInput not found
2014-11-26 10:54:22,517 [TestRunnerThread] INFO TestProj.Classes.LogWriter - IActivationActions_AliasInput executed in 0 seconds
2014-11-26 10:54:22,517 [TestRunnerThread] ERROR TestProj.Classes.LogWriter - TESTCASE:ActivationFormCorrectUserDetails -> CHALLENGE ANSWER is required, but the test does not specify that it needs to be filled out. UPDATE TEST
2014-11-26 10:54:22,646 [TestRunnerThread] ERROR TestProj.Classes.LogWriter - Screenshot requirement for method ClickNext not found
2014-11-26 10:54:22,691 [TestRunnerThread] INFO TestProj.Classes.LogWriter - IActivationActions_ClickNext executed in 0 seconds
2014-11-26 10:54:22,692 [TestRunnerThread] ERROR TestProj.Classes.LogWriter - Screenshot requirement for method ValidateOTPStart not found
2014-11-26 10:54:23,722 [TestRunnerThread] ERROR TestProj.Classes.LogWriter - TESTCASE:VerifyActivationOneTimePinLandingPage -> APPLICATION BUTTONS DO NOT SHOW. TEST CANNOT BE CREATED!
2014-11-26 10:54:23,733 [TestRunnerThread] INFO TestProj.Classes.LogWriter - IActivationActions_ValidateOTPStart executed in 1 seconds
2014-11-26 10:55:22,464 [TestRunnerThread] INFO TestProj.Classes.LogWriter - execute CorrectOneTimePinAndApplicationOffline
2014-11-26 10:56:25,521 [TestRunnerThread] INFO TestProj.Classes.LogWriter - execute CorrectOneTimePinAndApplicationOffline
2014-11-26 10:57:53,373 [TestRunnerThread] INFO TestProj.Classes.LogWriter - execute CorrectOneTimePinAndApplicationOffline
2014-11-26 11:00:49,404 [TestRunnerThread] INFO TestProj.Classes.LogWriter - execute CorrectOneTimePinAndApplicationOffline
2014-11-26 11:00:57,083 [TestRunnerThread] INFO TestProj.Classes.LogWriter - About to enter OTP
2014-11-26 11:02:44,165 [TestRunnerThread] INFO TestProj.Classes.LogWriter - execute CorrectOneTimePinAndApplicationOffline
2014-11-26 11:02:56,337 [TestRunnerThread] INFO TestProj.Classes.LogWriter - About to enter OTP
2014-11-26 11:03:51,755 [TestRunnerThread] INFO TestProj.Classes.LogWriter - execute CorrectOneTimePinAndApplicationOffline
2014-11-26 11:04:12,759 [TestRunnerThread] INFO TestProj.Classes.LogWriter - About to enter OTP
2014-11-26 11:04:12,759 [TestRunnerThread] INFO TestProj.Classes.LogWriter - OTP entered
2014-11-26 11:05:02,037 [TestRunnerThread] INFO TestProj.Classes.LogWriter - execute CorrectOneTimePinAndApplicationOffline
2014-11-26 11:05:09,864 [TestRunnerThread] INFO TestProj.Classes.LogWriter - About to enter OTP
2014-11-26 11:07:25,674 [TestRunnerThread] INFO TestProj.Classes.LogWriter - execute CorrectOneTimePinAndApplicationOffline
2014-11-26 11:07:30,457 [TestRunnerThread] INFO TestProj.Classes.LogWriter - About to enter OTP
2014-11-26 11:33:42,225 [TestRunnerThread] INFO TestProj.Classes.LogWriter - execute CorrectOneTimePinAndApplicationOffline
2014-11-26 11:33:51,728 [TestRunnerThread] INFO TestProj.Classes.LogWriter - About to enter OTP
2014-11-26 11:33:52,577 [TestRunnerThread] INFO TestProj.Classes.LogWriter - OTP entered
2014-11-26 11:35:26,044 [TestRunnerThread] INFO TestProj.Classes.LogWriter - execute CorrectOneTimePinAndApplicationOffline
2014-11-26 11:35:34,355 [TestRunnerThread] INFO TestProj.Classes.LogWriter - About to enter OTP
2014-11-26 11:35:54,747 [TestRunnerThread] FATAL TestProj.Classes.LogWriter - C:\Users\kennedch\Documents\GitHub\vodatest\bin\Debug\ScreenshotRequirements.xml
2014-11-26 11:35:55,384 [TestRunnerThread] ERROR TestProj.Classes.LogWriter - Screenshot requirement for method ClickNext not found
2014-11-26 11:36:00,479 [TestRunnerThread] INFO TestProj.Classes.LogWriter - IActivationActions_ClickNext executed in 5 seconds
2014-11-26 12:02:02,557 [TestRunnerThread] ERROR TestProj.Classes.LogWriter - TESTCASE:CorrectOneTimePinAndApplicationOffline -> Cannot simulate the off-line status as the browser will allways be online
2014-11-26 12:02:02,607 [TestRunnerThread] FATAL TestProj.Classes.LogWriter - C:\Users\kennedch\Documents\GitHub\vodatest\bin\Debug\ScreenshotRequirements.xml
2014-11-26 12:02:03,250 [TestRunnerThread] ERROR TestProj.Classes.LogWriter - Screenshot requirement for method ClickNext not found
2014-11-26 12:02:08,334 [TestRunnerThread] INFO TestProj.Classes.LogWriter - IActivationActions_ClickNext executed in 5 seconds
2014-11-26 12:42:27,643 [TestRunnerThread] ERROR TestProj.Classes.LogWriter - Screenshot requirement for method EnterAndVerifyOTPValue not found
2014-11-26 12:42:28,082 [TestRunnerThread] INFO TestProj.Classes.LogWriter - IActivationActions_EnterAndVerifyOTPValue executed in 1 seconds
2014-11-26 12:42:28,085 [TestRunnerThread] ERROR TestProj.Classes.LogWriter - Screenshot requirement for method ClickNext not found
2014-11-26 12:42:33,177 [TestRunnerThread] INFO TestProj.Classes.LogWriter - IActivationActions_ClickNext executed in 5 seconds
2014-11-26 12:43:18,735 [TestRunnerThread] ERROR TestProj.Classes.LogWriter - Screenshot requirement for method EnterAndVerifyOTPValue not found
2014-11-26 12:43:18,964 [TestRunnerThread] INFO TestProj.Classes.LogWriter - IActivationActions_EnterAndVerifyOTPValue executed in 0 seconds
2014-11-26 12:43:18,965 [TestRunnerThread] ERROR TestProj.Classes.LogWriter - Screenshot requirement for method ClickNext not found
2014-11-26 12:43:24,051 [TestRunnerThread] INFO TestProj.Classes.LogWriter - IActivationActions_ClickNext executed in 5 seconds
2014-11-26 12:45:47,834 [TestRunnerThread] ERROR TestProj.Classes.LogWriter - Screenshot requirement for method MSISDNInput not found
2014-11-26 12:45:48,241 [TestRunnerThread] INFO TestProj.Classes.LogWriter - IActivationActions_MSISDNInput executed in 0 seconds
2014-11-26 12:45:48,243 [TestRunnerThread] ERROR TestProj.Classes.LogWriter - Screenshot requirement for method UsernameInput not found
2014-11-26 12:45:48,365 [TestRunnerThread] INFO TestProj.Classes.LogWriter - IActivationActions_UsernameInput executed in 0 seconds
2014-11-26 12:45:48,367 [TestRunnerThread] ERROR TestProj.Classes.LogWriter - Screenshot requirement for method ActivationKeyInput not found
2014-11-26 12:45:48,462 [TestRunnerThread] INFO TestProj.Classes.LogWriter - IActivationActions_ActivationKeyInput executed in 0 seconds
2014-11-26 12:45:48,463 [TestRunnerThread] ERROR TestProj.Classes.LogWriter - Screenshot requirement for method AliasInput not found
2014-11-26 12:45:48,574 [TestRunnerThread] INFO TestProj.Classes.LogWriter - IActivationActions_AliasInput executed in 0 seconds
2014-11-26 12:45:48,575 [TestRunnerThread] ERROR TestProj.Classes.LogWriter - TESTCASE:ActivationFormCorrectUserDetails -> CHALLENGE ANSWER is required, but the test does not specify that it needs to be filled out. UPDATE TEST
2014-11-26 12:45:48,700 [TestRunnerThread] ERROR TestProj.Classes.LogWriter - Screenshot requirement for method ClickNext not found
2014-11-26 12:45:48,743 [TestRunnerThread] INFO TestProj.Classes.LogWriter - IActivationActions_ClickNext executed in 0 seconds
2014-11-26 12:45:48,744 [TestRunnerThread] ERROR TestProj.Classes.LogWriter - Screenshot requirement for method ValidateOTPStart not found
2014-11-26 12:45:49,053 [TestRunnerThread] ERROR TestProj.Classes.LogWriter - TESTCASE:VerifyActivationOneTimePinLandingPage -> APPLICATION BUTTONS DO NOT SHOW. TEST CANNOT BE CREATED!
2014-11-26 12:45:49,071 [TestRunnerThread] INFO TestProj.Classes.LogWriter - IActivationActions_ValidateOTPStart executed in 0 seconds
2014-11-26 12:45:49,180 [TestRunnerThread] ERROR TestProj.Classes.LogWriter - Screenshot requirement for method TestMandatoryFields not found
2014-11-26 12:45:54,325 [TestRunnerThread] INFO TestProj.Classes.LogWriter - IActivationActions_TestMandatoryFields executed in 5 seconds
2014-11-26 12:45:54,338 [TestRunnerThread] ERROR TestProj.Classes.LogWriter - Screenshot requirement for method TestInvalidActivationKey not found
2014-11-26 12:45:59,393 [TestRunnerThread] INFO TestProj.Classes.LogWriter - IActivationActions_TestInvalidActivationKey executed in 5 seconds
2014-11-26 12:46:00,671 [TestRunnerThread] ERROR TestProj.Classes.LogWriter - Screenshot requirement for method EnterAndVerifyOTPValue not found
2014-11-26 12:46:00,824 [TestRunnerThread] INFO TestProj.Classes.LogWriter - IActivationActions_EnterAndVerifyOTPValue executed in 0 seconds
2014-11-26 12:46:00,824 [TestRunnerThread] ERROR TestProj.Classes.LogWriter - Screenshot requirement for method ClickNext not found
2014-11-26 12:46:05,908 [TestRunnerThread] INFO TestProj.Classes.LogWriter - IActivationActions_ClickNext executed in 5 seconds
2014-11-26 12:46:06,066 [TestRunnerThread] ERROR TestProj.Classes.LogWriter - Screenshot requirement for method VerifyLogoAndBanner not found
2014-11-26 12:46:06,256 [TestRunnerThread] INFO TestProj.Classes.LogWriter - IActivationActions_VerifyLogoAndBanner executed in 0 seconds
2014-11-26 12:46:06,258 [TestRunnerThread] ERROR TestProj.Classes.LogWriter - Screenshot requirement for method VerifyOnlineIndicator not found
2014-11-26 12:46:06,304 [TestRunnerThread] INFO TestProj.Classes.LogWriter - IActivationActions_VerifyOnlineIndicator executed in 0 seconds
2014-11-26 12:46:06,306 [TestRunnerThread] ERROR TestProj.Classes.LogWriter - Screenshot requirement for method VerifyPageLinks not found
2014-11-26 12:46:06,370 [TestRunnerThread] INFO TestProj.Classes.LogWriter - IActivationActions_VerifyPageLinks executed in 0 seconds
2014-11-26 12:46:06,372 [TestRunnerThread] ERROR TestProj.Classes.LogWriter - Screenshot requirement for method VerifyActivationPageNextButton not found
2014-11-26 12:46:06,381 [TestRunnerThread] ERROR TestProj.Classes.LogWriter - TESTCASE:VerifyActivationLandingPage -> What css class is used to disable the next button?
2014-11-26 12:46:06,396 [TestRunnerThread] ERROR TestProj.Classes.LogWriter - TESTCASE:VerifyActivationLandingPage -> Cannot evaluate the color of the next button, just the css class
2014-11-26 12:46:06,397 [TestRunnerThread] ERROR TestProj.Classes.LogWriter - TESTCASE:VerifyActivationLandingPage -> Cannot evaluate the color of the text on the next button, just the css class
2014-11-26 12:46:06,397 [TestRunnerThread] INFO TestProj.Classes.LogWriter - IActivationActions_VerifyActivationPageNextButton executed in 0 seconds
2014-11-26 12:46:06,398 [TestRunnerThread] ERROR TestProj.Classes.LogWriter - Screenshot requirement for method VerifyFieldExist not found
2014-11-26 12:46:06,446 [TestRunnerThread] ERROR TestProj.Classes.LogWriter - TESTCASE:VerifyActivationLandingPage -> Two extra fields found on the screen, challengeQuestion and challengeAnswer.
2014-11-26 12:46:06,446 [TestRunnerThread] ERROR TestProj.Classes.LogWriter - TESTCASE:VerifyActivationLandingPage -> APPLICATION BUTTONS DO NOT SHOW. TEST CANNOT BE CREATED!
2014-11-26 12:46:06,446 [TestRunnerThread] INFO TestProj.Classes.LogWriter - IActivationActions_VerifyFieldExist executed in 0 seconds
2014-11-26 12:46:06,481 [TestRunnerThread] ERROR TestProj.Classes.LogWriter - Screenshot requirement for method VerifyLogoAndBanner not found
2014-11-26 12:46:06,533 [TestRunnerThread] INFO TestProj.Classes.LogWriter - IActivationActions_VerifyLogoAndBanner executed in 0 seconds
2014-11-26 12:46:06,534 [TestRunnerThread] ERROR TestProj.Classes.LogWriter - Screenshot requirement for method VerifyOnlineIndicator not found
2014-11-26 12:46:06,565 [TestRunnerThread] INFO TestProj.Classes.LogWriter - IActivationActions_VerifyOnlineIndicator executed in 0 seconds
2014-11-26 12:46:06,565 [TestRunnerThread] ERROR TestProj.Classes.LogWriter - Screenshot requirement for method VerifyPageLinks not found
2014-11-26 12:46:06,611 [TestRunnerThread] INFO TestProj.Classes.LogWriter - IActivationActions_VerifyPageLinks executed in 0 seconds
2014-11-26 12:46:06,611 [TestRunnerThread] ERROR TestProj.Classes.LogWriter - Cannot check spelling and grammer automatically
2014-11-26 12:46:06,612 [TestRunnerThread] ERROR TestProj.Classes.LogWriter - Screenshot requirement for method VerifyOTPNextButton not found
2014-11-26 12:46:06,622 [TestRunnerThread] ERROR TestProj.Classes.LogWriter - TESTCASE:VerifyActivationLandingPage -> What css class is used to disable the next button?
2014-11-26 12:46:06,637 [TestRunnerThread] ERROR TestProj.Classes.LogWriter - TESTCASE:VerifyActivationLandingPage -> Cannot evaluate the color of the next button, just the css class
2014-11-26 12:46:06,638 [TestRunnerThread] ERROR TestProj.Classes.LogWriter - TESTCASE:VerifyActivationLandingPage -> Cannot evaluate the color of the text on the next button, just the css class
2014-11-26 12:46:06,638 [TestRunnerThread] INFO TestProj.Classes.LogWriter - IActivationActions_VerifyOTPNextButton executed in 0 seconds
2014-11-26 12:46:06,639 [TestRunnerThread] ERROR TestProj.Classes.LogWriter - Screenshot requirement for method VerifyResendButton not found
2014-11-26 12:46:06,649 [TestRunnerThread] ERROR TestProj.Classes.LogWriter - TESTCASE:VerifyResendButton -> What css class is used to disable the next button?
2014-11-26 12:46:06,664 [TestRunnerThread] ERROR TestProj.Classes.LogWriter - TESTCASE:VerifyActivationLandingPage -> Cannot evaluate the color of the resend button, just the css class
2014-11-26 12:46:06,664 [TestRunnerThread] ERROR TestProj.Classes.LogWriter - TESTCASE:VerifyActivationLandingPage -> Cannot evaluate the color of the text on the resend button, just the css class
2014-11-26 12:46:06,665 [TestRunnerThread] INFO TestProj.Classes.LogWriter - IActivationActions_VerifyResendButton executed in 0 seconds
2014-11-26 12:46:06,666 [TestRunnerThread] ERROR TestProj.Classes.LogWriter - Screenshot requirement for method VerifyOntTimeLable not found
2014-11-26 12:46:06,682 [TestRunnerThread] ERROR TestProj.Classes.LogWriter - TESTCASE:VerifyActivationOneTimePinLandingPage -> APPLICATION BUTTONS DO NOT SHOW. TEST CANNOT BE CREATED!
2014-11-26 12:46:06,683 [TestRunnerThread] INFO TestProj.Classes.LogWriter - IActivationActions_VerifyOntTimeLable executed in 0 seconds
2014-11-26 12:46:06,684 [TestRunnerThread] ERROR TestProj.Classes.LogWriter - Screenshot requirement for method VerifyOTPErrorMessage not found
2014-11-26 12:46:06,690 [TestRunnerThread] INFO TestProj.Classes.LogWriter - IActivationActions_VerifyOTPErrorMessage executed in 0 seconds
2014-11-26 12:47:23,237 [TestRunnerThread] ERROR TestProj.Classes.LogWriter - Screenshot requirement for method EnterAndVerifyOTPValue not found
2014-11-26 12:47:23,291 [TestRunnerThread] INFO TestProj.Classes.LogWriter - IActivationActions_EnterAndVerifyOTPValue executed in 0 seconds
2014-11-26 13:04:40,067 [TestRunnerThread] ERROR TestProj.Classes.LogWriter - Screenshot requirement for method EnterAndVerifyOTPValue not found
2014-11-26 13:04:42,004 [TestRunnerThread] INFO TestProj.Classes.LogWriter - IActivationActions_EnterAndVerifyOTPValue executed in 7 seconds
2014-11-26 13:04:42,021 [TestRunnerThread] ERROR TestProj.Classes.LogWriter - Screenshot requirement for method ClickNext not found
2014-11-26 13:04:47,099 [TestRunnerThread] INFO TestProj.Classes.LogWriter - IActivationActions_ClickNext executed in 5 seconds
2014-11-26 13:18:16,359 [TestRunnerThread] ERROR TestProj.Classes.LogWriter - Screenshot requirement for method EnterAndVerifyOTPValue not found
2014-11-26 13:18:17,026 [TestRunnerThread] INFO TestProj.Classes.LogWriter - IActivationActions_EnterAndVerifyOTPValue executed in 2 seconds
2014-11-26 13:18:17,026 [TestRunnerThread] ERROR TestProj.Classes.LogWriter - Screenshot requirement for method ClickNext not found
2014-11-26 13:18:17,129 [TestRunnerThread] INFO TestProj.Classes.LogWriter - IActivationActions_ClickNext executed in 0 seconds
2014-11-26 13:18:17,130 [TestRunnerThread] ERROR TestProj.Classes.LogWriter - This error is not displayed due to browser always online --> O1-2-6 – You are not online. Please check your connectivity and try again
2014-11-26 13:18:17,144 [TestRunnerThread] ERROR TestProj.Classes.LogWriter - TESTCASE:CorrectOneTimePinAndApplicationOffline -> Cannot simulate the off-line status as the browser will allways be online
2014-11-26 13:20:05,479 [TestRunnerThread] ERROR TestProj.Classes.LogWriter - Screenshot requirement for method MSISDNInput not found
2014-11-26 13:20:07,246 [TestRunnerThread] INFO TestProj.Classes.LogWriter - IActivationActions_MSISDNInput executed in 1 seconds
2014-11-26 13:20:07,249 [TestRunnerThread] ERROR TestProj.Classes.LogWriter - Screenshot requirement for method UsernameInput not found
2014-11-26 13:20:07,513 [TestRunnerThread] INFO TestProj.Classes.LogWriter - IActivationActions_UsernameInput executed in 0 seconds
2014-11-26 13:20:07,516 [TestRunnerThread] ERROR TestProj.Classes.LogWriter - Screenshot requirement for method ActivationKeyInput not found
2014-11-26 13:20:07,731 [TestRunnerThread] INFO TestProj.Classes.LogWriter - IActivationActions_ActivationKeyInput executed in 0 seconds
2014-11-26 13:20:07,733 [TestRunnerThread] ERROR TestProj.Classes.LogWriter - Screenshot requirement for method AliasInput not found
2014-11-26 13:20:08,078 [TestRunnerThread] INFO TestProj.Classes.LogWriter - IActivationActions_AliasInput executed in 0 seconds
2014-11-26 13:20:08,078 [TestRunnerThread] ERROR TestProj.Classes.LogWriter - TESTCASE:ActivationFormCorrectUserDetails -> CHALLENGE ANSWER is required, but the test does not specify that it needs to be filled out. UPDATE TEST
2014-11-26 13:20:08,219 [TestRunnerThread] ERROR TestProj.Classes.LogWriter - Screenshot requirement for method ClickNext not found
2014-11-26 13:20:13,292 [TestRunnerThread] INFO TestProj.Classes.LogWriter - IActivationActions_ClickNext executed in 5 seconds
2014-11-26 13:20:13,980 [TestRunnerThread] ERROR TestProj.Classes.LogWriter - Screenshot requirement for method TestMandatoryFields not found
2014-11-26 13:20:19,568 [TestRunnerThread] INFO TestProj.Classes.LogWriter - IActivationActions_TestMandatoryFields executed in 5 seconds
2014-11-26 13:20:19,599 [TestRunnerThread] ERROR TestProj.Classes.LogWriter - Screenshot requirement for method TestInvalidActivationKey not found
2014-11-26 13:20:24,679 [TestRunnerThread] INFO TestProj.Classes.LogWriter - IActivationActions_TestInvalidActivationKey executed in 5 seconds
2014-11-26 13:20:25,189 [TestRunnerThread] ERROR TestProj.Classes.LogWriter - Screenshot requirement for method EnterAndVerifyOTPValue not found
2014-11-26 13:20:25,417 [TestRunnerThread] INFO TestProj.Classes.LogWriter - IActivationActions_EnterAndVerifyOTPValue executed in 0 seconds
2014-11-26 13:20:25,417 [TestRunnerThread] ERROR TestProj.Classes.LogWriter - Screenshot requirement for method ClickNext not found
2014-11-26 13:20:25,460 [TestRunnerThread] INFO TestProj.Classes.LogWriter - IActivationActions_ClickNext executed in 0 seconds
2014-11-26 13:20:25,460 [TestRunnerThread] ERROR TestProj.Classes.LogWriter - This error is not displayed due to browser always online --> O1-2-6 – You are not online. Please check your connectivity and try again
2014-11-26 13:20:25,460 [TestRunnerThread] ERROR TestProj.Classes.LogWriter - TESTCASE:CorrectOneTimePinAndApplicationOffline -> Cannot simulate the off-line status as the browser will allways be online
2014-11-26 13:20:25,573 [TestRunnerThread] ERROR TestProj.Classes.LogWriter - Screenshot requirement for method VerifyLogoAndBanner not found
2014-11-26 13:20:26,487 [TestRunnerThread] INFO TestProj.Classes.LogWriter - IActivationActions_VerifyLogoAndBanner executed in 0 seconds
2014-11-26 13:20:26,487 [TestRunnerThread] ERROR TestProj.Classes.LogWriter - Screenshot requirement for method VerifyOnlineIndicator not found
2014-11-26 13:20:26,581 [TestRunnerThread] INFO TestProj.Classes.LogWriter - IActivationActions_VerifyOnlineIndicator executed in 0 seconds
2014-11-26 13:20:26,581 [TestRunnerThread] ERROR TestProj.Classes.LogWriter - Screenshot requirement for method VerifyPageLinks not found
2014-11-26 13:20:26,737 [TestRunnerThread] INFO TestProj.Classes.LogWriter - IActivationActions_VerifyPageLinks executed in 0 seconds
2014-11-26 13:20:26,737 [TestRunnerThread] ERROR TestProj.Classes.LogWriter - Screenshot requirement for method VerifyActivationPageNextButton not found
2014-11-26 13:20:31,830 [TestRunnerThread] INFO TestProj.Classes.LogWriter - IActivationActions_VerifyActivationPageNextButton executed in 5 seconds
2014-11-26 13:20:31,995 [TestRunnerThread] ERROR TestProj.Classes.LogWriter - Screenshot requirement for method VerifyLogoAndBanner not found
2014-11-26 13:20:32,127 [TestRunnerThread] INFO TestProj.Classes.LogWriter - IActivationActions_VerifyLogoAndBanner executed in 0 seconds
2014-11-26 13:20:32,127 [TestRunnerThread] ERROR TestProj.Classes.LogWriter - Screenshot requirement for method VerifyOnlineIndicator not found
2014-11-26 13:20:32,174 [TestRunnerThread] INFO TestProj.Classes.LogWriter - IActivationActions_VerifyOnlineIndicator executed in 0 seconds
2014-11-26 13:20:32,174 [TestRunnerThread] ERROR TestProj.Classes.LogWriter - Screenshot requirement for method VerifyPageLinks not found
2014-11-26 13:20:32,236 [TestRunnerThread] INFO TestProj.Classes.LogWriter - IActivationActions_VerifyPageLinks executed in 0 seconds
2014-11-26 13:20:32,236 [TestRunnerThread] ERROR TestProj.Classes.LogWriter - Cannot check spelling and grammer automatically
2014-11-26 13:20:32,236 [TestRunnerThread] ERROR TestProj.Classes.LogWriter - Screenshot requirement for method VerifyOTPNextButton not found
2014-11-26 13:20:32,252 [TestRunnerThread] ERROR TestProj.Classes.LogWriter - TESTCASE:VerifyActivationLandingPage -> What css class is used to disable the next button?
2014-11-26 13:20:32,267 [TestRunnerThread] ERROR TestProj.Classes.LogWriter - TESTCASE:VerifyActivationLandingPage -> Cannot evaluate the color of the next button, just the css class
2014-11-26 13:20:32,267 [TestRunnerThread] ERROR TestProj.Classes.LogWriter - TESTCASE:VerifyActivationLandingPage -> Cannot evaluate the color of the text on the next button, just the css class
2014-11-26 13:20:32,267 [TestRunnerThread] INFO TestProj.Classes.LogWriter - IActivationActions_VerifyOTPNextButton executed in 0 seconds
2014-11-26 13:20:32,267 [TestRunnerThread] ERROR TestProj.Classes.LogWriter - Screenshot requirement for method VerifyResendButton not found
2014-11-26 13:20:32,283 [TestRunnerThread] ERROR TestProj.Classes.LogWriter - TESTCASE:VerifyResendButton -> What css class is used to disable the next button?
2014-11-26 13:20:32,299 [TestRunnerThread] ERROR TestProj.Classes.LogWriter - TESTCASE:VerifyActivationLandingPage -> Cannot evaluate the color of the resend button, just the css class
2014-11-26 13:20:32,299 [TestRunnerThread] ERROR TestProj.Classes.LogWriter - TESTCASE:VerifyActivationLandingPage -> Cannot evaluate the color of the text on the resend button, just the css class
2014-11-26 13:20:32,299 [TestRunnerThread] INFO TestProj.Classes.LogWriter - IActivationActions_VerifyResendButton executed in 0 seconds
2014-11-26 13:20:32,299 [TestRunnerThread] ERROR TestProj.Classes.LogWriter - Screenshot requirement for method VerifyOntTimeLable not found
2014-11-26 13:20:32,330 [TestRunnerThread] ERROR TestProj.Classes.LogWriter - TESTCASE:VerifyActivationOneTimePinLandingPage -> APPLICATION BUTTONS DO NOT SHOW. TEST CANNOT BE CREATED!
2014-11-26 13:20:32,330 [TestRunnerThread] INFO TestProj.Classes.LogWriter - IActivationActions_VerifyOntTimeLable executed in 0 seconds
2014-11-26 13:20:32,330 [TestRunnerThread] ERROR TestProj.Classes.LogWriter - Screenshot requirement for method VerifyOTPErrorMessage not found
2014-11-26 13:20:32,346 [TestRunnerThread] INFO TestProj.Classes.LogWriter - IActivationActions_VerifyOTPErrorMessage executed in 0 seconds
2014-11-26 13:25:55,942 [TestRunnerThread] ERROR TestProj.Classes.LogWriter - Screenshot requirement for method MSISDNInput not found
2014-11-26 13:25:56,919 [TestRunnerThread] INFO TestProj.Classes.LogWriter - IActivationActions_MSISDNInput executed in 1 seconds
2014-11-26 13:25:56,922 [TestRunnerThread] ERROR TestProj.Classes.LogWriter - Screenshot requirement for method UsernameInput not found
2014-11-26 13:25:57,077 [TestRunnerThread] INFO TestProj.Classes.LogWriter - IActivationActions_UsernameInput executed in 0 seconds
2014-11-26 13:25:57,079 [TestRunnerThread] ERROR TestProj.Classes.LogWriter - Screenshot requirement for method ActivationKeyInput not found
2014-11-26 13:25:57,203 [TestRunnerThread] INFO TestProj.Classes.LogWriter - IActivationActions_ActivationKeyInput executed in 0 seconds
2014-11-26 13:25:57,205 [TestRunnerThread] ERROR TestProj.Classes.LogWriter - Screenshot requirement for method AliasInput not found
2014-11-26 13:25:57,360 [TestRunnerThread] INFO TestProj.Classes.LogWriter - IActivationActions_AliasInput executed in 0 seconds
2014-11-26 13:25:57,360 [TestRunnerThread] ERROR TestProj.Classes.LogWriter - TESTCASE:ActivationFormCorrectUserDetails -> CHALLENGE ANSWER is required, but the test does not specify that it needs to be filled out. UPDATE TEST
2014-11-26 13:25:57,528 [TestRunnerThread] ERROR TestProj.Classes.LogWriter - Screenshot requirement for method ClickNext not found
2014-11-26 13:26:02,583 [TestRunnerThread] INFO TestProj.Classes.LogWriter - IActivationActions_ClickNext executed in 5 seconds
2014-11-26 13:32:49,489 [TestRunnerThread] ERROR TestProj.Classes.LogWriter - Screenshot requirement for method MSISDNInput not found
2014-11-26 13:32:50,213 [TestRunnerThread] INFO TestProj.Classes.LogWriter - IActivationActions_MSISDNInput executed in 1 seconds
2014-11-26 13:32:50,216 [TestRunnerThread] ERROR TestProj.Classes.LogWriter - Screenshot requirement for method UsernameInput not found
2014-11-26 13:32:50,363 [TestRunnerThread] INFO TestProj.Classes.LogWriter - IActivationActions_UsernameInput executed in 0 seconds
2014-11-26 13:32:50,365 [TestRunnerThread] ERROR TestProj.Classes.LogWriter - Screenshot requirement for method ActivationKeyInput not found
2014-11-26 13:32:50,493 [TestRunnerThread] INFO TestProj.Classes.LogWriter - IActivationActions_ActivationKeyInput executed in 0 seconds
2014-11-26 13:32:50,495 [TestRunnerThread] ERROR TestProj.Classes.LogWriter - Screenshot requirement for method AliasInput not found
2014-11-26 13:32:50,656 [TestRunnerThread] INFO TestProj.Classes.LogWriter - IActivationActions_AliasInput executed in 0 seconds
2014-11-26 13:32:50,656 [TestRunnerThread] ERROR TestProj.Classes.LogWriter - TESTCASE:ActivationFormCorrectUserDetails -> CHALLENGE ANSWER is required, but the test does not specify that it needs to be filled out. UPDATE TEST
2014-11-26 13:32:50,833 [TestRunnerThread] ERROR TestProj.Classes.LogWriter - Screenshot requirement for method ClickNext not found
2014-11-26 13:32:50,893 [TestRunnerThread] INFO TestProj.Classes.LogWriter - IActivationActions_ClickNext executed in 0 seconds
2014-11-26 13:32:50,895 [TestRunnerThread] ERROR TestProj.Classes.LogWriter - Screenshot requirement for method ValidateOTPStart not found
2014-11-26 13:32:51,960 [TestRunnerThread] ERROR TestProj.Classes.LogWriter - TESTCASE:VerifyActivationOneTimePinLandingPage -> APPLICATION BUTTONS DO NOT SHOW. TEST CANNOT BE CREATED!
2014-11-26 13:32:51,980 [TestRunnerThread] INFO TestProj.Classes.LogWriter - IActivationActions_ValidateOTPStart executed in 1 seconds
2014-11-26 13:37:50,002 [TestRunnerThread] ERROR TestProj.Classes.LogWriter - Screenshot requirement for method MSISDNInput not found
2014-11-26 13:37:51,294 [TestRunnerThread] INFO TestProj.Classes.LogWriter - IActivationActions_MSISDNInput executed in 1 seconds
2014-11-26 13:37:51,297 [TestRunnerThread] ERROR TestProj.Classes.LogWriter - Screenshot requirement for method UsernameInput not found
2014-11-26 13:37:51,485 [TestRunnerThread] INFO TestProj.Classes.LogWriter - IActivationActions_UsernameInput executed in 0 seconds
2014-11-26 13:37:51,487 [TestRunnerThread] ERROR TestProj.Classes.LogWriter - Screenshot requirement for method ActivationKeyInput not found
2014-11-26 13:37:51,637 [TestRunnerThread] INFO TestProj.Classes.LogWriter - IActivationActions_ActivationKeyInput executed in 0 seconds
2014-11-26 13:37:51,640 [TestRunnerThread] ERROR TestProj.Classes.LogWriter - Screenshot requirement for method AliasInput not found
2014-11-26 13:37:51,787 [TestRunnerThread] INFO TestProj.Classes.LogWriter - IActivationActions_AliasInput executed in 0 seconds
2014-11-26 13:37:51,787 [TestRunnerThread] ERROR TestProj.Classes.LogWriter - TESTCASE:ActivationFormCorrectUserDetails -> CHALLENGE ANSWER is required, but the test does not specify that it needs to be filled out. UPDATE TEST
2014-11-26 13:37:51,950 [TestRunnerThread] ERROR TestProj.Classes.LogWriter - Screenshot requirement for method ClickNext not found
2014-11-26 13:37:52,024 [TestRunnerThread] INFO TestProj.Classes.LogWriter - IActivationActions_ClickNext executed in 0 seconds
2014-11-26 13:37:52,048 [TestRunnerThread] ERROR TestProj.Classes.LogWriter - Screenshot requirement for method ValidateOTPStart not found
2014-11-26 13:37:52,359 [TestRunnerThread] ERROR TestProj.Classes.LogWriter - TESTCASE:VerifyActivationOneTimePinLandingPage -> APPLICATION BUTTONS DO NOT SHOW. TEST CANNOT BE CREATED!
2014-11-26 13:37:52,477 [TestRunnerThread] INFO TestProj.Classes.LogWriter - IActivationActions_ValidateOTPStart executed in 0 seconds
2014-11-26 13:40:03,872 [TestRunnerThread] ERROR TestProj.Classes.LogWriter - Screenshot requirement for method MSISDNInput not found
2014-11-26 13:40:05,513 [TestRunnerThread] INFO TestProj.Classes.LogWriter - IActivationActions_MSISDNInput executed in 2 seconds
2014-11-26 13:40:05,520 [TestRunnerThread] ERROR TestProj.Classes.LogWriter - Screenshot requirement for method UsernameInput not found
2014-11-26 13:40:05,885 [TestRunnerThread] INFO TestProj.Classes.LogWriter - IActivationActions_UsernameInput executed in 0 seconds
2014-11-26 13:40:05,888 [TestRunnerThread] ERROR TestProj.Classes.LogWriter - Screenshot requirement for method ActivationKeyInput not found
2014-11-26 13:40:06,088 [TestRunnerThread] INFO TestProj.Classes.LogWriter - IActivationActions_ActivationKeyInput executed in 0 seconds
2014-11-26 13:40:06,092 [TestRunnerThread] ERROR TestProj.Classes.LogWriter - Screenshot requirement for method AliasInput not found
2014-11-26 13:40:06,328 [TestRunnerThread] INFO TestProj.Classes.LogWriter - IActivationActions_AliasInput executed in 0 seconds
2014-11-26 13:40:06,329 [TestRunnerThread] ERROR TestProj.Classes.LogWriter - TESTCASE:ActivationFormCorrectUserDetails -> CHALLENGE ANSWER is required, but the test does not specify that it needs to be filled out. UPDATE TEST
2014-11-26 13:40:06,605 [TestRunnerThread] ERROR TestProj.Classes.LogWriter - Screenshot requirement for method ClickNext not found
2014-11-26 13:40:06,694 [TestRunnerThread] INFO TestProj.Classes.LogWriter - IActivationActions_ClickNext executed in 0 seconds
2014-11-26 13:40:06,727 [TestRunnerThread] ERROR TestProj.Classes.LogWriter - Screenshot requirement for method ValidateOTPStart not found
2014-11-26 13:40:07,313 [TestRunnerThread] ERROR TestProj.Classes.LogWriter - TESTCASE:VerifyActivationOneTimePinLandingPage -> APPLICATION BUTTONS DO NOT SHOW. TEST CANNOT BE CREATED!
2014-11-26 13:40:07,315 [TestRunnerThread] ERROR TestProj.Classes.LogWriter - 0726629728
2014-11-26 13:40:07,405 [TestRunnerThread] INFO TestProj.Classes.LogWriter - IActivationActions_ValidateOTPStart executed in 0 seconds
2014-11-26 13:42:05,969 [TestRunnerThread] ERROR TestProj.Classes.LogWriter - Screenshot requirement for method MSISDNInput not found
2014-11-26 13:42:06,700 [TestRunnerThread] INFO TestProj.Classes.LogWriter - IActivationActions_MSISDNInput executed in 1 seconds
2014-11-26 13:42:06,704 [TestRunnerThread] ERROR TestProj.Classes.LogWriter - Screenshot requirement for method UsernameInput not found
2014-11-26 13:42:06,890 [TestRunnerThread] INFO TestProj.Classes.LogWriter - IActivationActions_UsernameInput executed in 0 seconds
2014-11-26 13:42:06,892 [TestRunnerThread] ERROR TestProj.Classes.LogWriter - Screenshot requirement for method ActivationKeyInput not found
2014-11-26 13:42:07,025 [TestRunnerThread] INFO TestProj.Classes.LogWriter - IActivationActions_ActivationKeyInput executed in 0 seconds
2014-11-26 13:42:07,027 [TestRunnerThread] ERROR TestProj.Classes.LogWriter - Screenshot requirement for method AliasInput not found
2014-11-26 13:42:07,195 [TestRunnerThread] INFO TestProj.Classes.LogWriter - IActivationActions_AliasInput executed in 0 seconds
2014-11-26 13:42:07,195 [TestRunnerThread] ERROR TestProj.Classes.LogWriter - TESTCASE:ActivationFormCorrectUserDetails -> CHALLENGE ANSWER is required, but the test does not specify that it needs to be filled out. UPDATE TEST
2014-11-26 13:42:07,377 [TestRunnerThread] ERROR TestProj.Classes.LogWriter - Screenshot requirement for method ClickNext not found
2014-11-26 13:42:07,439 [TestRunnerThread] INFO TestProj.Classes.LogWriter - IActivationActions_ClickNext executed in 0 seconds
2014-11-26 13:42:07,464 [TestRunnerThread] ERROR TestProj.Classes.LogWriter - Screenshot requirement for method ValidateOTPStart not found
2014-11-26 13:42:07,651 [TestRunnerThread] ERROR TestProj.Classes.LogWriter - TESTCASE:VerifyActivationOneTimePinLandingPage -> APPLICATION BUTTONS DO NOT SHOW. TEST CANNOT BE CREATED!
2014-11-26 13:42:07,653 [TestRunnerThread] ERROR TestProj.Classes.LogWriter - 0726629728
2014-11-26 13:42:07,654 [TestRunnerThread] ERROR TestProj.Classes.LogWriter - A One Time Pin has been sent to 0*****9728. Please enter the One time Pin here to continue
2014-11-26 13:42:07,739 [TestRunnerThread] INFO TestProj.Classes.LogWriter - IActivationActions_ValidateOTPStart executed in 0 seconds
2014-11-26 13:44:37,781 [TestRunnerThread] ERROR TestProj.Classes.LogWriter - Screenshot requirement for method MSISDNInput not found
2014-11-26 13:44:39,093 [TestRunnerThread] INFO TestProj.Classes.LogWriter - IActivationActions_MSISDNInput executed in 2 seconds
2014-11-26 13:44:39,102 [TestRunnerThread] ERROR TestProj.Classes.LogWriter - Screenshot requirement for method UsernameInput not found
2014-11-26 13:44:39,421 [TestRunnerThread] INFO TestProj.Classes.LogWriter - IActivationActions_UsernameInput executed in 0 seconds
2014-11-26 13:44:39,424 [TestRunnerThread] ERROR TestProj.Classes.LogWriter - Screenshot requirement for method ActivationKeyInput not found
2014-11-26 13:44:39,607 [TestRunnerThread] INFO TestProj.Classes.LogWriter - IActivationActions_ActivationKeyInput executed in 0 seconds
2014-11-26 13:44:39,610 [TestRunnerThread] ERROR TestProj.Classes.LogWriter - Screenshot requirement for method AliasInput not found
2014-11-26 13:44:39,776 [TestRunnerThread] INFO TestProj.Classes.LogWriter - IActivationActions_AliasInput executed in 0 seconds
2014-11-26 13:44:39,777 [TestRunnerThread] ERROR TestProj.Classes.LogWriter - TESTCASE:ActivationFormCorrectUserDetails -> CHALLENGE ANSWER is required, but the test does not specify that it needs to be filled out. UPDATE TEST
2014-11-26 13:44:39,939 [TestRunnerThread] ERROR TestProj.Classes.LogWriter - Screenshot requirement for method ClickNext not found
2014-11-26 13:44:40,001 [TestRunnerThread] INFO TestProj.Classes.LogWriter - IActivationActions_ClickNext executed in 0 seconds
2014-11-26 13:44:40,023 [TestRunnerThread] ERROR TestProj.Classes.LogWriter - Screenshot requirement for method ValidateOTPStart not found
2014-11-26 13:44:40,189 [TestRunnerThread] ERROR TestProj.Classes.LogWriter - TESTCASE:VerifyActivationOneTimePinLandingPage -> APPLICATION BUTTONS DO NOT SHOW. TEST CANNOT BE CREATED!
2014-11-26 13:44:40,276 [TestRunnerThread] INFO TestProj.Classes.LogWriter - IActivationActions_ValidateOTPStart executed in 0 seconds
2014-11-26 13:44:40,506 [TestRunnerThread] ERROR TestProj.Classes.LogWriter - Screenshot requirement for method TestMandatoryFields not found
2014-11-26 13:44:45,634 [TestRunnerThread] INFO TestProj.Classes.LogWriter - IActivationActions_TestMandatoryFields executed in 5 seconds
2014-11-26 13:44:45,759 [TestRunnerThread] ERROR TestProj.Classes.LogWriter - Screenshot requirement for method TestInvalidActivationKey not found
2014-11-26 13:44:50,765 [TestRunnerThread] INFO TestProj.Classes.LogWriter - IActivationActions_TestInvalidActivationKey executed in 5 seconds
2014-11-26 13:44:51,660 [TestRunnerThread] ERROR TestProj.Classes.LogWriter - Screenshot requirement for method EnterAndVerifyOTPValue not found
2014-11-26 13:44:51,973 [TestRunnerThread] INFO TestProj.Classes.LogWriter - IActivationActions_EnterAndVerifyOTPValue executed in 0 seconds
2014-11-26 13:44:51,974 [TestRunnerThread] ERROR TestProj.Classes.LogWriter - Screenshot requirement for method ClickNext not found
2014-11-26 13:44:52,018 [TestRunnerThread] INFO TestProj.Classes.LogWriter - IActivationActions_ClickNext executed in 0 seconds
2014-11-26 13:44:52,018 [TestRunnerThread] ERROR TestProj.Classes.LogWriter - This error is not displayed due to browser always online --> O1-2-6 – You are not online. Please check your connectivity and try again
2014-11-26 13:44:52,019 [TestRunnerThread] ERROR TestProj.Classes.LogWriter - TESTCASE:CorrectOneTimePinAndApplicationOffline -> Cannot simulate the off-line status as the browser will allways be online
2014-11-26 13:44:52,135 [TestRunnerThread] ERROR TestProj.Classes.LogWriter - Screenshot requirement for method VerifyLogoAndBanner not found
2014-11-26 13:44:52,229 [TestRunnerThread] INFO TestProj.Classes.LogWriter - IActivationActions_VerifyLogoAndBanner executed in 0 seconds
2014-11-26 13:44:52,230 [TestRunnerThread] ERROR TestProj.Classes.LogWriter - Screenshot requirement for method VerifyOnlineIndicator not found
2014-11-26 13:44:52,275 [TestRunnerThread] INFO TestProj.Classes.LogWriter - IActivationActions_VerifyOnlineIndicator executed in 0 seconds
2014-11-26 13:44:52,277 [TestRunnerThread] ERROR TestProj.Classes.LogWriter - Screenshot requirement for method VerifyPageLinks not found
2014-11-26 13:44:52,356 [TestRunnerThread] INFO TestProj.Classes.LogWriter - IActivationActions_VerifyPageLinks executed in 0 seconds
2014-11-26 13:44:52,358 [TestRunnerThread] ERROR TestProj.Classes.LogWriter - Screenshot requirement for method VerifyActivationPageNextButton not found
2014-11-26 13:44:52,372 [TestRunnerThread] ERROR TestProj.Classes.LogWriter - TESTCASE:VerifyActivationLandingPage -> What css class is used to disable the next button?
2014-11-26 13:44:52,392 [TestRunnerThread] ERROR TestProj.Classes.LogWriter - TESTCASE:VerifyActivationLandingPage -> Cannot evaluate the color of the next button, just the css class
2014-11-26 13:44:52,392 [TestRunnerThread] ERROR TestProj.Classes.LogWriter - TESTCASE:VerifyActivationLandingPage -> Cannot evaluate the color of the text on the next button, just the css class
2014-11-26 13:44:52,392 [TestRunnerThread] INFO TestProj.Classes.LogWriter - IActivationActions_VerifyActivationPageNextButton executed in 0 seconds
2014-11-26 13:44:52,394 [TestRunnerThread] ERROR TestProj.Classes.LogWriter - Screenshot requirement for method VerifyFieldExist not found
2014-11-26 13:44:52,455 [TestRunnerThread] ERROR TestProj.Classes.LogWriter - TESTCASE:VerifyActivationLandingPage -> Two extra fields found on the screen, challengeQuestion and challengeAnswer.
2014-11-26 13:44:52,455 [TestRunnerThread] ERROR TestProj.Classes.LogWriter - TESTCASE:VerifyActivationLandingPage -> APPLICATION BUTTONS DO NOT SHOW. TEST CANNOT BE CREATED!
2014-11-26 13:44:52,455 [TestRunnerThread] INFO TestProj.Classes.LogWriter - IActivationActions_VerifyFieldExist executed in 0 seconds
2014-11-26 13:44:52,508 [TestRunnerThread] ERROR TestProj.Classes.LogWriter - Screenshot requirement for method VerifyLogoAndBanner not found
2014-11-26 13:44:52,598 [TestRunnerThread] INFO TestProj.Classes.LogWriter - IActivationActions_VerifyLogoAndBanner executed in 0 seconds
2014-11-26 13:44:52,598 [TestRunnerThread] ERROR TestProj.Classes.LogWriter - Screenshot requirement for method VerifyOnlineIndicator not found
2014-11-26 13:44:52,639 [TestRunnerThread] INFO TestProj.Classes.LogWriter - IActivationActions_VerifyOnlineIndicator executed in 0 seconds
2014-11-26 13:44:52,640 [TestRunnerThread] ERROR TestProj.Classes.LogWriter - Screenshot requirement for method VerifyPageLinks not found
2014-11-26 13:44:52,696 [TestRunnerThread] INFO TestProj.Classes.LogWriter - IActivationActions_VerifyPageLinks executed in 0 seconds
2014-11-26 13:44:52,697 [TestRunnerThread] ERROR TestProj.Classes.LogWriter - Cannot check spelling and grammer automatically
2014-11-26 13:44:52,698 [TestRunnerThread] ERROR TestProj.Classes.LogWriter - Screenshot requirement for method VerifyOTPNextButton not found
2014-11-26 13:44:52,719 [TestRunnerThread] ERROR TestProj.Classes.LogWriter - TESTCASE:VerifyActivationLandingPage -> What css class is used to disable the next button?
2014-11-26 13:44:52,740 [TestRunnerThread] ERROR TestProj.Classes.LogWriter - TESTCASE:VerifyActivationLandingPage -> Cannot evaluate the color of the next button, just the css class
2014-11-26 13:44:52,740 [TestRunnerThread] ERROR TestProj.Classes.LogWriter - TESTCASE:VerifyActivationLandingPage -> Cannot evaluate the color of the text on the next button, just the css class
2014-11-26 13:44:52,740 [TestRunnerThread] INFO TestProj.Classes.LogWriter - IActivationActions_VerifyOTPNextButton executed in 0 seconds
2014-11-26 13:44:52,742 [TestRunnerThread] ERROR TestProj.Classes.LogWriter - Screenshot requirement for method VerifyResendButton not found
2014-11-26 13:44:52,753 [TestRunnerThread] ERROR TestProj.Classes.LogWriter - TESTCASE:VerifyResendButton -> What css class is used to disable the next button?
2014-11-26 13:44:52,773 [TestRunnerThread] ERROR TestProj.Classes.LogWriter - TESTCASE:VerifyActivationLandingPage -> Cannot evaluate the color of the resend button, just the css class
2014-11-26 13:44:52,773 [TestRunnerThread] ERROR TestProj.Classes.LogWriter - TESTCASE:VerifyActivationLandingPage -> Cannot evaluate the color of the text on the resend button, just the css class
2014-11-26 13:44:52,773 [TestRunnerThread] INFO TestProj.Classes.LogWriter - IActivationActions_VerifyResendButton executed in 0 seconds
2014-11-26 13:44:52,775 [TestRunnerThread] ERROR TestProj.Classes.LogWriter - Screenshot requirement for method VerifyOntTimeLable not found
2014-11-26 13:44:52,795 [TestRunnerThread] ERROR TestProj.Classes.LogWriter - TESTCASE:VerifyActivationOneTimePinLandingPage -> APPLICATION BUTTONS DO NOT SHOW. TEST CANNOT BE CREATED!
2014-11-26 13:44:52,795 [TestRunnerThread] INFO TestProj.Classes.LogWriter - IActivationActions_VerifyOntTimeLable executed in 0 seconds
2014-11-26 13:56:56,937 [TestRunnerThread] INFO TestProj.Classes.LogWriter - IActivationActions_MSISDNInput executed in 0 seconds
2014-11-26 13:56:57,151 [TestRunnerThread] INFO TestProj.Classes.LogWriter - IActivationActions_UsernameInput executed in 0 seconds
2014-11-26 13:56:57,322 [TestRunnerThread] INFO TestProj.Classes.LogWriter - IActivationActions_ActivationKeyInput executed in 0 seconds
2014-11-26 13:56:57,532 [TestRunnerThread] INFO TestProj.Classes.LogWriter - IActivationActions_AliasInput executed in 0 seconds
2014-11-26 13:56:57,533 [TestRunnerThread] ERROR TestProj.Classes.LogWriter - TESTCASE:ActivationFormCorrectUserDetails -> CHALLENGE ANSWER is required, but the test does not specify that it needs to be filled out. UPDATE TEST
2014-11-26 13:56:57,739 [TestRunnerThread] INFO TestProj.Classes.LogWriter - IActivationActions_ClickNext executed in 0 seconds
2014-11-26 13:56:57,921 [TestRunnerThread] ERROR TestProj.Classes.LogWriter - TESTCASE:VerifyActivationOneTimePinLandingPage -> APPLICATION BUTTONS DO NOT SHOW. TEST CANNOT BE CREATED!
2014-11-26 13:56:58,008 [TestRunnerThread] INFO TestProj.Classes.LogWriter - IActivationActions_ValidateOTPStart executed in 0 seconds
2014-11-26 13:57:03,134 [TestRunnerThread] INFO TestProj.Classes.LogWriter - IActivationActions_TestMandatoryFields executed in 5 seconds
2014-11-26 13:57:08,200 [TestRunnerThread] INFO TestProj.Classes.LogWriter - IActivationActions_TestInvalidActivationKey executed in 5 seconds
2014-11-26 13:57:08,810 [TestRunnerThread] INFO TestProj.Classes.LogWriter - IActivationActions_EnterAndVerifyOTPValue executed in 0 seconds
2014-11-26 13:57:08,873 [TestRunnerThread] INFO TestProj.Classes.LogWriter - IActivationActions_ClickNext executed in 0 seconds
2014-11-26 13:57:08,874 [TestRunnerThread] ERROR TestProj.Classes.LogWriter - This error is not displayed due to browser always online --> O1-2-6 – You are not online. Please check your connectivity and try again
2014-11-26 13:57:08,874 [TestRunnerThread] ERROR TestProj.Classes.LogWriter - TESTCASE:CorrectOneTimePinAndApplicationOffline -> Cannot simulate the off-line status as the browser will allways be online
2014-11-26 13:57:09,087 [TestRunnerThread] INFO TestProj.Classes.LogWriter - IActivationActions_VerifyLogoAndBanner executed in 0 seconds
2014-11-26 13:57:09,139 [TestRunnerThread] INFO TestProj.Classes.LogWriter - IActivationActions_VerifyOnlineIndicator executed in 0 seconds
2014-11-26 13:57:09,225 [TestRunnerThread] INFO TestProj.Classes.LogWriter - IActivationActions_VerifyPageLinks executed in 0 seconds
2014-11-26 13:57:09,247 [TestRunnerThread] ERROR TestProj.Classes.LogWriter - TESTCASE:VerifyActivationLandingPage -> What css class is used to disable the next button?
2014-11-26 13:57:09,268 [TestRunnerThread] ERROR TestProj.Classes.LogWriter - TESTCASE:VerifyActivationLandingPage -> Cannot evaluate the color of the next button, just the css class
2014-11-26 13:57:09,268 [TestRunnerThread] ERROR TestProj.Classes.LogWriter - TESTCASE:VerifyActivationLandingPage -> Cannot evaluate the color of the text on the next button, just the css class
2014-11-26 13:57:09,269 [TestRunnerThread] INFO TestProj.Classes.LogWriter - IActivationActions_VerifyActivationPageNextButton executed in 0 seconds
2014-11-26 13:57:09,343 [TestRunnerThread] ERROR TestProj.Classes.LogWriter - TESTCASE:VerifyActivationLandingPage -> Two extra fields found on the screen, challengeQuestion and challengeAnswer.
2014-11-26 13:57:09,343 [TestRunnerThread] ERROR TestProj.Classes.LogWriter - TESTCASE:VerifyActivationLandingPage -> APPLICATION BUTTONS DO NOT SHOW. TEST CANNOT BE CREATED!
2014-11-26 13:57:09,344 [TestRunnerThread] INFO TestProj.Classes.LogWriter - IActivationActions_VerifyFieldExist executed in 0 seconds
2014-11-26 13:57:09,478 [TestRunnerThread] INFO TestProj.Classes.LogWriter - IActivationActions_VerifyLogoAndBanner executed in 0 seconds
2014-11-26 13:57:09,522 [TestRunnerThread] INFO TestProj.Classes.LogWriter - IActivationActions_VerifyOnlineIndicator executed in 0 seconds
2014-11-26 13:57:09,584 [TestRunnerThread] INFO TestProj.Classes.LogWriter - IActivationActions_VerifyPageLinks executed in 0 seconds
2014-11-26 13:57:09,584 [TestRunnerThread] ERROR TestProj.Classes.LogWriter - Cannot check spelling and grammer automatically
2014-11-26 13:57:09,619 [TestRunnerThread] ERROR TestProj.Classes.LogWriter - TESTCASE:VerifyActivationLandingPage -> What css class is used to disable the next button?
2014-11-26 13:57:09,639 [TestRunnerThread] ERROR TestProj.Classes.LogWriter - TESTCASE:VerifyActivationLandingPage -> Cannot evaluate the color of the next button, just the css class
2014-11-26 13:57:09,639 [TestRunnerThread] ERROR TestProj.Classes.LogWriter - TESTCASE:VerifyActivationLandingPage -> Cannot evaluate the color of the text on the next button, just the css class
2014-11-26 13:57:09,639 [TestRunnerThread] INFO TestProj.Classes.LogWriter - IActivationActions_VerifyOTPNextButton executed in 0 seconds
2014-11-26 13:57:09,659 [TestRunnerThread] ERROR TestProj.Classes.LogWriter - TESTCASE:VerifyResendButton -> What css class is used to disable the next button?
2014-11-26 13:57:09,681 [TestRunnerThread] ERROR TestProj.Classes.LogWriter - TESTCASE:VerifyActivationLandingPage -> Cannot evaluate the color of the resend button, just the css class
2014-11-26 13:57:09,681 [TestRunnerThread] ERROR TestProj.Classes.LogWriter - TESTCASE:VerifyActivationLandingPage -> Cannot evaluate the color of the text on the resend button, just the css class
2014-11-26 13:57:09,681 [TestRunnerThread] INFO TestProj.Classes.LogWriter - IActivationActions_VerifyResendButton executed in 0 seconds
2014-11-26 13:57:09,709 [TestRunnerThread] ERROR TestProj.Classes.LogWriter - TESTCASE:VerifyActivationOneTimePinLandingPage -> APPLICATION BUTTONS DO NOT SHOW. TEST CANNOT BE CREATED!
2014-11-26 13:57:09,709 [TestRunnerThread] INFO TestProj.Classes.LogWriter - IActivationActions_VerifyOntTimeLable executed in 0 seconds
2014-11-26 13:59:18,026 [TestRunnerThread] INFO TestProj.Classes.LogWriter - IActivationActions_MSISDNInput executed in 0 seconds
2014-11-26 13:59:18,235 [TestRunnerThread] INFO TestProj.Classes.LogWriter - IActivationActions_UsernameInput executed in 0 seconds
2014-11-26 13:59:18,367 [TestRunnerThread] INFO TestProj.Classes.LogWriter - IActivationActions_ActivationKeyInput executed in 0 seconds
2014-11-26 13:59:18,685 [TestRunnerThread] INFO TestProj.Classes.LogWriter - IActivationActions_AliasInput executed in 0 seconds
2014-11-26 13:59:18,686 [TestRunnerThread] ERROR TestProj.Classes.LogWriter - TESTCASE:ActivationFormCorrectUserDetails -> CHALLENGE ANSWER is required, but the test does not specify that it needs to be filled out. UPDATE TEST
2014-11-26 13:59:18,916 [TestRunnerThread] INFO TestProj.Classes.LogWriter - IActivationActions_ClickNext executed in 0 seconds
2014-11-26 13:59:19,121 [TestRunnerThread] ERROR TestProj.Classes.LogWriter - TESTCASE:VerifyActivationOneTimePinLandingPage -> APPLICATION BUTTONS DO NOT SHOW. TEST CANNOT BE CREATED!
2014-11-26 13:59:19,208 [TestRunnerThread] INFO TestProj.Classes.LogWriter - IActivationActions_ValidateOTPStart executed in 0 seconds
2014-11-26 13:59:24,392 [TestRunnerThread] INFO TestProj.Classes.LogWriter - IActivationActions_TestMandatoryFields executed in 5 seconds
2014-11-26 13:59:29,475 [TestRunnerThread] INFO TestProj.Classes.LogWriter - IActivationActions_TestInvalidActivationKey executed in 5 seconds
2014-11-26 13:59:30,121 [TestRunnerThread] INFO TestProj.Classes.LogWriter - IActivationActions_EnterAndVerifyOTPValue executed in 0 seconds
2014-11-26 13:59:30,165 [TestRunnerThread] INFO TestProj.Classes.LogWriter - IActivationActions_ClickNext executed in 0 seconds
2014-11-26 13:59:30,166 [TestRunnerThread] ERROR TestProj.Classes.LogWriter - This error is not displayed due to browser always online --> O1-2-6 – You are not online. Please check your connectivity and try again
2014-11-26 13:59:30,166 [TestRunnerThread] ERROR TestProj.Classes.LogWriter - TESTCASE:CorrectOneTimePinAndApplicationOffline -> Cannot simulate the off-line status as the browser will allways be online
2014-11-26 13:59:30,377 [TestRunnerThread] INFO TestProj.Classes.LogWriter - IActivationActions_VerifyLogoAndBanner executed in 0 seconds
2014-11-26 13:59:30,426 [TestRunnerThread] INFO TestProj.Classes.LogWriter - IActivationActions_VerifyOnlineIndicator executed in 0 seconds
2014-11-26 13:59:30,507 [TestRunnerThread] INFO TestProj.Classes.LogWriter - IActivationActions_VerifyPageLinks executed in 0 seconds
2014-11-26 13:59:30,520 [TestRunnerThread] ERROR TestProj.Classes.LogWriter - TESTCASE:VerifyActivationLandingPage -> What css class is used to disable the next button?
2014-11-26 13:59:30,541 [TestRunnerThread] ERROR TestProj.Classes.LogWriter - TESTCASE:VerifyActivationLandingPage -> Cannot evaluate the color of the next button, just the css class
2014-11-26 13:59:30,541 [TestRunnerThread] ERROR TestProj.Classes.LogWriter - TESTCASE:VerifyActivationLandingPage -> Cannot evaluate the color of the text on the next button, just the css class
2014-11-26 13:59:30,542 [TestRunnerThread] INFO TestProj.Classes.LogWriter - IActivationActions_VerifyActivationPageNextButton executed in 0 seconds
2014-11-26 13:59:30,611 [TestRunnerThread] ERROR TestProj.Classes.LogWriter - TESTCASE:VerifyActivationLandingPage -> Two extra fields found on the screen, challengeQuestion and challengeAnswer.
2014-11-26 13:59:30,611 [TestRunnerThread] ERROR TestProj.Classes.LogWriter - TESTCASE:VerifyActivationLandingPage -> APPLICATION BUTTONS DO NOT SHOW. TEST CANNOT BE CREATED!
2014-11-26 13:59:30,612 [TestRunnerThread] INFO TestProj.Classes.LogWriter - IActivationActions_VerifyFieldExist executed in 0 seconds
2014-11-26 13:59:30,751 [TestRunnerThread] INFO TestProj.Classes.LogWriter - IActivationActions_VerifyLogoAndBanner executed in 0 seconds
2014-11-26 13:59:30,789 [TestRunnerThread] INFO TestProj.Classes.LogWriter - IActivationActions_VerifyOnlineIndicator executed in 0 seconds
2014-11-26 13:59:30,847 [TestRunnerThread] INFO TestProj.Classes.LogWriter - IActivationActions_VerifyPageLinks executed in 0 seconds
2014-11-26 13:59:30,847 [TestRunnerThread] ERROR TestProj.Classes.LogWriter - Cannot check spelling and grammer automatically
2014-11-26 13:59:30,860 [TestRunnerThread] ERROR TestProj.Classes.LogWriter - TESTCASE:VerifyActivationLandingPage -> What css class is used to disable the next button?
2014-11-26 13:59:30,881 [TestRunnerThread] ERROR TestProj.Classes.LogWriter - TESTCASE:VerifyActivationLandingPage -> Cannot evaluate the color of the next button, just the css class
2014-11-26 13:59:30,881 [TestRunnerThread] ERROR TestProj.Classes.LogWriter - TESTCASE:VerifyActivationLandingPage -> Cannot evaluate the color of the text on the next button, just the css class
2014-11-26 13:59:30,881 [TestRunnerThread] INFO TestProj.Classes.LogWriter - IActivationActions_VerifyOTPNextButton executed in 0 seconds
2014-11-26 13:59:30,895 [TestRunnerThread] ERROR TestProj.Classes.LogWriter - TESTCASE:VerifyResendButton -> What css class is used to disable the next button?
2014-11-26 13:59:30,915 [TestRunnerThread] ERROR TestProj.Classes.LogWriter - TESTCASE:VerifyActivationLandingPage -> Cannot evaluate the color of the resend button, just the css class
2014-11-26 13:59:30,915 [TestRunnerThread] ERROR TestProj.Classes.LogWriter - TESTCASE:VerifyActivationLandingPage -> Cannot evaluate the color of the text on the resend button, just the css class
2014-11-26 13:59:30,915 [TestRunnerThread] INFO TestProj.Classes.LogWriter - IActivationActions_VerifyResendButton executed in 0 seconds
2014-11-26 13:59:30,937 [TestRunnerThread] ERROR TestProj.Classes.LogWriter - TESTCASE:VerifyActivationOneTimePinLandingPage -> APPLICATION BUTTONS DO NOT SHOW. TEST CANNOT BE CREATED!
2014-11-26 13:59:30,937 [TestRunnerThread] INFO TestProj.Classes.LogWriter - IActivationActions_VerifyOntTimeLable executed in 0 seconds
2014-11-26 14:01:32,246 [TestRunnerThread] INFO TestProj.Classes.LogWriter - IActivationActions_MSISDNInput executed in 1 seconds
2014-11-26 14:01:32,482 [TestRunnerThread] INFO TestProj.Classes.LogWriter - IActivationActions_UsernameInput executed in 0 seconds
2014-11-26 14:01:32,627 [TestRunnerThread] INFO TestProj.Classes.LogWriter - IActivationActions_ActivationKeyInput executed in 0 seconds
2014-11-26 14:01:32,797 [TestRunnerThread] INFO TestProj.Classes.LogWriter - IActivationActions_AliasInput executed in 0 seconds
2014-11-26 14:01:32,798 [TestRunnerThread] ERROR TestProj.Classes.LogWriter - TESTCASE:ActivationFormCorrectUserDetails -> CHALLENGE ANSWER is required, but the test does not specify that it needs to be filled out. UPDATE TEST
2014-11-26 14:01:33,028 [TestRunnerThread] INFO TestProj.Classes.LogWriter - IActivationActions_ClickNext executed in 0 seconds
2014-11-26 14:01:33,763 [TestRunnerThread] ERROR TestProj.Classes.LogWriter - TESTCASE:VerifyActivationOneTimePinLandingPage -> APPLICATION BUTTONS DO NOT SHOW. TEST CANNOT BE CREATED!
2014-11-26 14:01:33,898 [TestRunnerThread] INFO TestProj.Classes.LogWriter - IActivationActions_ValidateOTPStart executed in 0 seconds
2014-11-26 14:01:39,120 [TestRunnerThread] INFO TestProj.Classes.LogWriter - IActivationActions_TestMandatoryFields executed in 5 seconds
2014-11-26 14:01:44,337 [TestRunnerThread] INFO TestProj.Classes.LogWriter - IActivationActions_TestInvalidActivationKey executed in 5 seconds
2014-11-26 14:01:45,097 [TestRunnerThread] INFO TestProj.Classes.LogWriter - IActivationActions_EnterAndVerifyOTPValue executed in 0 seconds
2014-11-26 14:01:45,148 [TestRunnerThread] INFO TestProj.Classes.LogWriter - IActivationActions_ClickNext executed in 0 seconds
2014-11-26 14:01:45,148 [TestRunnerThread] ERROR TestProj.Classes.LogWriter - This error is not displayed due to browser always online --> O1-2-6 – You are not online. Please check your connectivity and try again
2014-11-26 14:01:45,149 [TestRunnerThread] ERROR TestProj.Classes.LogWriter - TESTCASE:CorrectOneTimePinAndApplicationOffline -> Cannot simulate the off-line status as the browser will allways be online
2014-11-26 14:01:45,770 [TestRunnerThread] INFO TestProj.Classes.LogWriter - IActivationActions_VerifyLogoAndBanner executed in 0 seconds
2014-11-26 14:01:45,911 [TestRunnerThread] INFO TestProj.Classes.LogWriter - IActivationActions_VerifyOnlineIndicator executed in 0 seconds
2014-11-26 14:01:46,002 [TestRunnerThread] INFO TestProj.Classes.LogWriter - IActivationActions_VerifyPageLinks executed in 0 seconds
2014-11-26 14:01:51,045 [TestRunnerThread] INFO TestProj.Classes.LogWriter - IActivationActions_VerifyActivationPageNextButton executed in 5 seconds
2014-11-26 14:01:51,293 [TestRunnerThread] INFO TestProj.Classes.LogWriter - IActivationActions_VerifyLogoAndBanner executed in 0 seconds
2014-11-26 14:01:51,331 [TestRunnerThread] INFO TestProj.Classes.LogWriter - IActivationActions_VerifyOnlineIndicator executed in 0 seconds
2014-11-26 14:01:51,388 [TestRunnerThread] INFO TestProj.Classes.LogWriter - IActivationActions_VerifyPageLinks executed in 0 seconds
2014-11-26 14:01:51,389 [TestRunnerThread] ERROR TestProj.Classes.LogWriter - Cannot check spelling and grammer automatically
2014-11-26 14:01:51,407 [TestRunnerThread] ERROR TestProj.Classes.LogWriter - TESTCASE:VerifyActivationLandingPage -> What css class is used to disable the next button?
2014-11-26 14:01:51,436 [TestRunnerThread] ERROR TestProj.Classes.LogWriter - TESTCASE:VerifyActivationLandingPage -> Cannot evaluate the color of the next button, just the css class
2014-11-26 14:01:51,436 [TestRunnerThread] ERROR TestProj.Classes.LogWriter - TESTCASE:VerifyActivationLandingPage -> Cannot evaluate the color of the text on the next button, just the css class
2014-11-26 14:01:51,436 [TestRunnerThread] INFO TestProj.Classes.LogWriter - IActivationActions_VerifyOTPNextButton executed in 0 seconds
2014-11-26 14:01:51,456 [TestRunnerThread] ERROR TestProj.Classes.LogWriter - TESTCASE:VerifyResendButton -> What css class is used to disable the next button?
2014-11-26 14:01:51,478 [TestRunnerThread] ERROR TestProj.Classes.LogWriter - TESTCASE:VerifyActivationLandingPage -> Cannot evaluate the color of the resend button, just the css class
2014-11-26 14:01:51,478 [TestRunnerThread] ERROR TestProj.Classes.LogWriter - TESTCASE:VerifyActivationLandingPage -> Cannot evaluate the color of the text on the resend button, just the css class
2014-11-26 14:01:51,479 [TestRunnerThread] INFO TestProj.Classes.LogWriter - IActivationActions_VerifyResendButton executed in 0 seconds
2014-11-26 14:01:51,503 [TestRunnerThread] ERROR TestProj.Classes.LogWriter - TESTCASE:VerifyActivationOneTimePinLandingPage -> APPLICATION BUTTONS DO NOT SHOW. TEST CANNOT BE CREATED!
2014-11-26 14:01:51,503 [TestRunnerThread] INFO TestProj.Classes.LogWriter - IActivationActions_VerifyOntTimeLable executed in 0 seconds
2014-11-26 14:04:34,125 [TestRunnerThread] INFO TestProj.Classes.LogWriter - TIMER: IActivationActions_MSISDNInput executed in 0 seconds
2014-11-26 14:04:34,326 [TestRunnerThread] INFO TestProj.Classes.LogWriter - TIMER: IActivationActions_UsernameInput executed in 0 seconds
2014-11-26 14:04:34,461 [TestRunnerThread] INFO TestProj.Classes.LogWriter - TIMER: IActivationActions_ActivationKeyInput executed in 0 seconds
2014-11-26 14:04:34,689 [TestRunnerThread] INFO TestProj.Classes.LogWriter - TIMER: IActivationActions_AliasInput executed in 0 seconds
2014-11-26 14:04:34,690 [TestRunnerThread] ERROR TestProj.Classes.LogWriter - TESTCASE:ActivationFormCorrectUserDetails -> CHALLENGE ANSWER is required, but the test does not specify that it needs to be filled out. UPDATE TEST
2014-11-26 14:04:34,918 [TestRunnerThread] INFO TestProj.Classes.LogWriter - TIMER: IActivationActions_ClickNext executed in 0 seconds
2014-11-26 14:04:35,129 [TestRunnerThread] ERROR TestProj.Classes.LogWriter - TESTCASE:VerifyActivationOneTimePinLandingPage -> APPLICATION BUTTONS DO NOT SHOW. TEST CANNOT BE CREATED!
2014-11-26 14:04:35,222 [TestRunnerThread] INFO TestProj.Classes.LogWriter - TIMER: IActivationActions_ValidateOTPStart executed in 0 seconds
2014-11-26 14:04:40,540 [TestRunnerThread] INFO TestProj.Classes.LogWriter - TIMER: IActivationActions_TestMandatoryFields executed in 5 seconds
2014-11-26 14:04:45,691 [TestRunnerThread] INFO TestProj.Classes.LogWriter - TIMER: IActivationActions_TestInvalidActivationKey executed in 5 seconds
2014-11-26 14:04:46,276 [TestRunnerThread] INFO TestProj.Classes.LogWriter - TIMER: IActivationActions_EnterAndVerifyOTPValue executed in 0 seconds
2014-11-26 14:04:46,319 [TestRunnerThread] INFO TestProj.Classes.LogWriter - TIMER: IActivationActions_ClickNext executed in 0 seconds
2014-11-26 14:04:46,320 [TestRunnerThread] ERROR TestProj.Classes.LogWriter - This error is not displayed due to browser always online --> O1-2-6 – You are not online. Please check your connectivity and try again
2014-11-26 14:04:46,320 [TestRunnerThread] ERROR TestProj.Classes.LogWriter - TESTCASE:CorrectOneTimePinAndApplicationOffline -> Cannot simulate the off-line status as the browser will allways be online
2014-11-26 14:04:46,619 [TestRunnerThread] INFO TestProj.Classes.LogWriter - TIMER: IActivationActions_VerifyLogoAndBanner executed in 0 seconds
2014-11-26 14:04:46,676 [TestRunnerThread] INFO TestProj.Classes.LogWriter - TIMER: IActivationActions_VerifyOnlineIndicator executed in 0 seconds
2014-11-26 14:04:46,763 [TestRunnerThread] INFO TestProj.Classes.LogWriter - TIMER: IActivationActions_VerifyPageLinks executed in 0 seconds
2014-11-26 14:04:46,776 [TestRunnerThread] ERROR TestProj.Classes.LogWriter - TESTCASE:VerifyActivationLandingPage -> What css class is used to disable the next button?
2014-11-26 14:04:46,795 [TestRunnerThread] ERROR TestProj.Classes.LogWriter - TESTCASE:VerifyActivationLandingPage -> Cannot evaluate the color of the next button, just the css class
2014-11-26 14:04:46,795 [TestRunnerThread] ERROR TestProj.Classes.LogWriter - TESTCASE:VerifyActivationLandingPage -> Cannot evaluate the color of the text on the next button, just the css class
2014-11-26 14:04:46,795 [TestRunnerThread] INFO TestProj.Classes.LogWriter - TIMER: IActivationActions_VerifyActivationPageNextButton executed in 0 seconds
2014-11-26 14:04:46,917 [TestRunnerThread] ERROR TestProj.Classes.LogWriter - TESTCASE:VerifyActivationLandingPage -> Two extra fields found on the screen, challengeQuestion and challengeAnswer.
2014-11-26 14:04:46,917 [TestRunnerThread] ERROR TestProj.Classes.LogWriter - TESTCASE:VerifyActivationLandingPage -> APPLICATION BUTTONS DO NOT SHOW. TEST CANNOT BE CREATED!
2014-11-26 14:04:46,917 [TestRunnerThread] INFO TestProj.Classes.LogWriter - TIMER: IActivationActions_VerifyFieldExist executed in 0 seconds
2014-11-26 14:04:47,044 [TestRunnerThread] INFO TestProj.Classes.LogWriter - TIMER: IActivationActions_VerifyLogoAndBanner executed in 0 seconds
2014-11-26 14:04:47,084 [TestRunnerThread] INFO TestProj.Classes.LogWriter - TIMER: IActivationActions_VerifyOnlineIndicator executed in 0 seconds
2014-11-26 14:04:47,140 [TestRunnerThread] INFO TestProj.Classes.LogWriter - TIMER: IActivationActions_VerifyPageLinks executed in 0 seconds
2014-11-26 14:04:47,140 [TestRunnerThread] ERROR TestProj.Classes.LogWriter - Cannot check spelling and grammer automatically
2014-11-26 14:04:47,152 [TestRunnerThread] ERROR TestProj.Classes.LogWriter - TESTCASE:VerifyActivationLandingPage -> What css class is used to disable the next button?
2014-11-26 14:04:47,174 [TestRunnerThread] ERROR TestProj.Classes.LogWriter - TESTCASE:VerifyActivationLandingPage -> Cannot evaluate the color of the next button, just the css class
2014-11-26 14:04:47,175 [TestRunnerThread] ERROR TestProj.Classes.LogWriter - TESTCASE:VerifyActivationLandingPage -> Cannot evaluate the color of the text on the next button, just the css class
2014-11-26 14:04:47,175 [TestRunnerThread] INFO TestProj.Classes.LogWriter - TIMER: IActivationActions_VerifyOTPNextButton executed in 0 seconds
2014-11-26 14:04:47,188 [TestRunnerThread] ERROR TestProj.Classes.LogWriter - TESTCASE:VerifyResendButton -> What css class is used to disable the next button?
2014-11-26 14:04:47,210 [TestRunnerThread] ERROR TestProj.Classes.LogWriter - TESTCASE:VerifyActivationLandingPage -> Cannot evaluate the color of the resend button, just the css class
2014-11-26 14:04:47,210 [TestRunnerThread] ERROR TestProj.Classes.LogWriter - TESTCASE:VerifyActivationLandingPage -> Cannot evaluate the color of the text on the resend button, just the css class
2014-11-26 14:04:47,211 [TestRunnerThread] INFO TestProj.Classes.LogWriter - TIMER: IActivationActions_VerifyResendButton executed in 0 seconds
2014-11-26 14:04:47,234 [TestRunnerThread] ERROR TestProj.Classes.LogWriter - TESTCASE:VerifyActivationOneTimePinLandingPage -> APPLICATION BUTTONS DO NOT SHOW. TEST CANNOT BE CREATED!
2014-11-26 14:04:47,235 [TestRunnerThread] INFO TestProj.Classes.LogWriter - TIMER: IActivationActions_VerifyOntTimeLable executed in 0 seconds
2014-11-26 14:08:17,764 [TestRunnerThread] INFO TestProj.Classes.LogWriter - TIMER: IActivationActions_MSISDNInput executed in 0 seconds
2014-11-26 14:08:17,962 [TestRunnerThread] INFO TestProj.Classes.LogWriter - TIMER: IActivationActions_UsernameInput executed in 0 seconds
2014-11-26 14:08:18,094 [TestRunnerThread] INFO TestProj.Classes.LogWriter - TIMER: IActivationActions_ActivationKeyInput executed in 0 seconds
2014-11-26 14:08:18,248 [TestRunnerThread] INFO TestProj.Classes.LogWriter - TIMER: IActivationActions_AliasInput executed in 0 seconds
2014-11-26 14:08:18,249 [TestRunnerThread] ERROR TestProj.Classes.LogWriter - TESTCASE:ActivationFormCorrectUserDetails -> CHALLENGE ANSWER is required, but the test does not specify that it needs to be filled out. UPDATE TEST
2014-11-26 14:08:18,505 [TestRunnerThread] INFO TestProj.Classes.LogWriter - TIMER: IActivationActions_ClickNext executed in 0 seconds
2014-11-26 14:08:18,795 [TestRunnerThread] ERROR TestProj.Classes.LogWriter - TESTCASE:VerifyActivationOneTimePinLandingPage -> APPLICATION BUTTONS DO NOT SHOW. TEST CANNOT BE CREATED!
2014-11-26 14:08:18,797 [TestRunnerThread] FATAL TestProj.Classes.LogWriter - A One Time Pin has been sent to 0*****9728. Please enter the One time Pin here to continue
2014-11-26 14:08:23,944 [TestRunnerThread] INFO TestProj.Classes.LogWriter - TIMER: IActivationActions_ValidateOTPStart executed in 5 seconds
2014-11-26 14:18:17,772 [TestRunnerThread] INFO TestProj.Classes.LogWriter - TIMER: IActivationActions_MSISDNInput executed in 1 seconds
2014-11-26 14:18:17,921 [TestRunnerThread] INFO TestProj.Classes.LogWriter - TIMER: IActivationActions_UsernameInput executed in 0 seconds
2014-11-26 14:18:18,190 [TestRunnerThread] INFO TestProj.Classes.LogWriter - TIMER: IActivationActions_ActivationKeyInput executed in 0 seconds
2014-11-26 14:18:18,670 [TestRunnerThread] INFO TestProj.Classes.LogWriter - TIMER: IActivationActions_AliasInput executed in 0 seconds
2014-11-26 14:18:18,671 [TestRunnerThread] ERROR TestProj.Classes.LogWriter - TESTCASE:ActivationFormCorrectUserDetails -> CHALLENGE ANSWER is required, but the test does not specify that it needs to be filled out. UPDATE TEST
2014-11-26 14:18:18,916 [TestRunnerThread] INFO TestProj.Classes.LogWriter - TIMER: IActivationActions_ClickNext executed in 0 seconds
2014-11-26 14:18:19,143 [TestRunnerThread] ERROR TestProj.Classes.LogWriter - TESTCASE:VerifyActivationOneTimePinLandingPage -> APPLICATION BUTTONS DO NOT SHOW. TEST CANNOT BE CREATED!
2014-11-26 14:18:19,143 [TestRunnerThread] FATAL TestProj.Classes.LogWriter - A One Time Pin has been sent to 0*****9728. Please enter the One time Pin here to continue
2014-11-26 14:18:24,286 [TestRunnerThread] INFO TestProj.Classes.LogWriter - TIMER: IActivationActions_ValidateOTPStart executed in 5 seconds
2014-11-26 14:18:29,577 [TestRunnerThread] INFO TestProj.Classes.LogWriter - TIMER: IActivationActions_TestMandatoryFields executed in 5 seconds
2014-11-26 14:18:34,715 [TestRunnerThread] INFO TestProj.Classes.LogWriter - TIMER: IActivationActions_TestInvalidActivationKey executed in 5 seconds
2014-11-26 14:18:35,476 [TestRunnerThread] INFO TestProj.Classes.LogWriter - TIMER: IActivationActions_EnterAndVerifyOTPValue executed in 0 seconds
2014-11-26 14:18:35,539 [TestRunnerThread] INFO TestProj.Classes.LogWriter - TIMER: IActivationActions_ClickNext executed in 0 seconds
2014-11-26 14:18:35,540 [TestRunnerThread] ERROR TestProj.Classes.LogWriter - This error is not displayed due to browser always online --> O1-2-6 – You are not online. Please check your connectivity and try again
2014-11-26 14:18:35,540 [TestRunnerThread] ERROR TestProj.Classes.LogWriter - TESTCASE:CorrectOneTimePinAndApplicationOffline -> Cannot simulate the off-line status as the browser will allways be online
2014-11-26 14:18:35,794 [TestRunnerThread] INFO TestProj.Classes.LogWriter - TIMER: IActivationActions_VerifyLogoAndBanner executed in 0 seconds
2014-11-26 14:18:35,865 [TestRunnerThread] INFO TestProj.Classes.LogWriter - TIMER: IActivationActions_VerifyOnlineIndicator executed in 0 seconds
2014-11-26 14:18:35,985 [TestRunnerThread] INFO TestProj.Classes.LogWriter - TIMER: IActivationActions_VerifyPageLinks executed in 0 seconds
2014-11-26 14:18:36,004 [TestRunnerThread] ERROR TestProj.Classes.LogWriter - TESTCASE:VerifyActivationLandingPage -> What css class is used to disable the next button?
2014-11-26 14:18:36,026 [TestRunnerThread] ERROR TestProj.Classes.LogWriter - TESTCASE:VerifyActivationLandingPage -> Cannot evaluate the color of the next button, just the css class
2014-11-26 14:18:36,026 [TestRunnerThread] ERROR TestProj.Classes.LogWriter - TESTCASE:VerifyActivationLandingPage -> Cannot evaluate the color of the text on the next button, just the css class
2014-11-26 14:18:36,026 [TestRunnerThread] INFO TestProj.Classes.LogWriter - TIMER: IActivationActions_VerifyActivationPageNextButton executed in 0 seconds
2014-11-26 14:18:36,118 [TestRunnerThread] ERROR TestProj.Classes.LogWriter - TESTCASE:VerifyActivationLandingPage -> Two extra fields found on the screen, challengeQuestion and challengeAnswer.
2014-11-26 14:18:36,119 [TestRunnerThread] ERROR TestProj.Classes.LogWriter - TESTCASE:VerifyActivationLandingPage -> APPLICATION BUTTONS DO NOT SHOW. TEST CANNOT BE CREATED!
2014-11-26 14:18:36,119 [TestRunnerThread] INFO TestProj.Classes.LogWriter - TIMER: IActivationActions_VerifyFieldExist executed in 0 seconds
2014-11-26 14:18:36,340 [TestRunnerThread] INFO TestProj.Classes.LogWriter - TIMER: IActivationActions_VerifyLogoAndBanner executed in 0 seconds
2014-11-26 14:18:36,397 [TestRunnerThread] INFO TestProj.Classes.LogWriter - TIMER: IActivationActions_VerifyOnlineIndicator executed in 0 seconds
2014-11-26 14:18:36,474 [TestRunnerThread] INFO TestProj.Classes.LogWriter - TIMER: IActivationActions_VerifyPageLinks executed in 0 seconds
2014-11-26 14:18:36,474 [TestRunnerThread] ERROR TestProj.Classes.LogWriter - Cannot check spelling and grammer automatically
2014-11-26 14:18:36,491 [TestRunnerThread] ERROR TestProj.Classes.LogWriter - TESTCASE:VerifyActivationLandingPage -> What css class is used to disable the next button?
2014-11-26 14:18:36,518 [TestRunnerThread] ERROR TestProj.Classes.LogWriter - TESTCASE:VerifyActivationLandingPage -> Cannot evaluate the color of the next button, just the css class
2014-11-26 14:18:36,519 [TestRunnerThread] ERROR TestProj.Classes.LogWriter - TESTCASE:VerifyActivationLandingPage -> Cannot evaluate the color of the text on the next button, just the css class
2014-11-26 14:18:36,520 [TestRunnerThread] INFO TestProj.Classes.LogWriter - TIMER: IActivationActions_VerifyOTPNextButton executed in 0 seconds
2014-11-26 14:18:36,537 [TestRunnerThread] ERROR TestProj.Classes.LogWriter - TESTCASE:VerifyResendButton -> What css class is used to disable the next button?
2014-11-26 14:18:36,559 [TestRunnerThread] ERROR TestProj.Classes.LogWriter - TESTCASE:VerifyActivationLandingPage -> Cannot evaluate the color of the resend button, just the css class
2014-11-26 14:18:36,559 [TestRunnerThread] ERROR TestProj.Classes.LogWriter - TESTCASE:VerifyActivationLandingPage -> Cannot evaluate the color of the text on the resend button, just the css class
2014-11-26 14:18:36,560 [TestRunnerThread] INFO TestProj.Classes.LogWriter - TIMER: IActivationActions_VerifyResendButton executed in 0 seconds
2014-11-26 14:18:36,591 [TestRunnerThread] ERROR TestProj.Classes.LogWriter - TESTCASE:VerifyActivationOneTimePinLandingPage -> APPLICATION BUTTONS DO NOT SHOW. TEST CANNOT BE CREATED!
2014-11-26 14:18:36,591 [TestRunnerThread] INFO TestProj.Classes.LogWriter - TIMER: IActivationActions_VerifyOntTimeLable executed in 0 seconds
2014-11-26 14:24:04,451 [TestRunnerThread] FATAL TestProj.Classes.LogWriter - 
2014-11-26 14:24:09,849 [TestRunnerThread] INFO TestProj.Classes.LogWriter - TIMER: IActivationActions_TestMandatoryFields executed in 8 seconds
2014-11-26 14:27:04,219 [TestRunnerThread] INFO TestProj.Classes.LogWriter - TIMER: IActivationActions_TestMandatoryFields executed in 7 seconds
2014-11-26 14:27:34,204 [TestRunnerThread] INFO TestProj.Classes.LogWriter - TIMER: IActivationActions_MSISDNInput executed in 0 seconds
2014-11-26 14:27:34,485 [TestRunnerThread] INFO TestProj.Classes.LogWriter - TIMER: IActivationActions_UsernameInput executed in 0 seconds
2014-11-26 14:27:34,646 [TestRunnerThread] INFO TestProj.Classes.LogWriter - TIMER: IActivationActions_ActivationKeyInput executed in 0 seconds
2014-11-26 14:27:34,845 [TestRunnerThread] INFO TestProj.Classes.LogWriter - TIMER: IActivationActions_AliasInput executed in 0 seconds
2014-11-26 14:27:34,845 [TestRunnerThread] ERROR TestProj.Classes.LogWriter - TESTCASE:ActivationFormCorrectUserDetails -> CHALLENGE ANSWER is required, but the test does not specify that it needs to be filled out. UPDATE TEST
2014-11-26 14:27:35,116 [TestRunnerThread] INFO TestProj.Classes.LogWriter - TIMER: IActivationActions_ClickNext executed in 0 seconds
2014-11-26 14:27:35,436 [TestRunnerThread] ERROR TestProj.Classes.LogWriter - TESTCASE:VerifyActivationOneTimePinLandingPage -> APPLICATION BUTTONS DO NOT SHOW. TEST CANNOT BE CREATED!
2014-11-26 14:27:40,506 [TestRunnerThread] INFO TestProj.Classes.LogWriter - TIMER: IActivationActions_ValidateOTPStart executed in 5 seconds
2014-11-26 14:27:45,744 [TestRunnerThread] INFO TestProj.Classes.LogWriter - TIMER: IActivationActions_TestMandatoryFields executed in 5 seconds
2014-11-26 14:27:50,783 [TestRunnerThread] INFO TestProj.Classes.LogWriter - TIMER: IActivationActions_TestInvalidActivationKey executed in 5 seconds
2014-11-26 14:27:51,477 [TestRunnerThread] INFO TestProj.Classes.LogWriter - TIMER: IActivationActions_EnterAndVerifyOTPValue executed in 0 seconds
2014-11-26 14:27:51,533 [TestRunnerThread] INFO TestProj.Classes.LogWriter - TIMER: IActivationActions_ClickNext executed in 0 seconds
2014-11-26 14:27:51,534 [TestRunnerThread] ERROR TestProj.Classes.LogWriter - This error is not displayed due to browser always online --> O1-2-6 – You are not online. Please check your connectivity and try again
2014-11-26 14:27:51,534 [TestRunnerThread] ERROR TestProj.Classes.LogWriter - TESTCASE:CorrectOneTimePinAndApplicationOffline -> Cannot simulate the off-line status as the browser will allways be online
2014-11-26 14:27:52,089 [TestRunnerThread] INFO TestProj.Classes.LogWriter - TIMER: IActivationActions_VerifyLogoAndBanner executed in 0 seconds
2014-11-26 14:27:52,158 [TestRunnerThread] INFO TestProj.Classes.LogWriter - TIMER: IActivationActions_VerifyOnlineIndicator executed in 0 seconds
2014-11-26 14:27:52,273 [TestRunnerThread] INFO TestProj.Classes.LogWriter - TIMER: IActivationActions_VerifyPageLinks executed in 0 seconds
2014-11-26 14:27:57,324 [TestRunnerThread] INFO TestProj.Classes.LogWriter - TIMER: IActivationActions_VerifyActivationPageNextButton executed in 5 seconds
2014-11-26 14:27:57,610 [TestRunnerThread] INFO TestProj.Classes.LogWriter - TIMER: IActivationActions_VerifyLogoAndBanner executed in 0 seconds
2014-11-26 14:27:57,664 [TestRunnerThread] INFO TestProj.Classes.LogWriter - TIMER: IActivationActions_VerifyOnlineIndicator executed in 0 seconds
2014-11-26 14:27:57,722 [TestRunnerThread] INFO TestProj.Classes.LogWriter - TIMER: IActivationActions_VerifyPageLinks executed in 0 seconds
2014-11-26 14:27:57,722 [TestRunnerThread] ERROR TestProj.Classes.LogWriter - Cannot check spelling and grammer automatically
2014-11-26 14:27:57,736 [TestRunnerThread] ERROR TestProj.Classes.LogWriter - TESTCASE:VerifyActivationLandingPage -> What css class is used to disable the next button?
2014-11-26 14:27:57,756 [TestRunnerThread] ERROR TestProj.Classes.LogWriter - TESTCASE:VerifyActivationLandingPage -> Cannot evaluate the color of the next button, just the css class
2014-11-26 14:27:57,756 [TestRunnerThread] ERROR TestProj.Classes.LogWriter - TESTCASE:VerifyActivationLandingPage -> Cannot evaluate the color of the text on the next button, just the css class
2014-11-26 14:27:57,757 [TestRunnerThread] INFO TestProj.Classes.LogWriter - TIMER: IActivationActions_VerifyOTPNextButton executed in 0 seconds
2014-11-26 14:27:57,771 [TestRunnerThread] ERROR TestProj.Classes.LogWriter - TESTCASE:VerifyResendButton -> What css class is used to disable the next button?
2014-11-26 14:27:57,791 [TestRunnerThread] ERROR TestProj.Classes.LogWriter - TESTCASE:VerifyActivationLandingPage -> Cannot evaluate the color of the resend button, just the css class
2014-11-26 14:27:57,791 [TestRunnerThread] ERROR TestProj.Classes.LogWriter - TESTCASE:VerifyActivationLandingPage -> Cannot evaluate the color of the text on the resend button, just the css class
2014-11-26 14:27:57,792 [TestRunnerThread] INFO TestProj.Classes.LogWriter - TIMER: IActivationActions_VerifyResendButton executed in 0 seconds
2014-11-26 14:27:57,815 [TestRunnerThread] ERROR TestProj.Classes.LogWriter - TESTCASE:VerifyActivationOneTimePinLandingPage -> APPLICATION BUTTONS DO NOT SHOW. TEST CANNOT BE CREATED!
2014-11-26 14:27:57,815 [TestRunnerThread] INFO TestProj.Classes.LogWriter - TIMER: IActivationActions_VerifyOntTimeLable executed in 0 seconds
2014-11-26 14:29:36,665 [TestRunnerThread] INFO TestProj.Classes.LogWriter - TIMER: IActivationActions_MSISDNInput executed in 1 seconds
2014-11-26 14:29:36,867 [TestRunnerThread] INFO TestProj.Classes.LogWriter - TIMER: IActivationActions_UsernameInput executed in 0 seconds
2014-11-26 14:29:36,996 [TestRunnerThread] INFO TestProj.Classes.LogWriter - TIMER: IActivationActions_ActivationKeyInput executed in 0 seconds
2014-11-26 14:29:37,171 [TestRunnerThread] INFO TestProj.Classes.LogWriter - TIMER: IActivationActions_AliasInput executed in 0 seconds
2014-11-26 14:29:37,172 [TestRunnerThread] ERROR TestProj.Classes.LogWriter - TESTCASE:ActivationFormCorrectUserDetails -> CHALLENGE ANSWER is required, but the test does not specify that it needs to be filled out. UPDATE TEST
2014-11-26 14:29:37,372 [TestRunnerThread] INFO TestProj.Classes.LogWriter - TIMER: IActivationActions_ClickNext executed in 0 seconds
2014-11-26 14:29:37,583 [TestRunnerThread] ERROR TestProj.Classes.LogWriter - TESTCASE:VerifyActivationOneTimePinLandingPage -> APPLICATION BUTTONS DO NOT SHOW. TEST CANNOT BE CREATED!
2014-11-26 14:29:42,765 [TestRunnerThread] INFO TestProj.Classes.LogWriter - TIMER: IActivationActions_ValidateOTPStart executed in 5 seconds
2014-11-26 14:29:48,428 [TestRunnerThread] INFO TestProj.Classes.LogWriter - TIMER: IActivationActions_TestMandatoryFields executed in 5 seconds
2014-11-26 14:29:54,081 [TestRunnerThread] INFO TestProj.Classes.LogWriter - TIMER: IActivationActions_TestInvalidActivationKey executed in 5 seconds
2014-11-26 14:29:54,670 [TestRunnerThread] INFO TestProj.Classes.LogWriter - TIMER: IActivationActions_EnterAndVerifyOTPValue executed in 0 seconds
2014-11-26 14:29:54,745 [TestRunnerThread] INFO TestProj.Classes.LogWriter - TIMER: IActivationActions_ClickNext executed in 0 seconds
2014-11-26 14:29:54,746 [TestRunnerThread] ERROR TestProj.Classes.LogWriter - This error is not displayed due to browser always online --> O1-2-6 – You are not online. Please check your connectivity and try again
2014-11-26 14:29:54,746 [TestRunnerThread] ERROR TestProj.Classes.LogWriter - TESTCASE:CorrectOneTimePinAndApplicationOffline -> Cannot simulate the off-line status as the browser will allways be online
2014-11-26 14:29:55,200 [TestRunnerThread] INFO TestProj.Classes.LogWriter - TIMER: IActivationActions_VerifyLogoAndBanner executed in 0 seconds
2014-11-26 14:29:55,300 [TestRunnerThread] INFO TestProj.Classes.LogWriter - TIMER: IActivationActions_VerifyOnlineIndicator executed in 0 seconds
2014-11-26 14:29:55,381 [TestRunnerThread] INFO TestProj.Classes.LogWriter - TIMER: IActivationActions_VerifyPageLinks executed in 0 seconds
2014-11-26 14:30:00,404 [TestRunnerThread] INFO TestProj.Classes.LogWriter - TIMER: IActivationActions_VerifyActivationPageNextButton executed in 5 seconds
2014-11-26 14:30:00,591 [TestRunnerThread] INFO TestProj.Classes.LogWriter - TIMER: IActivationActions_VerifyLogoAndBanner executed in 0 seconds
2014-11-26 14:30:00,625 [TestRunnerThread] INFO TestProj.Classes.LogWriter - TIMER: IActivationActions_VerifyOnlineIndicator executed in 0 seconds
2014-11-26 14:30:00,678 [TestRunnerThread] INFO TestProj.Classes.LogWriter - TIMER: IActivationActions_VerifyPageLinks executed in 0 seconds
2014-11-26 14:30:00,678 [TestRunnerThread] ERROR TestProj.Classes.LogWriter - Cannot check spelling and grammer automatically
2014-11-26 14:30:00,691 [TestRunnerThread] ERROR TestProj.Classes.LogWriter - TESTCASE:VerifyActivationLandingPage -> What css class is used to disable the next button?
2014-11-26 14:30:00,709 [TestRunnerThread] ERROR TestProj.Classes.LogWriter - TESTCASE:VerifyActivationLandingPage -> Cannot evaluate the color of the next button, just the css class
2014-11-26 14:30:00,710 [TestRunnerThread] ERROR TestProj.Classes.LogWriter - TESTCASE:VerifyActivationLandingPage -> Cannot evaluate the color of the text on the next button, just the css class
2014-11-26 14:30:00,710 [TestRunnerThread] INFO TestProj.Classes.LogWriter - TIMER: IActivationActions_VerifyOTPNextButton executed in 0 seconds
2014-11-26 14:30:00,722 [TestRunnerThread] ERROR TestProj.Classes.LogWriter - TESTCASE:VerifyResendButton -> What css class is used to disable the next button?
2014-11-26 14:30:00,742 [TestRunnerThread] ERROR TestProj.Classes.LogWriter - TESTCASE:VerifyActivationLandingPage -> Cannot evaluate the color of the resend button, just the css class
2014-11-26 14:30:00,742 [TestRunnerThread] ERROR TestProj.Classes.LogWriter - TESTCASE:VerifyActivationLandingPage -> Cannot evaluate the color of the text on the resend button, just the css class
2014-11-26 14:30:00,742 [TestRunnerThread] INFO TestProj.Classes.LogWriter - TIMER: IActivationActions_VerifyResendButton executed in 0 seconds
2014-11-26 14:30:00,763 [TestRunnerThread] ERROR TestProj.Classes.LogWriter - TESTCASE:VerifyActivationOneTimePinLandingPage -> APPLICATION BUTTONS DO NOT SHOW. TEST CANNOT BE CREATED!
2014-11-26 14:30:00,764 [TestRunnerThread] INFO TestProj.Classes.LogWriter - TIMER: IActivationActions_VerifyOntTimeLable executed in 0 seconds
2014-11-26 14:31:48,862 [TestRunnerThread] INFO TestProj.Classes.LogWriter - TIMER: IActivationActions_TestMandatoryFields executed in 7 seconds
2014-11-26 14:31:49,699 [TestRunnerThread] INFO TestProj.Classes.LogWriter - TIMER: IActivationActions_MSISDNInput executed in 0 seconds
2014-11-26 14:31:49,852 [TestRunnerThread] INFO TestProj.Classes.LogWriter - TIMER: IActivationActions_UsernameInput executed in 0 seconds
2014-11-26 14:31:49,980 [TestRunnerThread] INFO TestProj.Classes.LogWriter - TIMER: IActivationActions_ActivationKeyInput executed in 0 seconds
2014-11-26 14:31:50,122 [TestRunnerThread] INFO TestProj.Classes.LogWriter - TIMER: IActivationActions_AliasInput executed in 0 seconds
2014-11-26 14:31:50,123 [TestRunnerThread] ERROR TestProj.Classes.LogWriter - TESTCASE:ActivationFormCorrectUserDetails -> CHALLENGE ANSWER is required, but the test does not specify that it needs to be filled out. UPDATE TEST
2014-11-26 14:31:50,309 [TestRunnerThread] INFO TestProj.Classes.LogWriter - TIMER: IActivationActions_ClickNext executed in 0 seconds
2014-11-26 14:31:50,511 [TestRunnerThread] ERROR TestProj.Classes.LogWriter - TESTCASE:VerifyActivationOneTimePinLandingPage -> APPLICATION BUTTONS DO NOT SHOW. TEST CANNOT BE CREATED!
2014-11-26 14:31:55,576 [TestRunnerThread] INFO TestProj.Classes.LogWriter - TIMER: IActivationActions_ValidateOTPStart executed in 5 seconds
2014-11-26 14:32:00,657 [TestRunnerThread] INFO TestProj.Classes.LogWriter - TIMER: IActivationActions_TestInvalidActivationKey executed in 5 seconds
2014-11-26 14:32:01,273 [TestRunnerThread] INFO TestProj.Classes.LogWriter - TIMER: IActivationActions_EnterAndVerifyOTPValue executed in 0 seconds
2014-11-26 14:32:01,317 [TestRunnerThread] INFO TestProj.Classes.LogWriter - TIMER: IActivationActions_ClickNext executed in 0 seconds
2014-11-26 14:32:01,317 [TestRunnerThread] ERROR TestProj.Classes.LogWriter - This error is not displayed due to browser always online --> O1-2-6 – You are not online. Please check your connectivity and try again
2014-11-26 14:32:01,318 [TestRunnerThread] ERROR TestProj.Classes.LogWriter - TESTCASE:CorrectOneTimePinAndApplicationOffline -> Cannot simulate the off-line status as the browser will allways be online
2014-11-26 14:32:02,243 [TestRunnerThread] INFO TestProj.Classes.LogWriter - TIMER: IActivationActions_VerifyLogoAndBanner executed in 0 seconds
2014-11-26 14:32:02,296 [TestRunnerThread] INFO TestProj.Classes.LogWriter - TIMER: IActivationActions_VerifyOnlineIndicator executed in 0 seconds
2014-11-26 14:32:02,377 [TestRunnerThread] INFO TestProj.Classes.LogWriter - TIMER: IActivationActions_VerifyPageLinks executed in 0 seconds
2014-11-26 14:32:07,480 [TestRunnerThread] INFO TestProj.Classes.LogWriter - TIMER: IActivationActions_VerifyActivationPageNextButton executed in 5 seconds
2014-11-26 14:32:07,628 [TestRunnerThread] INFO TestProj.Classes.LogWriter - TIMER: IActivationActions_VerifyLogoAndBanner executed in 0 seconds
2014-11-26 14:32:07,662 [TestRunnerThread] INFO TestProj.Classes.LogWriter - TIMER: IActivationActions_VerifyOnlineIndicator executed in 0 seconds
2014-11-26 14:32:07,716 [TestRunnerThread] INFO TestProj.Classes.LogWriter - TIMER: IActivationActions_VerifyPageLinks executed in 0 seconds
2014-11-26 14:32:07,716 [TestRunnerThread] ERROR TestProj.Classes.LogWriter - Cannot check spelling and grammer automatically
2014-11-26 14:32:07,728 [TestRunnerThread] ERROR TestProj.Classes.LogWriter - TESTCASE:VerifyActivationLandingPage -> What css class is used to disable the next button?
2014-11-26 14:32:07,747 [TestRunnerThread] ERROR TestProj.Classes.LogWriter - TESTCASE:VerifyActivationLandingPage -> Cannot evaluate the color of the next button, just the css class
2014-11-26 14:32:07,748 [TestRunnerThread] ERROR TestProj.Classes.LogWriter - TESTCASE:VerifyActivationLandingPage -> Cannot evaluate the color of the text on the next button, just the css class
2014-11-26 14:32:07,748 [TestRunnerThread] INFO TestProj.Classes.LogWriter - TIMER: IActivationActions_VerifyOTPNextButton executed in 0 seconds
2014-11-26 14:32:07,761 [TestRunnerThread] ERROR TestProj.Classes.LogWriter - TESTCASE:VerifyResendButton -> What css class is used to disable the next button?
2014-11-26 14:32:07,780 [TestRunnerThread] ERROR TestProj.Classes.LogWriter - TESTCASE:VerifyActivationLandingPage -> Cannot evaluate the color of the resend button, just the css class
2014-11-26 14:32:07,780 [TestRunnerThread] ERROR TestProj.Classes.LogWriter - TESTCASE:VerifyActivationLandingPage -> Cannot evaluate the color of the text on the resend button, just the css class
2014-11-26 14:32:07,781 [TestRunnerThread] INFO TestProj.Classes.LogWriter - TIMER: IActivationActions_VerifyResendButton executed in 0 seconds
2014-11-26 14:32:07,802 [TestRunnerThread] ERROR TestProj.Classes.LogWriter - TESTCASE:VerifyActivationOneTimePinLandingPage -> APPLICATION BUTTONS DO NOT SHOW. TEST CANNOT BE CREATED!
2014-11-26 14:32:07,802 [TestRunnerThread] INFO TestProj.Classes.LogWriter - TIMER: IActivationActions_VerifyOntTimeLable executed in 0 seconds
2014-11-26 14:41:54,107 [TestRunnerThread] INFO TestProj.Classes.LogWriter - TIMER: IActivationActions_VerifyLogoAndBanner executed in 4 seconds
2014-11-26 14:41:54,355 [TestRunnerThread] INFO TestProj.Classes.LogWriter - TIMER: IActivationActions_VerifyOnlineIndicator executed in 0 seconds
2014-11-26 14:41:54,450 [TestRunnerThread] INFO TestProj.Classes.LogWriter - TIMER: IActivationActions_VerifyPageLinks executed in 0 seconds
2014-11-26 14:41:54,464 [TestRunnerThread] ERROR TestProj.Classes.LogWriter - TESTCASE:VerifyActivationLandingPage -> What css class is used to disable the next button?
2014-11-26 14:41:54,484 [TestRunnerThread] ERROR TestProj.Classes.LogWriter - TESTCASE:VerifyActivationLandingPage -> Cannot evaluate the color of the next button, just the css class
2014-11-26 14:41:54,485 [TestRunnerThread] ERROR TestProj.Classes.LogWriter - TESTCASE:VerifyActivationLandingPage -> Cannot evaluate the color of the text on the next button, just the css class
2014-11-26 14:41:54,485 [TestRunnerThread] INFO TestProj.Classes.LogWriter - TIMER: IActivationActions_VerifyActivationPageNextButton executed in 0 seconds
2014-11-26 14:41:54,548 [TestRunnerThread] ERROR TestProj.Classes.LogWriter - TESTCASE:VerifyActivationLandingPage -> Two extra fields found on the screen, challengeQuestion and challengeAnswer.
2014-11-26 14:41:54,548 [TestRunnerThread] ERROR TestProj.Classes.LogWriter - TESTCASE:VerifyActivationLandingPage -> APPLICATION BUTTONS DO NOT SHOW. TEST CANNOT BE CREATED!
2014-11-26 14:41:54,548 [TestRunnerThread] INFO TestProj.Classes.LogWriter - TIMER: IActivationActions_VerifyFieldExist executed in 0 seconds
2014-11-26 14:41:59,870 [TestRunnerThread] INFO TestProj.Classes.LogWriter - TIMER: IActivationActions_TestMandatoryFields executed in 5 seconds
2014-11-26 14:42:02,039 [TestRunnerThread] ERROR TestProj.Classes.LogWriter - TESTCASEActivationFormIncorrectUserDetails -> Valid MSISDN no required
2014-11-26 14:42:02,181 [TestRunnerThread] ERROR TestProj.Classes.LogWriter - TESTCASE:ActivationFormIncorrectUserDetails -> Valid UNSERNAME required
2014-11-26 14:42:08,093 [TestRunnerThread] INFO TestProj.Classes.LogWriter - TIMER: IActivationActions_TestInvalidActivationKey executed in 6 seconds
2014-11-26 14:42:09,285 [TestRunnerThread] INFO TestProj.Classes.LogWriter - TIMER: IActivationActions_MSISDNInput executed in 0 seconds
2014-11-26 14:42:09,482 [TestRunnerThread] INFO TestProj.Classes.LogWriter - TIMER: IActivationActions_UsernameInput executed in 0 seconds
2014-11-26 14:42:09,612 [TestRunnerThread] INFO TestProj.Classes.LogWriter - TIMER: IActivationActions_ActivationKeyInput executed in 0 seconds
2014-11-26 14:42:09,942 [TestRunnerThread] INFO TestProj.Classes.LogWriter - TIMER: IActivationActions_AliasInput executed in 0 seconds
2014-11-26 14:42:09,942 [TestRunnerThread] ERROR TestProj.Classes.LogWriter - TESTCASE:ActivationFormCorrectUserDetails -> CHALLENGE ANSWER is required, but the test does not specify that it needs to be filled out. UPDATE TEST
2014-11-26 14:42:10,277 [TestRunnerThread] INFO TestProj.Classes.LogWriter - TIMER: IActivationActions_ClickNext executed in 0 seconds
2014-11-26 14:42:10,521 [TestRunnerThread] INFO TestProj.Classes.LogWriter - TIMER: IActivationActions_ValidateOTPStart executed in 0 seconds
2014-11-26 14:42:11,206 [TestRunnerThread] INFO TestProj.Classes.LogWriter - TIMER: IActivationActions_VerifyLogoAndBanner executed in 0 seconds
2014-11-26 14:42:11,252 [TestRunnerThread] INFO TestProj.Classes.LogWriter - TIMER: IActivationActions_VerifyOnlineIndicator executed in 0 seconds
2014-11-26 14:42:11,337 [TestRunnerThread] INFO TestProj.Classes.LogWriter - TIMER: IActivationActions_VerifyPageLinks executed in 0 seconds
2014-11-26 14:42:11,338 [TestRunnerThread] ERROR TestProj.Classes.LogWriter - Cannot check spelling and grammer automatically
2014-11-26 14:42:11,352 [TestRunnerThread] ERROR TestProj.Classes.LogWriter - TESTCASE:VerifyActivationLandingPage -> What css class is used to disable the next button?
2014-11-26 14:42:11,373 [TestRunnerThread] ERROR TestProj.Classes.LogWriter - TESTCASE:VerifyActivationLandingPage -> Cannot evaluate the color of the next button, just the css class
2014-11-26 14:42:11,373 [TestRunnerThread] ERROR TestProj.Classes.LogWriter - TESTCASE:VerifyActivationLandingPage -> Cannot evaluate the color of the text on the next button, just the css class
2014-11-26 14:42:11,374 [TestRunnerThread] INFO TestProj.Classes.LogWriter - TIMER: IActivationActions_VerifyOTPNextButton executed in 0 seconds
2014-11-26 14:42:11,388 [TestRunnerThread] ERROR TestProj.Classes.LogWriter - TESTCASE:VerifyResendButton -> What css class is used to disable the next button?
2014-11-26 14:42:11,408 [TestRunnerThread] ERROR TestProj.Classes.LogWriter - TESTCASE:VerifyActivationLandingPage -> Cannot evaluate the color of the resend button, just the css class
2014-11-26 14:42:11,409 [TestRunnerThread] ERROR TestProj.Classes.LogWriter - TESTCASE:VerifyActivationLandingPage -> Cannot evaluate the color of the text on the resend button, just the css class
2014-11-26 14:42:11,409 [TestRunnerThread] INFO TestProj.Classes.LogWriter - TIMER: IActivationActions_VerifyResendButton executed in 0 seconds
2014-11-26 14:42:11,430 [TestRunnerThread] ERROR TestProj.Classes.LogWriter - TESTCASE:VerifyActivationOneTimePinLandingPage -> APPLICATION BUTTONS DO NOT SHOW. TEST CANNOT BE CREATED!
2014-11-26 14:42:11,430 [TestRunnerThread] INFO TestProj.Classes.LogWriter - TIMER: IActivationActions_VerifyOntTimeLable executed in 0 seconds
2014-11-26 14:42:11,645 [TestRunnerThread] INFO TestProj.Classes.LogWriter - TIMER: IActivationActions_EnterAndVerifyOTPValue executed in 0 seconds
2014-11-26 14:42:11,688 [TestRunnerThread] INFO TestProj.Classes.LogWriter - TIMER: IActivationActions_ClickNext executed in 0 seconds
2014-11-26 14:42:11,689 [TestRunnerThread] ERROR TestProj.Classes.LogWriter - This error is not displayed due to browser always online --> O1-2-6 – You are not online. Please check your connectivity and try again
2014-11-26 14:42:11,689 [TestRunnerThread] ERROR TestProj.Classes.LogWriter - TESTCASE:CorrectOneTimePinAndApplicationOffline -> Cannot simulate the off-line status as the browser will allways be online
2014-11-26 14:45:22,435 [TestRunnerThread] INFO TestProj.Classes.LogWriter - TIMER: IActivationActions_VerifyLogoAndBanner executed in 1 seconds
2014-11-26 14:45:22,550 [TestRunnerThread] INFO TestProj.Classes.LogWriter - TIMER: IActivationActions_VerifyOnlineIndicator executed in 0 seconds
2014-11-26 14:45:22,646 [TestRunnerThread] INFO TestProj.Classes.LogWriter - TIMER: IActivationActions_VerifyPageLinks executed in 0 seconds
2014-11-26 14:45:22,660 [TestRunnerThread] ERROR TestProj.Classes.LogWriter - TESTCASE:VerifyActivationLandingPage -> What css class is used to disable the next button?
2014-11-26 14:45:22,680 [TestRunnerThread] ERROR TestProj.Classes.LogWriter - TESTCASE:VerifyActivationLandingPage -> Cannot evaluate the color of the next button, just the css class
2014-11-26 14:45:22,680 [TestRunnerThread] ERROR TestProj.Classes.LogWriter - TESTCASE:VerifyActivationLandingPage -> Cannot evaluate the color of the text on the next button, just the css class
2014-11-26 14:45:22,681 [TestRunnerThread] INFO TestProj.Classes.LogWriter - TIMER: IActivationActions_VerifyActivationPageNextButton executed in 0 seconds
2014-11-26 14:45:22,740 [TestRunnerThread] ERROR TestProj.Classes.LogWriter - TESTCASE:VerifyActivationLandingPage -> Two extra fields found on the screen, challengeQuestion and challengeAnswer.
2014-11-26 14:45:22,741 [TestRunnerThread] ERROR TestProj.Classes.LogWriter - TESTCASE:VerifyActivationLandingPage -> APPLICATION BUTTONS DO NOT SHOW. TEST CANNOT BE CREATED!
2014-11-26 14:45:22,741 [TestRunnerThread] INFO TestProj.Classes.LogWriter - TIMER: IActivationActions_VerifyFieldExist executed in 0 seconds
2014-11-26 14:45:28,096 [TestRunnerThread] INFO TestProj.Classes.LogWriter - TIMER: IActivationActions_TestMandatoryFields executed in 5 seconds
2014-11-26 14:45:28,394 [TestRunnerThread] ERROR TestProj.Classes.LogWriter - TESTCASEActivationFormIncorrectUserDetails -> Valid MSISDN no required
2014-11-26 14:45:28,539 [TestRunnerThread] ERROR TestProj.Classes.LogWriter - TESTCASE:ActivationFormIncorrectUserDetails -> Valid UNSERNAME required
2014-11-26 14:45:34,002 [TestRunnerThread] INFO TestProj.Classes.LogWriter - TIMER: IActivationActions_TestInvalidActivationKey executed in 5 seconds
2014-11-26 14:45:34,441 [TestRunnerThread] INFO TestProj.Classes.LogWriter - TIMER: IActivationActions_MSISDNInput executed in 0 seconds
2014-11-26 14:45:34,604 [TestRunnerThread] INFO TestProj.Classes.LogWriter - TIMER: IActivationActions_UsernameInput executed in 0 seconds
2014-11-26 14:45:34,735 [TestRunnerThread] INFO TestProj.Classes.LogWriter - TIMER: IActivationActions_ActivationKeyInput executed in 0 seconds
2014-11-26 14:45:34,909 [TestRunnerThread] INFO TestProj.Classes.LogWriter - TIMER: IActivationActions_AliasInput executed in 0 seconds
2014-11-26 14:45:34,910 [TestRunnerThread] ERROR TestProj.Classes.LogWriter - TESTCASE:ActivationFormCorrectUserDetails -> CHALLENGE ANSWER is required, but the test does not specify that it needs to be filled out. UPDATE TEST
2014-11-26 14:45:35,109 [TestRunnerThread] INFO TestProj.Classes.LogWriter - TIMER: IActivationActions_ClickNext executed in 0 seconds
2014-11-26 14:45:35,288 [TestRunnerThread] ERROR TestProj.Classes.LogWriter - TESTCASE:VerifyActivationOneTimePinLandingPage -> APPLICATION BUTTONS DO NOT SHOW. TEST CANNOT BE CREATED!
2014-11-26 14:45:40,301 [TestRunnerThread] INFO TestProj.Classes.LogWriter - TIMER: IActivationActions_ValidateOTPStart executed in 5 seconds
2014-11-26 14:45:40,895 [TestRunnerThread] INFO TestProj.Classes.LogWriter - TIMER: IActivationActions_VerifyLogoAndBanner executed in 0 seconds
2014-11-26 14:45:40,937 [TestRunnerThread] INFO TestProj.Classes.LogWriter - TIMER: IActivationActions_VerifyOnlineIndicator executed in 0 seconds
2014-11-26 14:45:41,014 [TestRunnerThread] INFO TestProj.Classes.LogWriter - TIMER: IActivationActions_VerifyPageLinks executed in 0 seconds
2014-11-26 14:45:41,014 [TestRunnerThread] ERROR TestProj.Classes.LogWriter - Cannot check spelling and grammer automatically
2014-11-26 14:45:41,027 [TestRunnerThread] ERROR TestProj.Classes.LogWriter - TESTCASE:VerifyActivationLandingPage -> What css class is used to disable the next button?
2014-11-26 14:45:41,052 [TestRunnerThread] ERROR TestProj.Classes.LogWriter - TESTCASE:VerifyActivationLandingPage -> Cannot evaluate the color of the next button, just the css class
2014-11-26 14:45:41,052 [TestRunnerThread] ERROR TestProj.Classes.LogWriter - TESTCASE:VerifyActivationLandingPage -> Cannot evaluate the color of the text on the next button, just the css class
2014-11-26 14:45:41,052 [TestRunnerThread] INFO TestProj.Classes.LogWriter - TIMER: IActivationActions_VerifyOTPNextButton executed in 0 seconds
2014-11-26 14:45:41,068 [TestRunnerThread] ERROR TestProj.Classes.LogWriter - TESTCASE:VerifyResendButton -> What css class is used to disable the next button?
2014-11-26 14:45:41,095 [TestRunnerThread] ERROR TestProj.Classes.LogWriter - TESTCASE:VerifyActivationLandingPage -> Cannot evaluate the color of the resend button, just the css class
2014-11-26 14:45:41,095 [TestRunnerThread] ERROR TestProj.Classes.LogWriter - TESTCASE:VerifyActivationLandingPage -> Cannot evaluate the color of the text on the resend button, just the css class
2014-11-26 14:45:41,096 [TestRunnerThread] INFO TestProj.Classes.LogWriter - TIMER: IActivationActions_VerifyResendButton executed in 0 seconds
2014-11-26 14:45:41,124 [TestRunnerThread] ERROR TestProj.Classes.LogWriter - TESTCASE:VerifyActivationOneTimePinLandingPage -> APPLICATION BUTTONS DO NOT SHOW. TEST CANNOT BE CREATED!
2014-11-26 14:45:41,125 [TestRunnerThread] INFO TestProj.Classes.LogWriter - TIMER: IActivationActions_VerifyOntTimeLable executed in 0 seconds
2014-11-26 14:45:41,369 [TestRunnerThread] INFO TestProj.Classes.LogWriter - TIMER: IActivationActions_EnterAndVerifyOTPValue executed in 0 seconds
2014-11-26 14:45:41,412 [TestRunnerThread] INFO TestProj.Classes.LogWriter - TIMER: IActivationActions_ClickNext executed in 0 seconds
2014-11-26 14:45:41,412 [TestRunnerThread] ERROR TestProj.Classes.LogWriter - This error is not displayed due to browser always online --> O1-2-6 – You are not online. Please check your connectivity and try again
2014-11-26 14:45:41,412 [TestRunnerThread] ERROR TestProj.Classes.LogWriter - TESTCASE:CorrectOneTimePinAndApplicationOffline -> Cannot simulate the off-line status as the browser will allways be online
2014-11-26 14:55:08,783 [TestRunnerThread] FATAL TestProj.Classes.LogWriter - FluentAutomation.ElementProxy
2014-11-26 14:55:17,767 [TestRunnerThread] INFO TestProj.Classes.LogWriter - TIMER: IActivationActions_MSISDNInput executed in 0 seconds
2014-11-26 14:55:17,920 [TestRunnerThread] INFO TestProj.Classes.LogWriter - TIMER: IActivationActions_UsernameInput executed in 0 seconds
2014-11-26 14:55:18,057 [TestRunnerThread] INFO TestProj.Classes.LogWriter - TIMER: IActivationActions_ActivationKeyInput executed in 0 seconds
2014-11-26 14:55:18,209 [TestRunnerThread] INFO TestProj.Classes.LogWriter - TIMER: IActivationActions_AliasInput executed in 0 seconds
2014-11-26 14:55:18,210 [TestRunnerThread] ERROR TestProj.Classes.LogWriter - TESTCASE:ActivationFormCorrectUserDetails -> CHALLENGE ANSWER is required, but the test does not specify that it needs to be filled out. UPDATE TEST
2014-11-26 14:55:18,443 [TestRunnerThread] INFO TestProj.Classes.LogWriter - TIMER: IActivationActions_ClickNext executed in 0 seconds
2014-11-26 14:55:18,637 [TestRunnerThread] ERROR TestProj.Classes.LogWriter - TESTCASE:VerifyActivationOneTimePinLandingPage -> APPLICATION BUTTONS DO NOT SHOW. TEST CANNOT BE CREATED!
2014-11-26 14:55:23,824 [TestRunnerThread] INFO TestProj.Classes.LogWriter - TIMER: IActivationActions_ValidateOTPStart executed in 5 seconds
2014-11-26 15:19:21,756 [TestRunnerThread] INFO TestProj.Classes.LogWriter - TIMER: IActivationActions_TestMandatoryFields executed in 8 seconds
2014-11-26 15:22:39,127 [TestRunnerThread] INFO TestProj.Classes.LogWriter - TIMER: IActivationActions_TestMandatoryFields executed in 6 seconds
2014-11-26 15:26:10,435 [TestRunnerThread] INFO TestProj.Classes.LogWriter - TIMER: IActivationActions_TestMandatoryFields executed in 6 seconds
2014-11-26 15:27:57,794 [TestRunnerThread] INFO TestProj.Classes.LogWriter - TIMER: IActivationActions_VerifyLogoAndBanner executed in 1 seconds
2014-11-26 15:27:57,898 [TestRunnerThread] INFO TestProj.Classes.LogWriter - TIMER: IActivationActions_VerifyOnlineIndicator executed in 0 seconds
2014-11-26 15:27:57,991 [TestRunnerThread] INFO TestProj.Classes.LogWriter - TIMER: IActivationActions_VerifyPageLinks executed in 0 seconds
2014-11-26 15:27:58,005 [TestRunnerThread] ERROR TestProj.Classes.LogWriter - TESTCASE:VerifyActivationLandingPage -> What css class is used to disable the next button?
2014-11-26 15:27:58,023 [TestRunnerThread] ERROR TestProj.Classes.LogWriter - TESTCASE:VerifyActivationLandingPage -> Cannot evaluate the color of the next button, just the css class
2014-11-26 15:27:58,024 [TestRunnerThread] ERROR TestProj.Classes.LogWriter - TESTCASE:VerifyActivationLandingPage -> Cannot evaluate the color of the text on the next button, just the css class
2014-11-26 15:27:58,024 [TestRunnerThread] INFO TestProj.Classes.LogWriter - TIMER: IActivationActions_VerifyActivationPageNextButton executed in 0 seconds
2014-11-26 15:27:58,082 [TestRunnerThread] ERROR TestProj.Classes.LogWriter - TESTCASE:VerifyActivationLandingPage -> Two extra fields found on the screen, challengeQuestion and challengeAnswer.
2014-11-26 15:27:58,083 [TestRunnerThread] ERROR TestProj.Classes.LogWriter - TESTCASE:VerifyActivationLandingPage -> APPLICATION BUTTONS DO NOT SHOW. TEST CANNOT BE CREATED!
2014-11-26 15:27:58,083 [TestRunnerThread] INFO TestProj.Classes.LogWriter - TIMER: IActivationActions_VerifyFieldExist executed in 0 seconds
2014-11-26 15:28:03,493 [TestRunnerThread] INFO TestProj.Classes.LogWriter - TIMER: IActivationActions_TestMandatoryFields executed in 5 seconds
2014-11-26 15:28:03,824 [TestRunnerThread] ERROR TestProj.Classes.LogWriter - TESTCASEActivationFormIncorrectUserDetails -> Valid MSISDN no required
2014-11-26 15:28:03,962 [TestRunnerThread] ERROR TestProj.Classes.LogWriter - TESTCASE:ActivationFormIncorrectUserDetails -> Valid UNSERNAME required
2014-11-26 15:28:09,468 [TestRunnerThread] INFO TestProj.Classes.LogWriter - TIMER: IActivationActions_TestInvalidActivationKey executed in 5 seconds
2014-11-26 15:28:09,752 [TestRunnerThread] INFO TestProj.Classes.LogWriter - TIMER: IActivationActions_MSISDNInput executed in 0 seconds
2014-11-26 15:28:09,865 [TestRunnerThread] INFO TestProj.Classes.LogWriter - TIMER: IActivationActions_UsernameInput executed in 0 seconds
2014-11-26 15:28:09,958 [TestRunnerThread] INFO TestProj.Classes.LogWriter - TIMER: IActivationActions_ActivationKeyInput executed in 0 seconds
2014-11-26 15:28:10,085 [TestRunnerThread] INFO TestProj.Classes.LogWriter - TIMER: IActivationActions_AliasInput executed in 0 seconds
2014-11-26 15:28:10,086 [TestRunnerThread] ERROR TestProj.Classes.LogWriter - TESTCASE:ActivationFormCorrectUserDetails -> CHALLENGE ANSWER is required, but the test does not specify that it needs to be filled out. UPDATE TEST
2014-11-26 15:28:10,308 [TestRunnerThread] INFO TestProj.Classes.LogWriter - TIMER: IActivationActions_ClickNext executed in 0 seconds
2014-11-26 15:28:10,481 [TestRunnerThread] ERROR TestProj.Classes.LogWriter - TESTCASE:VerifyActivationOneTimePinLandingPage -> APPLICATION BUTTONS DO NOT SHOW. TEST CANNOT BE CREATED!
2014-11-26 15:28:15,623 [TestRunnerThread] INFO TestProj.Classes.LogWriter - TIMER: IActivationActions_ValidateOTPStart executed in 5 seconds
2014-11-26 15:28:16,208 [TestRunnerThread] INFO TestProj.Classes.LogWriter - TIMER: IActivationActions_VerifyLogoAndBanner executed in 0 seconds
2014-11-26 15:28:16,255 [TestRunnerThread] INFO TestProj.Classes.LogWriter - TIMER: IActivationActions_VerifyOnlineIndicator executed in 0 seconds
2014-11-26 15:28:16,327 [TestRunnerThread] INFO TestProj.Classes.LogWriter - TIMER: IActivationActions_VerifyPageLinks executed in 0 seconds
2014-11-26 15:28:16,328 [TestRunnerThread] ERROR TestProj.Classes.LogWriter - Cannot check spelling and grammer automatically
2014-11-26 15:28:16,340 [TestRunnerThread] ERROR TestProj.Classes.LogWriter - TESTCASE:VerifyActivationLandingPage -> What css class is used to disable the next button?
2014-11-26 15:28:16,359 [TestRunnerThread] ERROR TestProj.Classes.LogWriter - TESTCASE:VerifyActivationLandingPage -> Cannot evaluate the color of the next button, just the css class
2014-11-26 15:28:16,359 [TestRunnerThread] ERROR TestProj.Classes.LogWriter - TESTCASE:VerifyActivationLandingPage -> Cannot evaluate the color of the text on the next button, just the css class
2014-11-26 15:28:16,359 [TestRunnerThread] INFO TestProj.Classes.LogWriter - TIMER: IActivationActions_VerifyOTPNextButton executed in 0 seconds
2014-11-26 15:28:16,371 [TestRunnerThread] ERROR TestProj.Classes.LogWriter - TESTCASE:VerifyResendButton -> What css class is used to disable the next button?
2014-11-26 15:28:16,390 [TestRunnerThread] ERROR TestProj.Classes.LogWriter - TESTCASE:VerifyActivationLandingPage -> Cannot evaluate the color of the resend button, just the css class
2014-11-26 15:28:16,390 [TestRunnerThread] ERROR TestProj.Classes.LogWriter - TESTCASE:VerifyActivationLandingPage -> Cannot evaluate the color of the text on the resend button, just the css class
2014-11-26 15:28:16,391 [TestRunnerThread] INFO TestProj.Classes.LogWriter - TIMER: IActivationActions_VerifyResendButton executed in 0 seconds
2014-11-26 15:28:16,411 [TestRunnerThread] ERROR TestProj.Classes.LogWriter - TESTCASE:VerifyActivationOneTimePinLandingPage -> APPLICATION BUTTONS DO NOT SHOW. TEST CANNOT BE CREATED!
2014-11-26 15:28:16,411 [TestRunnerThread] INFO TestProj.Classes.LogWriter - TIMER: IActivationActions_VerifyOntTimeLable executed in 0 seconds
2014-11-26 15:28:16,681 [TestRunnerThread] INFO TestProj.Classes.LogWriter - TIMER: IActivationActions_EnterAndVerifyOTPValue executed in 0 seconds
2014-11-26 15:28:16,722 [TestRunnerThread] INFO TestProj.Classes.LogWriter - TIMER: IActivationActions_ClickNext executed in 0 seconds
2014-11-26 15:28:16,722 [TestRunnerThread] ERROR TestProj.Classes.LogWriter - This error is not displayed due to browser always online --> O1-2-6 – You are not online. Please check your connectivity and try again
2014-11-26 15:28:16,723 [TestRunnerThread] ERROR TestProj.Classes.LogWriter - TESTCASE:CorrectOneTimePinAndApplicationOffline -> Cannot simulate the off-line status as the browser will allways be online
2014-11-26 15:31:25,848 [TestRunnerThread] INFO TestProj.Classes.LogWriter - TIMER: IActivationActions_VerifyLogoAndBanner executed in 1 seconds
2014-11-26 15:31:25,959 [TestRunnerThread] INFO TestProj.Classes.LogWriter - TIMER: IActivationActions_VerifyOnlineIndicator executed in 0 seconds
2014-11-26 15:31:26,054 [TestRunnerThread] INFO TestProj.Classes.LogWriter - TIMER: IActivationActions_VerifyPageLinks executed in 0 seconds
2014-11-26 15:31:26,068 [TestRunnerThread] ERROR TestProj.Classes.LogWriter - TESTCASE:VerifyActivationLandingPage -> What css class is used to disable the next button?
2014-11-26 15:31:26,086 [TestRunnerThread] ERROR TestProj.Classes.LogWriter - TESTCASE:VerifyActivationLandingPage -> Cannot evaluate the color of the next button, just the css class
2014-11-26 15:31:26,086 [TestRunnerThread] ERROR TestProj.Classes.LogWriter - TESTCASE:VerifyActivationLandingPage -> Cannot evaluate the color of the text on the next button, just the css class
2014-11-26 15:31:26,087 [TestRunnerThread] INFO TestProj.Classes.LogWriter - TIMER: IActivationActions_VerifyActivationPageNextButton executed in 0 seconds
2014-11-26 15:31:26,145 [TestRunnerThread] ERROR TestProj.Classes.LogWriter - TESTCASE:VerifyActivationLandingPage -> Two extra fields found on the screen, challengeQuestion and challengeAnswer.
2014-11-26 15:31:26,146 [TestRunnerThread] ERROR TestProj.Classes.LogWriter - TESTCASE:VerifyActivationLandingPage -> APPLICATION BUTTONS DO NOT SHOW. TEST CANNOT BE CREATED!
2014-11-26 15:31:26,146 [TestRunnerThread] INFO TestProj.Classes.LogWriter - TIMER: IActivationActions_VerifyFieldExist executed in 0 seconds
2014-11-26 15:31:31,513 [TestRunnerThread] INFO TestProj.Classes.LogWriter - TIMER: IActivationActions_TestMandatoryFields executed in 5 seconds
2014-11-26 15:31:31,979 [TestRunnerThread] ERROR TestProj.Classes.LogWriter - TESTCASEActivationFormIncorrectUserDetails -> Valid MSISDN no required
2014-11-26 15:31:32,149 [TestRunnerThread] ERROR TestProj.Classes.LogWriter - TESTCASE:ActivationFormIncorrectUserDetails -> Valid UNSERNAME required
2014-11-26 15:31:37,647 [TestRunnerThread] INFO TestProj.Classes.LogWriter - TIMER: IActivationActions_TestInvalidActivationKey executed in 5 seconds
2014-11-26 15:31:37,973 [TestRunnerThread] INFO TestProj.Classes.LogWriter - TIMER: IActivationActions_MSISDNInput executed in 0 seconds
2014-11-26 15:31:38,214 [TestRunnerThread] INFO TestProj.Classes.LogWriter - TIMER: IActivationActions_UsernameInput executed in 0 seconds
2014-11-26 15:31:38,345 [TestRunnerThread] INFO TestProj.Classes.LogWriter - TIMER: IActivationActions_ActivationKeyInput executed in 0 seconds
2014-11-26 15:31:38,513 [TestRunnerThread] INFO TestProj.Classes.LogWriter - TIMER: IActivationActions_AliasInput executed in 0 seconds
2014-11-26 15:31:38,513 [TestRunnerThread] ERROR TestProj.Classes.LogWriter - TESTCASE:ActivationFormCorrectUserDetails -> CHALLENGE ANSWER is required, but the test does not specify that it needs to be filled out. UPDATE TEST
2014-11-26 15:31:38,701 [TestRunnerThread] INFO TestProj.Classes.LogWriter - TIMER: IActivationActions_ClickNext executed in 0 seconds
2014-11-26 15:31:39,098 [TestRunnerThread] ERROR TestProj.Classes.LogWriter - TESTCASE:VerifyActivationOneTimePinLandingPage -> APPLICATION BUTTONS DO NOT SHOW. TEST CANNOT BE CREATED!
2014-11-26 15:31:44,126 [TestRunnerThread] INFO TestProj.Classes.LogWriter - TIMER: IActivationActions_ValidateOTPStart executed in 5 seconds
2014-11-26 15:31:45,061 [TestRunnerThread] INFO TestProj.Classes.LogWriter - TIMER: IActivationActions_EnterAndVerifyOTPValue executed in 0 seconds
2014-11-26 15:31:45,125 [TestRunnerThread] INFO TestProj.Classes.LogWriter - TIMER: IActivationActions_ClickNext executed in 0 seconds
2014-11-26 15:31:45,125 [TestRunnerThread] ERROR TestProj.Classes.LogWriter - This error is not displayed due to browser always online --> O1-2-6 – You are not online. Please check your connectivity and try again
2014-11-26 15:31:45,125 [TestRunnerThread] ERROR TestProj.Classes.LogWriter - TESTCASE:CorrectOneTimePinAndApplicationOffline -> Cannot simulate the off-line status as the browser will allways be online
2014-11-26 15:33:08,346 [TestRunnerThread] INFO TestProj.Classes.LogWriter - TIMER: IActivationActions_VerifyLogoAndBanner executed in 1 seconds
2014-11-26 15:33:08,448 [TestRunnerThread] INFO TestProj.Classes.LogWriter - TIMER: IActivationActions_VerifyOnlineIndicator executed in 0 seconds
2014-11-26 15:33:08,542 [TestRunnerThread] INFO TestProj.Classes.LogWriter - TIMER: IActivationActions_VerifyPageLinks executed in 0 seconds
2014-11-26 15:33:08,556 [TestRunnerThread] ERROR TestProj.Classes.LogWriter - TESTCASE:VerifyActivationLandingPage -> What css class is used to disable the next button?
2014-11-26 15:33:08,575 [TestRunnerThread] ERROR TestProj.Classes.LogWriter - TESTCASE:VerifyActivationLandingPage -> Cannot evaluate the color of the next button, just the css class
2014-11-26 15:33:08,576 [TestRunnerThread] ERROR TestProj.Classes.LogWriter - TESTCASE:VerifyActivationLandingPage -> Cannot evaluate the color of the text on the next button, just the css class
2014-11-26 15:33:08,576 [TestRunnerThread] INFO TestProj.Classes.LogWriter - TIMER: IActivationActions_VerifyActivationPageNextButton executed in 0 seconds
2014-11-26 15:33:08,639 [TestRunnerThread] ERROR TestProj.Classes.LogWriter - TESTCASE:VerifyActivationLandingPage -> Two extra fields found on the screen, challengeQuestion and challengeAnswer.
2014-11-26 15:33:08,639 [TestRunnerThread] ERROR TestProj.Classes.LogWriter - TESTCASE:VerifyActivationLandingPage -> APPLICATION BUTTONS DO NOT SHOW. TEST CANNOT BE CREATED!
2014-11-26 15:33:08,639 [TestRunnerThread] INFO TestProj.Classes.LogWriter - TIMER: IActivationActions_VerifyFieldExist executed in 0 seconds
2014-11-26 15:33:13,954 [TestRunnerThread] INFO TestProj.Classes.LogWriter - TIMER: IActivationActions_TestMandatoryFields executed in 5 seconds
2014-11-26 15:33:14,350 [TestRunnerThread] ERROR TestProj.Classes.LogWriter - TESTCASEActivationFormIncorrectUserDetails -> Valid MSISDN no required
2014-11-26 15:33:14,502 [TestRunnerThread] ERROR TestProj.Classes.LogWriter - TESTCASE:ActivationFormIncorrectUserDetails -> Valid UNSERNAME required
2014-11-26 15:33:19,919 [TestRunnerThread] INFO TestProj.Classes.LogWriter - TIMER: IActivationActions_TestInvalidActivationKey executed in 5 seconds
2014-11-26 15:33:20,358 [TestRunnerThread] INFO TestProj.Classes.LogWriter - TIMER: IActivationActions_MSISDNInput executed in 0 seconds
2014-11-26 15:33:20,550 [TestRunnerThread] INFO TestProj.Classes.LogWriter - TIMER: IActivationActions_UsernameInput executed in 0 seconds
2014-11-26 15:33:20,711 [TestRunnerThread] INFO TestProj.Classes.LogWriter - TIMER: IActivationActions_ActivationKeyInput executed in 0 seconds
2014-11-26 15:33:20,883 [TestRunnerThread] INFO TestProj.Classes.LogWriter - TIMER: IActivationActions_AliasInput executed in 0 seconds
2014-11-26 15:33:20,883 [TestRunnerThread] ERROR TestProj.Classes.LogWriter - TESTCASE:ActivationFormCorrectUserDetails -> CHALLENGE ANSWER is required, but the test does not specify that it needs to be filled out. UPDATE TEST
2014-11-26 15:33:21,071 [TestRunnerThread] INFO TestProj.Classes.LogWriter - TIMER: IActivationActions_ClickNext executed in 0 seconds
2014-11-26 15:33:21,362 [TestRunnerThread] ERROR TestProj.Classes.LogWriter - TESTCASE:VerifyActivationOneTimePinLandingPage -> APPLICATION BUTTONS DO NOT SHOW. TEST CANNOT BE CREATED!
2014-11-26 15:33:26,405 [TestRunnerThread] INFO TestProj.Classes.LogWriter - TIMER: IActivationActions_ValidateOTPStart executed in 5 seconds
2014-11-26 15:33:31,530 [TestRunnerThread] INFO TestProj.Classes.LogWriter - TIMER: IActivationActions_MSISDNInput executed in 5 seconds
2014-11-26 15:33:32,168 [TestRunnerThread] INFO TestProj.Classes.LogWriter - TIMER: IActivationActions_EnterAndVerifyOTPValue executed in 0 seconds
2014-11-26 15:33:32,231 [TestRunnerThread] INFO TestProj.Classes.LogWriter - TIMER: IActivationActions_ClickNext executed in 0 seconds
2014-11-26 15:33:32,231 [TestRunnerThread] ERROR TestProj.Classes.LogWriter - This error is not displayed due to browser always online --> O1-2-6 – You are not online. Please check your connectivity and try again
2014-11-26 15:33:32,231 [TestRunnerThread] ERROR TestProj.Classes.LogWriter - TESTCASE:CorrectOneTimePinAndApplicationOffline -> Cannot simulate the off-line status as the browser will allways be online
2014-11-26 15:35:15,726 [TestRunnerThread] INFO TestProj.Classes.LogWriter - TIMER: IActivationActions_VerifyLogoAndBanner executed in 1 seconds
2014-11-26 15:35:15,840 [TestRunnerThread] INFO TestProj.Classes.LogWriter - TIMER: IActivationActions_VerifyOnlineIndicator executed in 0 seconds
2014-11-26 15:35:15,938 [TestRunnerThread] INFO TestProj.Classes.LogWriter - TIMER: IActivationActions_VerifyPageLinks executed in 0 seconds
2014-11-26 15:35:15,952 [TestRunnerThread] ERROR TestProj.Classes.LogWriter - TESTCASE:VerifyActivationLandingPage -> What css class is used to disable the next button?
2014-11-26 15:35:15,972 [TestRunnerThread] ERROR TestProj.Classes.LogWriter - TESTCASE:VerifyActivationLandingPage -> Cannot evaluate the color of the next button, just the css class
2014-11-26 15:35:15,972 [TestRunnerThread] ERROR TestProj.Classes.LogWriter - TESTCASE:VerifyActivationLandingPage -> Cannot evaluate the color of the text on the next button, just the css class
2014-11-26 15:35:15,972 [TestRunnerThread] INFO TestProj.Classes.LogWriter - TIMER: IActivationActions_VerifyActivationPageNextButton executed in 0 seconds
2014-11-26 15:35:16,035 [TestRunnerThread] ERROR TestProj.Classes.LogWriter - TESTCASE:VerifyActivationLandingPage -> Two extra fields found on the screen, challengeQuestion and challengeAnswer.
2014-11-26 15:35:16,036 [TestRunnerThread] ERROR TestProj.Classes.LogWriter - TESTCASE:VerifyActivationLandingPage -> APPLICATION BUTTONS DO NOT SHOW. TEST CANNOT BE CREATED!
2014-11-26 15:35:16,036 [TestRunnerThread] INFO TestProj.Classes.LogWriter - TIMER: IActivationActions_VerifyFieldExist executed in 0 seconds
2014-11-26 15:35:21,349 [TestRunnerThread] INFO TestProj.Classes.LogWriter - TIMER: IActivationActions_TestMandatoryFields executed in 5 seconds
2014-11-26 15:35:21,965 [TestRunnerThread] ERROR TestProj.Classes.LogWriter - TESTCASEActivationFormIncorrectUserDetails -> Valid MSISDN no required
2014-11-26 15:35:22,144 [TestRunnerThread] ERROR TestProj.Classes.LogWriter - TESTCASE:ActivationFormIncorrectUserDetails -> Valid UNSERNAME required
2014-11-26 15:35:27,584 [TestRunnerThread] INFO TestProj.Classes.LogWriter - TIMER: IActivationActions_TestInvalidActivationKey executed in 5 seconds
2014-11-26 15:35:27,767 [TestRunnerThread] INFO TestProj.Classes.LogWriter - TIMER: IActivationActions_MSISDNInput executed in 0 seconds
2014-11-26 15:35:27,919 [TestRunnerThread] INFO TestProj.Classes.LogWriter - TIMER: IActivationActions_UsernameInput executed in 0 seconds
2014-11-26 15:35:28,054 [TestRunnerThread] INFO TestProj.Classes.LogWriter - TIMER: IActivationActions_ActivationKeyInput executed in 0 seconds
2014-11-26 15:35:28,220 [TestRunnerThread] INFO TestProj.Classes.LogWriter - TIMER: IActivationActions_AliasInput executed in 0 seconds
2014-11-26 15:35:28,220 [TestRunnerThread] ERROR TestProj.Classes.LogWriter - TESTCASE:ActivationFormCorrectUserDetails -> CHALLENGE ANSWER is required, but the test does not specify that it needs to be filled out. UPDATE TEST
2014-11-26 15:35:28,415 [TestRunnerThread] INFO TestProj.Classes.LogWriter - TIMER: IActivationActions_ClickNext executed in 0 seconds
2014-11-26 15:35:28,612 [TestRunnerThread] ERROR TestProj.Classes.LogWriter - TESTCASE:VerifyActivationOneTimePinLandingPage -> APPLICATION BUTTONS DO NOT SHOW. TEST CANNOT BE CREATED!
2014-11-26 15:35:33,637 [TestRunnerThread] INFO TestProj.Classes.LogWriter - TIMER: IActivationActions_ValidateOTPStart executed in 5 seconds
2014-11-26 15:35:34,267 [TestRunnerThread] INFO TestProj.Classes.LogWriter - TIMER: IActivationActions_VerifyLogoAndBanner executed in 0 seconds
2014-11-26 15:35:34,314 [TestRunnerThread] INFO TestProj.Classes.LogWriter - TIMER: IActivationActions_VerifyOnlineIndicator executed in 0 seconds
2014-11-26 15:35:34,398 [TestRunnerThread] INFO TestProj.Classes.LogWriter - TIMER: IActivationActions_VerifyPageLinks executed in 0 seconds
2014-11-26 15:35:34,399 [TestRunnerThread] ERROR TestProj.Classes.LogWriter - Cannot check spelling and grammer automatically
2014-11-26 15:35:34,413 [TestRunnerThread] ERROR TestProj.Classes.LogWriter - TESTCASE:VerifyActivationLandingPage -> What css class is used to disable the next button?
2014-11-26 15:35:34,434 [TestRunnerThread] ERROR TestProj.Classes.LogWriter - TESTCASE:VerifyActivationLandingPage -> Cannot evaluate the color of the next button, just the css class
2014-11-26 15:35:34,434 [TestRunnerThread] ERROR TestProj.Classes.LogWriter - TESTCASE:VerifyActivationLandingPage -> Cannot evaluate the color of the text on the next button, just the css class
2014-11-26 15:35:34,435 [TestRunnerThread] INFO TestProj.Classes.LogWriter - TIMER: IActivationActions_VerifyOTPNextButton executed in 0 seconds
2014-11-26 15:35:34,448 [TestRunnerThread] ERROR TestProj.Classes.LogWriter - TESTCASE:VerifyResendButton -> What css class is used to disable the next button?
2014-11-26 15:35:34,469 [TestRunnerThread] ERROR TestProj.Classes.LogWriter - TESTCASE:VerifyActivationLandingPage -> Cannot evaluate the color of the resend button, just the css class
2014-11-26 15:35:34,470 [TestRunnerThread] ERROR TestProj.Classes.LogWriter - TESTCASE:VerifyActivationLandingPage -> Cannot evaluate the color of the text on the resend button, just the css class
2014-11-26 15:35:34,470 [TestRunnerThread] INFO TestProj.Classes.LogWriter - TIMER: IActivationActions_VerifyResendButton executed in 0 seconds
2014-11-26 15:35:34,491 [TestRunnerThread] ERROR TestProj.Classes.LogWriter - TESTCASE:VerifyActivationOneTimePinLandingPage -> APPLICATION BUTTONS DO NOT SHOW. TEST CANNOT BE CREATED!
2014-11-26 15:35:34,491 [TestRunnerThread] INFO TestProj.Classes.LogWriter - TIMER: IActivationActions_VerifyOntTimeLable executed in 0 seconds
2014-11-26 15:35:39,670 [TestRunnerThread] INFO TestProj.Classes.LogWriter - TIMER: IActivationActions_VerifyOTPErrorMessage executed in 5 seconds
2014-11-26 15:35:40,082 [TestRunnerThread] INFO TestProj.Classes.LogWriter - TIMER: IActivationActions_EnterAndVerifyOTPValue executed in 0 seconds
2014-11-26 15:35:40,129 [TestRunnerThread] INFO TestProj.Classes.LogWriter - TIMER: IActivationActions_ClickNext executed in 0 seconds
2014-11-26 15:35:40,130 [TestRunnerThread] ERROR TestProj.Classes.LogWriter - This error is not displayed due to browser always online --> O1-2-6 – You are not online. Please check your connectivity and try again
2014-11-26 15:35:40,130 [TestRunnerThread] ERROR TestProj.Classes.LogWriter - TESTCASE:CorrectOneTimePinAndApplicationOffline -> Cannot simulate the off-line status as the browser will allways be online
2014-11-26 17:22:37,622 [TestRunnerThread] INFO TestProj.Classes.LogWriter - TIMER: IActivationActions_EnterAndVerifyOTPValue executed in 2 seconds
2014-11-26 17:22:37,714 [TestRunnerThread] ERROR TestProj.Classes.LogWriter - Invalid OTP test: error: “O1-2-8 – Passwords do not match. Please try again --> Cannot test an invalid OTP number. Waiting for the new release of the browser app
2014-11-26 17:22:37,776 [TestRunnerThread] INFO TestProj.Classes.LogWriter - TIMER: IActivationActions_ClickNext executed in 0 seconds
2014-11-26 17:22:37,958 [TestRunnerThread] INFO TestProj.Classes.LogWriter - TIMER: IActivationActions_EnterAndVerifyOTPValue executed in 0 seconds
2014-11-26 17:22:37,959 [TestRunnerThread] ERROR TestProj.Classes.LogWriter - Expired OTP test: error: “O1-2-8 – Passwords do not match. Please try again --> Cannot test an invalid OTP number. Waiting for the new release of the browser app
2014-11-26 17:22:38,000 [TestRunnerThread] INFO TestProj.Classes.LogWriter - TIMER: IActivationActions_ClickNext executed in 0 seconds
2014-11-26 17:30:47,086 [TestRunnerThread] INFO TestProj.Classes.LogWriter - TIMER: IActivationActions_EnterAndVerifyOTPValue executed in 1 seconds
2014-11-26 19:46:42,657 [TestRunnerThread] INFO TestProj.Classes.LogWriter - TIMER: IActivationActions_VerifyLogoAndBanner executed in 3 seconds
2014-11-26 19:46:42,758 [TestRunnerThread] INFO TestProj.Classes.LogWriter - TIMER: IActivationActions_VerifyOnlineIndicator executed in 0 seconds
2014-11-26 19:46:42,849 [TestRunnerThread] INFO TestProj.Classes.LogWriter - TIMER: IActivationActions_VerifyPageLinks executed in 0 seconds
2014-11-26 19:46:42,863 [TestRunnerThread] ERROR TestProj.Classes.LogWriter - TESTCASE:VerifyActivationLandingPage -> What css class is used to disable the next button?
2014-11-26 19:46:42,883 [TestRunnerThread] ERROR TestProj.Classes.LogWriter - TESTCASE:VerifyActivationLandingPage -> Cannot evaluate the color of the next button, just the css class
2014-11-26 19:46:42,883 [TestRunnerThread] ERROR TestProj.Classes.LogWriter - TESTCASE:VerifyActivationLandingPage -> Cannot evaluate the color of the text on the next button, just the css class
2014-11-26 19:46:42,884 [TestRunnerThread] INFO TestProj.Classes.LogWriter - TIMER: IActivationActions_VerifyActivationPageNextButton executed in 0 seconds
2014-11-26 19:46:42,953 [TestRunnerThread] ERROR TestProj.Classes.LogWriter - TESTCASE:VerifyActivationLandingPage -> Two extra fields found on the screen, challengeQuestion and challengeAnswer.
2014-11-26 19:46:42,953 [TestRunnerThread] ERROR TestProj.Classes.LogWriter - TESTCASE:VerifyActivationLandingPage -> APPLICATION BUTTONS DO NOT SHOW. TEST CANNOT BE CREATED!
2014-11-26 19:46:42,954 [TestRunnerThread] INFO TestProj.Classes.LogWriter - TIMER: IActivationActions_VerifyFieldExist executed in 0 seconds
2014-11-26 19:46:48,340 [TestRunnerThread] INFO TestProj.Classes.LogWriter - TIMER: IActivationActions_TestMandatoryFields executed in 5 seconds
2014-11-26 19:46:54,125 [TestRunnerThread] ERROR TestProj.Classes.LogWriter - TESTCASEActivationFormIncorrectUserDetails -> Valid MSISDN no required
2014-11-26 19:46:54,275 [TestRunnerThread] ERROR TestProj.Classes.LogWriter - TESTCASE:ActivationFormIncorrectUserDetails -> Valid UNSERNAME required
2014-11-26 19:47:00,261 [TestRunnerThread] INFO TestProj.Classes.LogWriter - TIMER: IActivationActions_TestInvalidActivationKey executed in 7 seconds
2014-11-26 19:47:01,454 [TestRunnerThread] INFO TestProj.Classes.LogWriter - TIMER: IActivationActions_MSISDNInput executed in 0 seconds
2014-11-26 19:47:01,603 [TestRunnerThread] INFO TestProj.Classes.LogWriter - TIMER: IActivationActions_UsernameInput executed in 0 seconds
2014-11-26 19:47:01,731 [TestRunnerThread] INFO TestProj.Classes.LogWriter - TIMER: IActivationActions_ActivationKeyInput executed in 0 seconds
2014-11-26 19:47:02,744 [TestRunnerThread] INFO TestProj.Classes.LogWriter - TIMER: IActivationActions_AliasInput executed in 1 seconds
2014-11-26 19:47:02,745 [TestRunnerThread] ERROR TestProj.Classes.LogWriter - TESTCASE:ActivationFormCorrectUserDetails -> CHALLENGE ANSWER is required, but the test does not specify that it needs to be filled out. UPDATE TEST
2014-11-26 19:47:03,063 [TestRunnerThread] INFO TestProj.Classes.LogWriter - TIMER: IActivationActions_ClickNext executed in 0 seconds
2014-11-26 19:47:03,256 [TestRunnerThread] ERROR TestProj.Classes.LogWriter - TESTCASE:VerifyActivationOneTimePinLandingPage -> APPLICATION BUTTONS DO NOT SHOW. TEST CANNOT BE CREATED!
2014-11-26 19:47:08,332 [TestRunnerThread] INFO TestProj.Classes.LogWriter - TIMER: IActivationActions_ValidateOTPStart executed in 5 seconds
2014-11-26 19:47:09,660 [TestRunnerThread] INFO TestProj.Classes.LogWriter - TIMER: IActivationActions_VerifyLogoAndBanner executed in 0 seconds
2014-11-26 19:47:09,711 [TestRunnerThread] INFO TestProj.Classes.LogWriter - TIMER: IActivationActions_VerifyOnlineIndicator executed in 0 seconds
2014-11-26 19:47:09,808 [TestRunnerThread] INFO TestProj.Classes.LogWriter - TIMER: IActivationActions_VerifyPageLinks executed in 0 seconds
2014-11-26 19:47:09,809 [TestRunnerThread] ERROR TestProj.Classes.LogWriter - Cannot check spelling and grammer automatically
2014-11-26 19:47:09,824 [TestRunnerThread] ERROR TestProj.Classes.LogWriter - TESTCASE:VerifyActivationLandingPage -> What css class is used to disable the next button?
2014-11-26 19:47:09,848 [TestRunnerThread] ERROR TestProj.Classes.LogWriter - TESTCASE:VerifyActivationLandingPage -> Cannot evaluate the color of the next button, just the css class
2014-11-26 19:47:09,849 [TestRunnerThread] ERROR TestProj.Classes.LogWriter - TESTCASE:VerifyActivationLandingPage -> Cannot evaluate the color of the text on the next button, just the css class
2014-11-26 19:47:09,849 [TestRunnerThread] INFO TestProj.Classes.LogWriter - TIMER: IActivationActions_VerifyOTPNextButton executed in 0 seconds
2014-11-26 19:47:09,864 [TestRunnerThread] ERROR TestProj.Classes.LogWriter - TESTCASE:VerifyResendButton -> What css class is used to disable the next button?
2014-11-26 19:47:09,888 [TestRunnerThread] ERROR TestProj.Classes.LogWriter - TESTCASE:VerifyActivationLandingPage -> Cannot evaluate the color of the resend button, just the css class
2014-11-26 19:47:09,888 [TestRunnerThread] ERROR TestProj.Classes.LogWriter - TESTCASE:VerifyActivationLandingPage -> Cannot evaluate the color of the text on the resend button, just the css class
2014-11-26 19:47:09,889 [TestRunnerThread] INFO TestProj.Classes.LogWriter - TIMER: IActivationActions_VerifyResendButton executed in 0 seconds
2014-11-26 19:47:09,914 [TestRunnerThread] ERROR TestProj.Classes.LogWriter - TESTCASE:VerifyActivationOneTimePinLandingPage -> APPLICATION BUTTONS DO NOT SHOW. TEST CANNOT BE CREATED!
2014-11-26 19:47:09,914 [TestRunnerThread] INFO TestProj.Classes.LogWriter - TIMER: IActivationActions_VerifyOntTimeLable executed in 0 seconds
2014-11-26 19:47:15,038 [TestRunnerThread] INFO TestProj.Classes.LogWriter - TIMER: IActivationActions_VerifyOTPErrorMessage executed in 5 seconds
2014-11-26 19:47:15,328 [TestRunnerThread] INFO TestProj.Classes.LogWriter - TIMER: IActivationActions_EnterAndVerifyOTPValue executed in 0 seconds
2014-11-26 19:47:15,373 [TestRunnerThread] INFO TestProj.Classes.LogWriter - TIMER: IActivationActions_ClickNext executed in 0 seconds
2014-11-26 19:47:15,373 [TestRunnerThread] ERROR TestProj.Classes.LogWriter - This error is not displayed due to browser always online --> O1-2-6 – You are not online. Please check your connectivity and try again
2014-11-26 19:47:15,384 [TestRunnerThread] ERROR TestProj.Classes.LogWriter - TESTCASE:CorrectOneTimePinAndApplicationOffline -> Cannot simulate the off-line status as the browser will allways be online
2014-11-26 19:47:21,351 [TestRunnerThread] INFO TestProj.Classes.LogWriter - TIMER: IActivationActions_EnterAndVerifyOTPValue executed in 5 seconds
2014-11-26 22:20:29,167 [TestRunnerThread] INFO TestProj.Classes.LogWriter - TIMER: IActivationActions_VerifyLogoAndBanner executed in 1 seconds
2014-11-26 22:20:29,273 [TestRunnerThread] INFO TestProj.Classes.LogWriter - TIMER: IActivationActions_VerifyOnlineIndicator executed in 0 seconds
2014-11-26 22:20:29,367 [TestRunnerThread] INFO TestProj.Classes.LogWriter - TIMER: IActivationActions_VerifyPageLinks executed in 0 seconds
2014-11-26 22:20:29,409 [TestRunnerThread] ERROR TestProj.Classes.LogWriter - TESTCASE:VerifyActivationLandingPage -> What css class is used to disable the next button?
2014-11-26 22:20:29,430 [TestRunnerThread] ERROR TestProj.Classes.LogWriter - TESTCASE:VerifyActivationLandingPage -> Cannot evaluate the color of the next button, just the css class
2014-11-26 22:20:29,430 [TestRunnerThread] ERROR TestProj.Classes.LogWriter - TESTCASE:VerifyActivationLandingPage -> Cannot evaluate the color of the text on the next button, just the css class
2014-11-26 22:20:29,430 [TestRunnerThread] INFO TestProj.Classes.LogWriter - TIMER: IActivationActions_VerifyActivationPageNextButton executed in 0 seconds
2014-11-26 22:20:29,491 [TestRunnerThread] ERROR TestProj.Classes.LogWriter - TESTCASE:VerifyActivationLandingPage -> Two extra fields found on the screen, challengeQuestion and challengeAnswer.
2014-11-26 22:20:29,491 [TestRunnerThread] ERROR TestProj.Classes.LogWriter - TESTCASE:VerifyActivationLandingPage -> APPLICATION BUTTONS DO NOT SHOW. TEST CANNOT BE CREATED!
2014-11-26 22:20:29,491 [TestRunnerThread] INFO TestProj.Classes.LogWriter - TIMER: IActivationActions_VerifyFieldExist executed in 0 seconds
2014-11-26 22:20:34,989 [TestRunnerThread] INFO TestProj.Classes.LogWriter - TIMER: IActivationActions_TestMandatoryFields executed in 5 seconds
2014-11-26 22:20:35,613 [TestRunnerThread] ERROR TestProj.Classes.LogWriter - TESTCASEActivationFormIncorrectUserDetails -> Valid MSISDN no required
2014-11-26 22:20:35,763 [TestRunnerThread] ERROR TestProj.Classes.LogWriter - TESTCASE:ActivationFormIncorrectUserDetails -> Valid UNSERNAME required
2014-11-26 22:20:41,173 [TestRunnerThread] INFO TestProj.Classes.LogWriter - TIMER: IActivationActions_TestInvalidActivationKey executed in 5 seconds
2014-11-26 22:20:41,767 [TestRunnerThread] INFO TestProj.Classes.LogWriter - TIMER: IActivationActions_MSISDNInput executed in 0 seconds
2014-11-26 22:20:42,082 [TestRunnerThread] INFO TestProj.Classes.LogWriter - TIMER: IActivationActions_UsernameInput executed in 0 seconds
2014-11-26 22:20:42,327 [TestRunnerThread] INFO TestProj.Classes.LogWriter - TIMER: IActivationActions_ActivationKeyInput executed in 0 seconds
2014-11-26 22:20:42,698 [TestRunnerThread] INFO TestProj.Classes.LogWriter - TIMER: IActivationActions_AliasInput executed in 0 seconds
2014-11-26 22:20:42,699 [TestRunnerThread] ERROR TestProj.Classes.LogWriter - TESTCASE:ActivationFormCorrectUserDetails -> CHALLENGE ANSWER is required, but the test does not specify that it needs to be filled out. UPDATE TEST
2014-11-26 22:20:42,999 [TestRunnerThread] INFO TestProj.Classes.LogWriter - TIMER: IActivationActions_ClickNext executed in 0 seconds
2014-11-26 22:20:43,179 [TestRunnerThread] ERROR TestProj.Classes.LogWriter - TESTCASE:VerifyActivationOneTimePinLandingPage -> APPLICATION BUTTONS DO NOT SHOW. TEST CANNOT BE CREATED!
2014-11-26 22:20:48,276 [TestRunnerThread] INFO TestProj.Classes.LogWriter - TIMER: IActivationActions_ValidateOTPStart executed in 5 seconds
2014-11-26 22:20:49,231 [TestRunnerThread] INFO TestProj.Classes.LogWriter - TIMER: IActivationActions_VerifyLogoAndBanner executed in 0 seconds
2014-11-26 22:20:49,276 [TestRunnerThread] INFO TestProj.Classes.LogWriter - TIMER: IActivationActions_VerifyOnlineIndicator executed in 0 seconds
2014-11-26 22:20:49,354 [TestRunnerThread] INFO TestProj.Classes.LogWriter - TIMER: IActivationActions_VerifyPageLinks executed in 0 seconds
2014-11-26 22:20:49,354 [TestRunnerThread] ERROR TestProj.Classes.LogWriter - Cannot check spelling and grammer automatically
2014-11-26 22:20:49,367 [TestRunnerThread] ERROR TestProj.Classes.LogWriter - TESTCASE:VerifyActivationLandingPage -> What css class is used to disable the next button?
2014-11-26 22:20:49,386 [TestRunnerThread] ERROR TestProj.Classes.LogWriter - TESTCASE:VerifyActivationLandingPage -> Cannot evaluate the color of the next button, just the css class
2014-11-26 22:20:49,387 [TestRunnerThread] ERROR TestProj.Classes.LogWriter - TESTCASE:VerifyActivationLandingPage -> Cannot evaluate the color of the text on the next button, just the css class
2014-11-26 22:20:49,387 [TestRunnerThread] INFO TestProj.Classes.LogWriter - TIMER: IActivationActions_VerifyOTPNextButton executed in 0 seconds
2014-11-26 22:20:49,400 [TestRunnerThread] ERROR TestProj.Classes.LogWriter - TESTCASE:VerifyResendButton -> What css class is used to disable the next button?
2014-11-26 22:20:49,419 [TestRunnerThread] ERROR TestProj.Classes.LogWriter - TESTCASE:VerifyActivationLandingPage -> Cannot evaluate the color of the resend button, just the css class
2014-11-26 22:20:49,419 [TestRunnerThread] ERROR TestProj.Classes.LogWriter - TESTCASE:VerifyActivationLandingPage -> Cannot evaluate the color of the text on the resend button, just the css class
2014-11-26 22:20:49,419 [TestRunnerThread] INFO TestProj.Classes.LogWriter - TIMER: IActivationActions_VerifyResendButton executed in 0 seconds
2014-11-26 22:20:49,440 [TestRunnerThread] ERROR TestProj.Classes.LogWriter - TESTCASE:VerifyActivationOneTimePinLandingPage -> APPLICATION BUTTONS DO NOT SHOW. TEST CANNOT BE CREATED!
2014-11-26 22:20:49,441 [TestRunnerThread] INFO TestProj.Classes.LogWriter - TIMER: IActivationActions_VerifyOntTimeLable executed in 0 seconds
2014-11-26 22:20:54,540 [TestRunnerThread] INFO TestProj.Classes.LogWriter - TIMER: IActivationActions_VerifyOTPErrorMessage executed in 5 seconds
2014-11-26 22:20:55,136 [TestRunnerThread] INFO TestProj.Classes.LogWriter - TIMER: IActivationActions_EnterAndVerifyOTPValue executed in 0 seconds
2014-11-26 22:20:55,179 [TestRunnerThread] INFO TestProj.Classes.LogWriter - TIMER: IActivationActions_ClickNext executed in 0 seconds
2014-11-26 22:20:55,180 [TestRunnerThread] ERROR TestProj.Classes.LogWriter - This error is not displayed due to browser always online --> O1-2-6 – You are not online. Please check your connectivity and try again
2014-11-26 22:20:55,213 [TestRunnerThread] ERROR TestProj.Classes.LogWriter - TESTCASE:CorrectOneTimePinAndApplicationOffline -> Cannot simulate the off-line status as the browser will allways be online
2014-11-26 22:20:55,556 [TestRunnerThread] INFO TestProj.Classes.LogWriter - TIMER: IActivationActions_EnterAndVerifyOTPValue executed in 0 seconds
2014-11-26 22:30:12,866 [TestRunnerThread] INFO TestProj.Classes.LogWriter - TIMER: IActivationActions_VerifyLogoAndBanner executed in 4 seconds
2014-11-26 22:30:12,971 [TestRunnerThread] INFO TestProj.Classes.LogWriter - TIMER: IActivationActions_VerifyOnlineIndicator executed in 0 seconds
2014-11-26 22:30:13,069 [TestRunnerThread] INFO TestProj.Classes.LogWriter - TIMER: IActivationActions_VerifyPageLinks executed in 0 seconds
2014-11-26 22:30:13,083 [TestRunnerThread] ERROR TestProj.Classes.LogWriter - TESTCASE:VerifyActivationLandingPage -> What css class is used to disable the next button?
2014-11-26 22:30:13,102 [TestRunnerThread] ERROR TestProj.Classes.LogWriter - TESTCASE:VerifyActivationLandingPage -> Cannot evaluate the color of the next button, just the css class
2014-11-26 22:30:13,103 [TestRunnerThread] ERROR TestProj.Classes.LogWriter - TESTCASE:VerifyActivationLandingPage -> Cannot evaluate the color of the text on the next button, just the css class
2014-11-26 22:30:13,103 [TestRunnerThread] INFO TestProj.Classes.LogWriter - TIMER: IActivationActions_VerifyActivationPageNextButton executed in 0 seconds
2014-11-26 22:30:13,164 [TestRunnerThread] ERROR TestProj.Classes.LogWriter - TESTCASE:VerifyActivationLandingPage -> Two extra fields found on the screen, challengeQuestion and challengeAnswer.
2014-11-26 22:30:13,164 [TestRunnerThread] ERROR TestProj.Classes.LogWriter - TESTCASE:VerifyActivationLandingPage -> APPLICATION BUTTONS DO NOT SHOW. TEST CANNOT BE CREATED!
2014-11-26 22:30:13,165 [TestRunnerThread] INFO TestProj.Classes.LogWriter - TIMER: IActivationActions_VerifyFieldExist executed in 0 seconds
2014-11-26 22:30:18,569 [TestRunnerThread] INFO TestProj.Classes.LogWriter - TIMER: IActivationActions_TestMandatoryFields executed in 5 seconds
2014-11-26 22:30:19,919 [TestRunnerThread] ERROR TestProj.Classes.LogWriter - TESTCASEActivationFormIncorrectUserDetails -> Valid MSISDN no required
2014-11-26 22:30:20,099 [TestRunnerThread] ERROR TestProj.Classes.LogWriter - TESTCASE:ActivationFormIncorrectUserDetails -> Valid UNSERNAME required
2014-11-26 22:30:25,669 [TestRunnerThread] INFO TestProj.Classes.LogWriter - TIMER: IActivationActions_TestInvalidActivationKey executed in 6 seconds
2014-11-26 22:30:26,024 [TestRunnerThread] INFO TestProj.Classes.LogWriter - TIMER: IActivationActions_MSISDNInput executed in 0 seconds
2014-11-26 22:30:26,194 [TestRunnerThread] INFO TestProj.Classes.LogWriter - TIMER: IActivationActions_UsernameInput executed in 0 seconds
2014-11-26 22:30:26,323 [TestRunnerThread] INFO TestProj.Classes.LogWriter - TIMER: IActivationActions_ActivationKeyInput executed in 0 seconds
2014-11-26 22:30:26,468 [TestRunnerThread] INFO TestProj.Classes.LogWriter - TIMER: IActivationActions_AliasInput executed in 0 seconds
2014-11-26 22:30:26,469 [TestRunnerThread] ERROR TestProj.Classes.LogWriter - TESTCASE:ActivationFormCorrectUserDetails -> CHALLENGE ANSWER is required, but the test does not specify that it needs to be filled out. UPDATE TEST
2014-11-26 22:30:26,655 [TestRunnerThread] INFO TestProj.Classes.LogWriter - TIMER: IActivationActions_ClickNext executed in 0 seconds
2014-11-26 22:30:26,957 [TestRunnerThread] ERROR TestProj.Classes.LogWriter - TESTCASE:VerifyActivationOneTimePinLandingPage -> APPLICATION BUTTONS DO NOT SHOW. TEST CANNOT BE CREATED!
2014-11-26 22:30:32,009 [TestRunnerThread] INFO TestProj.Classes.LogWriter - TIMER: IActivationActions_ValidateOTPStart executed in 5 seconds
2014-11-26 22:30:32,631 [TestRunnerThread] INFO TestProj.Classes.LogWriter - TIMER: IActivationActions_VerifyLogoAndBanner executed in 0 seconds
2014-11-26 22:30:32,676 [TestRunnerThread] INFO TestProj.Classes.LogWriter - TIMER: IActivationActions_VerifyOnlineIndicator executed in 0 seconds
2014-11-26 22:30:32,757 [TestRunnerThread] INFO TestProj.Classes.LogWriter - TIMER: IActivationActions_VerifyPageLinks executed in 0 seconds
2014-11-26 22:30:32,758 [TestRunnerThread] ERROR TestProj.Classes.LogWriter - Cannot check spelling and grammer automatically
2014-11-26 22:30:32,770 [TestRunnerThread] ERROR TestProj.Classes.LogWriter - TESTCASE:VerifyActivationLandingPage -> What css class is used to disable the next button?
2014-11-26 22:30:32,809 [TestRunnerThread] ERROR TestProj.Classes.LogWriter - TESTCASE:VerifyActivationLandingPage -> Cannot evaluate the color of the next button, just the css class
2014-11-26 22:30:32,809 [TestRunnerThread] ERROR TestProj.Classes.LogWriter - TESTCASE:VerifyActivationLandingPage -> Cannot evaluate the color of the text on the next button, just the css class
2014-11-26 22:30:32,809 [TestRunnerThread] INFO TestProj.Classes.LogWriter - TIMER: IActivationActions_VerifyOTPNextButton executed in 0 seconds
2014-11-26 22:30:32,822 [TestRunnerThread] ERROR TestProj.Classes.LogWriter - TESTCASE:VerifyResendButton -> What css class is used to disable the next button?
2014-11-26 22:30:32,842 [TestRunnerThread] ERROR TestProj.Classes.LogWriter - TESTCASE:VerifyActivationLandingPage -> Cannot evaluate the color of the resend button, just the css class
2014-11-26 22:30:32,843 [TestRunnerThread] ERROR TestProj.Classes.LogWriter - TESTCASE:VerifyActivationLandingPage -> Cannot evaluate the color of the text on the resend button, just the css class
2014-11-26 22:30:32,843 [TestRunnerThread] INFO TestProj.Classes.LogWriter - TIMER: IActivationActions_VerifyResendButton executed in 0 seconds
2014-11-26 22:30:32,863 [TestRunnerThread] ERROR TestProj.Classes.LogWriter - TESTCASE:VerifyActivationOneTimePinLandingPage -> APPLICATION BUTTONS DO NOT SHOW. TEST CANNOT BE CREATED!
2014-11-26 22:30:32,863 [TestRunnerThread] INFO TestProj.Classes.LogWriter - TIMER: IActivationActions_VerifyOntTimeLable executed in 0 seconds
2014-11-26 22:30:37,954 [TestRunnerThread] INFO TestProj.Classes.LogWriter - TIMER: IActivationActions_VerifyOTPErrorMessage executed in 5 seconds
2014-11-26 22:30:38,441 [TestRunnerThread] INFO TestProj.Classes.LogWriter - TIMER: IActivationActions_EnterAndVerifyOTPValue executed in 0 seconds
2014-11-26 22:30:38,492 [TestRunnerThread] INFO TestProj.Classes.LogWriter - TIMER: IActivationActions_ClickNext executed in 0 seconds
2014-11-26 22:30:38,493 [TestRunnerThread] ERROR TestProj.Classes.LogWriter - This error is not displayed due to browser always online --> O1-2-6 – You are not online. Please check your connectivity and try again
2014-11-26 22:30:38,493 [TestRunnerThread] ERROR TestProj.Classes.LogWriter - TESTCASE:CorrectOneTimePinAndApplicationOffline -> Cannot simulate the off-line status as the browser will allways be online
2014-11-26 22:30:44,363 [TestRunnerThread] INFO TestProj.Classes.LogWriter - TIMER: IActivationActions_EnterAndVerifyOTPValue executed in 5 seconds
2014-11-26 22:39:16,375 [TestRunnerThread] INFO TestProj.Classes.LogWriter - TIMER: IActivationActions_EnterAndVerifyOTPValue executed in 1 seconds
2014-11-26 22:39:16,485 [TestRunnerThread] INFO TestProj.Classes.LogWriter - TIMER: IActivationActions_ClickNext executed in 0 seconds
2014-11-26 22:39:16,486 [TestRunnerThread] ERROR TestProj.Classes.LogWriter - This error is not displayed due to browser always online --> O1-2-6 – You are not online. Please check your connectivity and try again
2014-11-26 22:39:16,487 [TestRunnerThread] ERROR TestProj.Classes.LogWriter - TESTCASE:CorrectOneTimePinAndApplicationOffline -> Cannot simulate the off-line status as the browser will allways be online
2014-11-26 22:39:46,231 [TestRunnerThread] INFO TestProj.Classes.LogWriter - TIMER: IActivationActions_EnterAndVerifyOTPValue executed in 1 seconds
2014-11-26 22:42:14,220 [TestRunnerThread] INFO TestProj.Classes.LogWriter - TIMER: IActivationActions_EnterAndVerifyOTPValue executed in 0 seconds
2014-11-26 22:42:14,275 [TestRunnerThread] ERROR TestProj.Classes.LogWriter - NEXT COMMENTED OUT UNTIL OFFLINE IS DOABLE.
2014-11-26 22:42:14,275 [TestRunnerThread] ERROR TestProj.Classes.LogWriter - This error is not displayed due to browser always online --> O1-2-6 – You are not online. Please check your connectivity and try again
2014-11-26 22:42:14,275 [TestRunnerThread] ERROR TestProj.Classes.LogWriter - TESTCASE:CorrectOneTimePinAndApplicationOffline -> Cannot simulate the off-line status as the browser will allways be online
2014-11-26 22:42:41,880 [TestRunnerThread] INFO TestProj.Classes.LogWriter - TIMER: IActivationActions_EnterAndVerifyOTPValue executed in 1 seconds
2014-11-26 22:46:27,256 [TestRunnerThread] ERROR TestProj.Classes.LogWriter - TESTCASE:CorrectOneTimePinAndApplicationOffline -> Incomplete test case -> Must check if application is offline
2014-11-26 22:47:10,187 [TestRunnerThread] INFO TestProj.Classes.LogWriter - TIMER: IActivationActions_VerifyLogoAndBanner executed in 3 seconds
2014-11-26 22:47:10,237 [TestRunnerThread] INFO TestProj.Classes.LogWriter - TIMER: IActivationActions_VerifyOnlineIndicator executed in 0 seconds
2014-11-26 22:47:10,331 [TestRunnerThread] INFO TestProj.Classes.LogWriter - TIMER: IActivationActions_VerifyPageLinks executed in 0 seconds
2014-11-26 22:47:10,346 [TestRunnerThread] ERROR TestProj.Classes.LogWriter - TESTCASE:VerifyActivationLandingPage -> What css class is used to disable the next button?
2014-11-26 22:47:10,368 [TestRunnerThread] ERROR TestProj.Classes.LogWriter - TESTCASE:VerifyActivationLandingPage -> Cannot evaluate the color of the next button, just the css class
2014-11-26 22:47:10,368 [TestRunnerThread] ERROR TestProj.Classes.LogWriter - TESTCASE:VerifyActivationLandingPage -> Cannot evaluate the color of the text on the next button, just the css class
2014-11-26 22:47:10,369 [TestRunnerThread] INFO TestProj.Classes.LogWriter - TIMER: IActivationActions_VerifyActivationPageNextButton executed in 0 seconds
2014-11-26 22:47:10,427 [TestRunnerThread] ERROR TestProj.Classes.LogWriter - TESTCASE:VerifyActivationLandingPage -> Two extra fields found on the screen, challengeQuestion and challengeAnswer.
2014-11-26 22:47:10,427 [TestRunnerThread] ERROR TestProj.Classes.LogWriter - TESTCASE:VerifyActivationLandingPage -> APPLICATION BUTTONS DO NOT SHOW. TEST CANNOT BE CREATED!
2014-11-26 22:47:10,427 [TestRunnerThread] INFO TestProj.Classes.LogWriter - TIMER: IActivationActions_VerifyFieldExist executed in 0 seconds
2014-11-26 22:47:15,788 [TestRunnerThread] INFO TestProj.Classes.LogWriter - TIMER: IActivationActions_TestMandatoryFields executed in 5 seconds
2014-11-26 22:47:16,385 [TestRunnerThread] ERROR TestProj.Classes.LogWriter - TESTCASEActivationFormIncorrectUserDetails -> Valid MSISDN no required
2014-11-26 22:47:16,561 [TestRunnerThread] ERROR TestProj.Classes.LogWriter - TESTCASE:ActivationFormIncorrectUserDetails -> Valid UNSERNAME required
2014-11-26 22:47:22,509 [TestRunnerThread] INFO TestProj.Classes.LogWriter - TIMER: IActivationActions_TestInvalidActivationKey executed in 6 seconds
2014-11-26 22:47:22,845 [TestRunnerThread] INFO TestProj.Classes.LogWriter - TIMER: IActivationActions_MSISDNInput executed in 0 seconds
2014-11-26 22:47:22,986 [TestRunnerThread] INFO TestProj.Classes.LogWriter - TIMER: IActivationActions_UsernameInput executed in 0 seconds
2014-11-26 22:47:23,086 [TestRunnerThread] INFO TestProj.Classes.LogWriter - TIMER: IActivationActions_ActivationKeyInput executed in 0 seconds
2014-11-26 22:47:23,842 [TestRunnerThread] INFO TestProj.Classes.LogWriter - TIMER: IActivationActions_AliasInput executed in 0 seconds
2014-11-26 22:47:23,843 [TestRunnerThread] ERROR TestProj.Classes.LogWriter - TESTCASE:ActivationFormCorrectUserDetails -> CHALLENGE ANSWER is required, but the test does not specify that it needs to be filled out. UPDATE TEST
2014-11-26 22:47:24,105 [TestRunnerThread] INFO TestProj.Classes.LogWriter - TIMER: IActivationActions_ClickNext executed in 0 seconds
2014-11-26 22:47:24,272 [TestRunnerThread] ERROR TestProj.Classes.LogWriter - TESTCASE:VerifyActivationOneTimePinLandingPage -> APPLICATION BUTTONS DO NOT SHOW. TEST CANNOT BE CREATED!
2014-11-26 22:47:29,306 [TestRunnerThread] INFO TestProj.Classes.LogWriter - TIMER: IActivationActions_ValidateOTPStart executed in 5 seconds
2014-11-26 22:47:29,851 [TestRunnerThread] INFO TestProj.Classes.LogWriter - TIMER: IActivationActions_VerifyLogoAndBanner executed in 0 seconds
2014-11-26 22:47:29,900 [TestRunnerThread] INFO TestProj.Classes.LogWriter - TIMER: IActivationActions_VerifyOnlineIndicator executed in 0 seconds
2014-11-26 22:47:29,980 [TestRunnerThread] INFO TestProj.Classes.LogWriter - TIMER: IActivationActions_VerifyPageLinks executed in 0 seconds
2014-11-26 22:47:29,980 [TestRunnerThread] ERROR TestProj.Classes.LogWriter - Cannot check spelling and grammer automatically
2014-11-26 22:47:29,993 [TestRunnerThread] ERROR TestProj.Classes.LogWriter - TESTCASE:VerifyActivationLandingPage -> What css class is used to disable the next button?
2014-11-26 22:47:30,014 [TestRunnerThread] ERROR TestProj.Classes.LogWriter - TESTCASE:VerifyActivationLandingPage -> Cannot evaluate the color of the next button, just the css class
2014-11-26 22:47:30,014 [TestRunnerThread] ERROR TestProj.Classes.LogWriter - TESTCASE:VerifyActivationLandingPage -> Cannot evaluate the color of the text on the next button, just the css class
2014-11-26 22:47:30,015 [TestRunnerThread] INFO TestProj.Classes.LogWriter - TIMER: IActivationActions_VerifyOTPNextButton executed in 0 seconds
2014-11-26 22:47:30,028 [TestRunnerThread] ERROR TestProj.Classes.LogWriter - TESTCASE:VerifyResendButton -> What css class is used to disable the next button?
2014-11-26 22:47:30,047 [TestRunnerThread] ERROR TestProj.Classes.LogWriter - TESTCASE:VerifyActivationLandingPage -> Cannot evaluate the color of the resend button, just the css class
2014-11-26 22:47:30,048 [TestRunnerThread] ERROR TestProj.Classes.LogWriter - TESTCASE:VerifyActivationLandingPage -> Cannot evaluate the color of the text on the resend button, just the css class
2014-11-26 22:47:30,048 [TestRunnerThread] INFO TestProj.Classes.LogWriter - TIMER: IActivationActions_VerifyResendButton executed in 0 seconds
2014-11-26 22:47:30,073 [TestRunnerThread] ERROR TestProj.Classes.LogWriter - TESTCASE:VerifyActivationOneTimePinLandingPage -> APPLICATION BUTTONS DO NOT SHOW. TEST CANNOT BE CREATED!
2014-11-26 22:47:30,073 [TestRunnerThread] INFO TestProj.Classes.LogWriter - TIMER: IActivationActions_VerifyOntTimeLable executed in 0 seconds
2014-11-26 22:47:35,152 [TestRunnerThread] INFO TestProj.Classes.LogWriter - TIMER: IActivationActions_VerifyOTPErrorMessage executed in 5 seconds
2014-11-26 22:47:35,234 [TestRunnerThread] ERROR TestProj.Classes.LogWriter - TESTCASE:CorrectOneTimePinAndApplicationOffline -> Incomplete test case -> Must check if application is offline
2014-11-26 22:47:40,842 [TestRunnerThread] INFO TestProj.Classes.LogWriter - TIMER: IActivationActions_EnterAndVerifyOTPValue executed in 0 seconds
2014-11-27 09:27:26,287 [TestRunnerThread] INFO TestProj.Classes.LogWriter - TIMER: IActivationActions_ClickNext executed in 0 seconds
2014-11-27 09:27:26,330 [TestRunnerThread] ERROR TestProj.Classes.LogWriter - TESTCASE: _09_ResendOneTimePin -> OTP NOT RECEIVED -> One Time Pin message cannot be tested as it is not displayed after the Resend Button is clicked
2014-11-27 09:27:26,362 [TestRunnerThread] INFO TestProj.Classes.LogWriter - TIMER: IActivationActions_ClickNext executed in 0 seconds
2014-11-27 09:27:26,363 [TestRunnerThread] ERROR TestProj.Classes.LogWriter - TESTCASE: _09_ResendOneTimePin -> OTP NOT DELETE/LOST -> One Time Pin message cannot be tested as it is not displayed after the Resend Button is clicked
2014-11-27 09:34:04,071 [TestRunnerThread] INFO TestProj.Classes.LogWriter - TIMER: IActivationActions_ClickNext executed in 120 seconds
2014-11-27 09:37:15,988 [TestRunnerThread] INFO TestProj.Classes.LogWriter - TIMER: IActivationActions_ClickNext executed in 0 seconds
2014-11-27 09:37:21,158 [TestRunnerThread] INFO TestProj.Classes.LogWriter - TIMER: IActivationActions_VerifyOTPErrorMessage executed in 5 seconds
2014-11-27 09:43:16,458 [TestRunnerThread] INFO TestProj.Classes.LogWriter - TIMER: IActivationActions_ClickNext executed in 0 seconds
2014-11-27 09:43:21,656 [TestRunnerThread] INFO TestProj.Classes.LogWriter - TIMER: IActivationActions_VerifyOTPErrorMessage executed in 5 seconds
2014-11-27 11:25:44,215 [TestRunnerThread] INFO TestProj.Classes.LogWriter - TIMER: IAccessingApplicationActions_VerifyLogoAndBanner executed in 5 seconds
2014-11-27 11:26:26,273 [TestRunnerThread] INFO TestProj.Classes.LogWriter - TIMER: IAccessingApplicationActions_VerifyLogoAndBanner executed in 5 seconds
2014-11-27 11:27:11,582 [TestRunnerThread] INFO TestProj.Classes.LogWriter - TIMER: IAccessingApplicationActions_VerifyLogoAndBanner executed in 5 seconds
2014-11-27 12:21:26,741 [TestRunnerThread] FATAL TestProj.Classes.LogWriter - System.Func`1[FluentAutomation.ElementProxy]
2014-11-27 12:21:26,788 [TestRunnerThread] INFO TestProj.Classes.LogWriter - TIMER: IAccessingApplicationActions_VerifySpecialsExists executed in 1 seconds
2014-11-27 12:22:27,329 [TestRunnerThread] FATAL TestProj.Classes.LogWriter - System.Func`1[FluentAutomation.ElementProxy]
2014-11-27 12:22:27,374 [TestRunnerThread] INFO TestProj.Classes.LogWriter - TIMER: IAccessingApplicationActions_VerifySpecialsExists executed in 0 seconds
2014-11-27 12:43:59,088 [TestRunnerThread] FATAL TestProj.Classes.LogWriter - (FluentAutomation.CommandProvider, System.Func`1[FluentAutomation.Interfaces.IElement])
2014-11-27 12:43:59,133 [TestRunnerThread] INFO TestProj.Classes.LogWriter - TIMER: IAccessingApplicationActions_VerifySpecialsExists executed in 1 seconds
2014-11-27 12:44:41,367 [TestRunnerThread] FATAL TestProj.Classes.LogWriter - System.Tuple`2[FluentAutomation.Interfaces.ICommandProvider,System.Func`1[FluentAutomation.Interfaces.IElement]]
2014-11-27 12:44:41,415 [TestRunnerThread] INFO TestProj.Classes.LogWriter - TIMER: IAccessingApplicationActions_VerifySpecialsExists executed in 1 seconds
2014-11-27 12:46:43,756 [TestRunnerThread] INFO TestProj.Classes.LogWriter - TIMER: IAccessingApplicationActions_VerifySpecialsExists executed in 1 seconds
2014-11-27 12:48:51,946 [TestRunnerThread] FATAL TestProj.Classes.LogWriter - try
2014-11-27 12:48:52,201 [TestRunnerThread] INFO TestProj.Classes.LogWriter - TIMER: IAccessingApplicationActions_VerifySpecialsExists executed in 1 seconds
2014-11-27 12:51:01,474 [TestRunnerThread] INFO TestProj.Classes.LogWriter - TIMER: IActivationActions_MSISDNInput executed in 0 seconds
2014-11-27 12:51:01,624 [TestRunnerThread] INFO TestProj.Classes.LogWriter - TIMER: IActivationActions_UsernameInput executed in 0 seconds
2014-11-27 12:51:01,724 [TestRunnerThread] INFO TestProj.Classes.LogWriter - TIMER: IActivationActions_ActivationKeyInput executed in 0 seconds
2014-11-27 12:51:01,839 [TestRunnerThread] INFO TestProj.Classes.LogWriter - TIMER: IActivationActions_AliasInput executed in 0 seconds
2014-11-27 12:51:01,840 [TestRunnerThread] ERROR TestProj.Classes.LogWriter - TESTCASE:ActivationFormCorrectUserDetails -> CHALLENGE ANSWER is required, but the test does not specify that it needs to be filled out. UPDATE TEST
2014-11-27 12:51:02,020 [TestRunnerThread] INFO TestProj.Classes.LogWriter - TIMER: IActivationActions_ClickNext executed in 0 seconds
2014-11-27 12:51:02,343 [TestRunnerThread] ERROR TestProj.Classes.LogWriter - TESTCASE:VerifyActivationOneTimePinLandingPage -> APPLICATION BUTTONS DO NOT SHOW. TEST CANNOT BE CREATED!
2014-11-27 12:51:07,476 [TestRunnerThread] INFO TestProj.Classes.LogWriter - TIMER: IActivationActions_ValidateOTPStart executed in 5 seconds
2014-11-27 12:53:28,799 [TestRunnerThread] INFO TestProj.Classes.LogWriter - TIMER: IActivationActions_MSISDNInput executed in 0 seconds
2014-11-27 12:53:28,953 [TestRunnerThread] INFO TestProj.Classes.LogWriter - TIMER: IActivationActions_UsernameInput executed in 0 seconds
2014-11-27 12:53:29,055 [TestRunnerThread] INFO TestProj.Classes.LogWriter - TIMER: IActivationActions_ActivationKeyInput executed in 0 seconds
2014-11-27 12:53:29,170 [TestRunnerThread] INFO TestProj.Classes.LogWriter - TIMER: IActivationActions_AliasInput executed in 0 seconds
2014-11-27 12:53:29,171 [TestRunnerThread] ERROR TestProj.Classes.LogWriter - TESTCASE:ActivationFormCorrectUserDetails -> CHALLENGE ANSWER is required, but the test does not specify that it needs to be filled out. UPDATE TEST
2014-11-27 12:53:29,349 [TestRunnerThread] INFO TestProj.Classes.LogWriter - TIMER: IActivationActions_ClickNext executed in 0 seconds
2014-11-27 12:53:29,489 [TestRunnerThread] INFO TestProj.Classes.LogWriter - TIMER: IActivationActions_ValidateOTPStart executed in 0 seconds
2014-11-27 12:53:36,534 [TestRunnerThread] FATAL TestProj.Classes.LogWriter - try
2014-11-27 12:53:36,598 [TestRunnerThread] INFO TestProj.Classes.LogWriter - TIMER: IAccessingApplicationActions_VerifySpecialsExists executed in 0 seconds
2014-11-27 12:54:55,223 [TestRunnerThread] FATAL TestProj.Classes.LogWriter - try
2014-11-27 12:54:55,484 [TestRunnerThread] INFO TestProj.Classes.LogWriter - TIMER: IAccessingApplicationActions_VerifySpecialsExists executed in 1 seconds
2014-11-27 13:02:18,035 [TestRunnerThread] INFO TestProj.Classes.LogWriter - TIMER: IActivationActions_MSISDNInput executed in 0 seconds
2014-11-27 13:02:18,189 [TestRunnerThread] INFO TestProj.Classes.LogWriter - TIMER: IActivationActions_UsernameInput executed in 0 seconds
2014-11-27 13:02:18,290 [TestRunnerThread] INFO TestProj.Classes.LogWriter - TIMER: IActivationActions_ActivationKeyInput executed in 0 seconds
2014-11-27 13:02:18,420 [TestRunnerThread] INFO TestProj.Classes.LogWriter - TIMER: IActivationActions_AliasInput executed in 0 seconds
2014-11-27 13:02:18,572 [TestRunnerThread] INFO TestProj.Classes.LogWriter - TIMER: IActivationActions_ClickNext executed in 0 seconds
2014-11-27 13:02:18,586 [TestRunnerThread] INFO TestProj.Classes.LogWriter - TIMER: IActivationActions_EnterAndVerifyOTPValue executed in 0 seconds
2014-11-27 13:03:09,784 [TestRunnerThread] INFO TestProj.Classes.LogWriter - TIMER: IActivationActions_MSISDNInput executed in 0 seconds
2014-11-27 13:03:09,939 [TestRunnerThread] INFO TestProj.Classes.LogWriter - TIMER: IActivationActions_UsernameInput executed in 0 seconds
2014-11-27 13:03:10,038 [TestRunnerThread] INFO TestProj.Classes.LogWriter - TIMER: IActivationActions_ActivationKeyInput executed in 0 seconds
2014-11-27 13:03:10,153 [TestRunnerThread] INFO TestProj.Classes.LogWriter - TIMER: IActivationActions_AliasInput executed in 0 seconds
2014-11-27 13:03:10,334 [TestRunnerThread] INFO TestProj.Classes.LogWriter - TIMER: IActivationActions_ClickNext executed in 0 seconds
2014-11-27 13:03:10,347 [TestRunnerThread] INFO TestProj.Classes.LogWriter - TIMER: IActivationActions_EnterAndVerifyOTPValue executed in 0 seconds
2014-11-27 13:04:08,939 [TestRunnerThread] INFO TestProj.Classes.LogWriter - TIMER: IActivationActions_MSISDNInput executed in 0 seconds
2014-11-27 13:04:09,101 [TestRunnerThread] INFO TestProj.Classes.LogWriter - TIMER: IActivationActions_UsernameInput executed in 0 seconds
2014-11-27 13:04:09,206 [TestRunnerThread] INFO TestProj.Classes.LogWriter - TIMER: IActivationActions_ActivationKeyInput executed in 0 seconds
2014-11-27 13:04:09,325 [TestRunnerThread] INFO TestProj.Classes.LogWriter - TIMER: IActivationActions_AliasInput executed in 0 seconds
2014-11-27 13:04:09,506 [TestRunnerThread] INFO TestProj.Classes.LogWriter - TIMER: IActivationActions_ClickNext executed in 0 seconds
2014-11-27 13:04:09,539 [TestRunnerThread] INFO TestProj.Classes.LogWriter - TIMER: IActivationActions_EnterAndVerifyOTPValue executed in 0 seconds
2014-11-27 13:05:13,992 [TestRunnerThread] INFO TestProj.Classes.LogWriter - TIMER: IActivationActions_MSISDNInput executed in 0 seconds
2014-11-27 13:05:14,144 [TestRunnerThread] INFO TestProj.Classes.LogWriter - TIMER: IActivationActions_UsernameInput executed in 0 seconds
2014-11-27 13:05:14,242 [TestRunnerThread] INFO TestProj.Classes.LogWriter - TIMER: IActivationActions_ActivationKeyInput executed in 0 seconds
2014-11-27 13:05:14,356 [TestRunnerThread] INFO TestProj.Classes.LogWriter - TIMER: IActivationActions_AliasInput executed in 0 seconds
2014-11-27 13:05:14,535 [TestRunnerThread] INFO TestProj.Classes.LogWriter - TIMER: IActivationActions_ClickNext executed in 0 seconds
2014-11-27 13:05:14,570 [TestRunnerThread] INFO TestProj.Classes.LogWriter - TIMER: IActivationActions_EnterAndVerifyOTPValue executed in 0 seconds
2014-11-27 13:06:05,823 [TestRunnerThread] INFO TestProj.Classes.LogWriter - TIMER: IActivationActions_MSISDNInput executed in 0 seconds
2014-11-27 13:06:05,976 [TestRunnerThread] INFO TestProj.Classes.LogWriter - TIMER: IActivationActions_UsernameInput executed in 0 seconds
2014-11-27 13:06:06,076 [TestRunnerThread] INFO TestProj.Classes.LogWriter - TIMER: IActivationActions_ActivationKeyInput executed in 0 seconds
2014-11-27 13:06:06,191 [TestRunnerThread] INFO TestProj.Classes.LogWriter - TIMER: IActivationActions_AliasInput executed in 0 seconds
2014-11-27 13:06:06,378 [TestRunnerThread] INFO TestProj.Classes.LogWriter - TIMER: IActivationActions_ClickNext executed in 0 seconds
2014-11-27 13:06:08,823 [TestRunnerThread] INFO TestProj.Classes.LogWriter - TIMER: IActivationActions_EnterAndVerifyOTPValue executed in 0 seconds
2014-11-27 13:06:52,554 [TestRunnerThread] INFO TestProj.Classes.LogWriter - TIMER: IActivationActions_MSISDNInput executed in 0 seconds
2014-11-27 13:06:52,708 [TestRunnerThread] INFO TestProj.Classes.LogWriter - TIMER: IActivationActions_UsernameInput executed in 0 seconds
2014-11-27 13:06:52,806 [TestRunnerThread] INFO TestProj.Classes.LogWriter - TIMER: IActivationActions_ActivationKeyInput executed in 0 seconds
2014-11-27 13:06:52,937 [TestRunnerThread] INFO TestProj.Classes.LogWriter - TIMER: IActivationActions_AliasInput executed in 0 seconds
2014-11-27 13:06:53,088 [TestRunnerThread] INFO TestProj.Classes.LogWriter - TIMER: IActivationActions_ClickNext executed in 0 seconds
2014-11-27 13:06:55,292 [TestRunnerThread] INFO TestProj.Classes.LogWriter - TIMER: IActivationActions_EnterAndVerifyOTPValue executed in 0 seconds
2014-11-27 13:06:55,325 [TestRunnerThread] INFO TestProj.Classes.LogWriter - TIMER: IActivationActions_ClickNext executed in 0 seconds
2014-11-27 13:06:55,353 [TestRunnerThread] FATAL TestProj.Classes.LogWriter - try
2014-11-27 13:06:55,378 [TestRunnerThread] INFO TestProj.Classes.LogWriter - TIMER: IAccessingApplicationActions_VerifySpecialsExists executed in 0 seconds
