<?xml version="1.0" encoding="utf-8" standalone="no"?>
<!--This file represents the results of running a test suite-->
<test-results name="C:\Users\bbdnet0518\Documents\GitHub\vodatest\bin\Debug\TestProj.dll" total="2" errors="0" failures="0" not-run="0" inconclusive="0" ignored="0" skipped="0" invalid="0" date="2014-11-24" time="11:50:22">
  <environment nunit-version="2.6.3.13283" clr-version="2.0.50727.8009" os-version="Microsoft Windows NT 6.2.9200.0" platform="Win32NT" cwd="C:\Program Files (x86)\NUnit 2.6.3\bin" machine-name="TONYVDL" user="bbdnet0518" user-domain="BBDNET" />
  <culture-info current-culture="en-ZA" current-uiculture="en-US" />
  <test-suite type="Assembly" name="C:\Users\bbdnet0518\Documents\GitHub\vodatest\bin\Debug\TestProj.dll" executed="True" result="Success" success="True" time="50.687" asserts="0">
    <results>
      <test-suite type="Namespace" name="TestProj" executed="True" result="Success" success="True" time="50.661" asserts="0">
        <results>
          <test-suite type="TestFixture" name="TestRunner" description="Test runner" executed="True" result="Success" success="True" time="50.657" asserts="0">
            <categories>
              <category name="Contains all test classes" />
            </categories>
            <results>
              <test-case name="TestProj.TestRunner.ActivationTests" description="ActivationTests" executed="True" result="Success" success="True" time="4.113" asserts="0">
                <properties>
                  <property name="Repeat" value="1" />
                </properties>
              </test-case>
              <test-case name="TestProj.TestRunner.Go" description="Start" executed="True" result="Success" success="True" time="14.470" asserts="0">
                <properties>
                  <property name="Repeat" value="1" />
                </properties>
              </test-case>
            </results>
          </test-suite>
        </results>
      </test-suite>
    </results>
  </test-suite>
</test-results>